\BOOKMARK [0][-]{chapter.1}{\376\377\0001\000\040\000J\000S\000O\000N\0002\000B\000a\000t\000c\000h}{}% 1
\BOOKMARK [1][-]{section.1.1}{\376\377\0001\000.\0001\000\040\000J\000S\000O\000N\0002\000B\000a\000t\000c\000h}{chapter.1}% 2
\BOOKMARK [0][-]{chapter.2}{\376\377\0002\000\040\000T\000o\000d\000o\000\040\000L\000i\000s\000t}{}% 3
\BOOKMARK [0][-]{chapter.3}{\376\377\0003\000\040\000T\000o\000p\000i\000c\000\040\000I\000n\000d\000e\000x}{}% 4
\BOOKMARK [1][-]{section.3.1}{\376\377\0003\000.\0001\000\040\000T\000o\000p\000i\000c\000s}{chapter.3}% 5
\BOOKMARK [0][-]{chapter.4}{\376\377\0004\000\040\000N\000a\000m\000e\000s\000p\000a\000c\000e\000\040\000I\000n\000d\000e\000x}{}% 6
\BOOKMARK [1][-]{section.4.1}{\376\377\0004\000.\0001\000\040\000N\000a\000m\000e\000s\000p\000a\000c\000e\000\040\000L\000i\000s\000t}{chapter.4}% 7
\BOOKMARK [0][-]{chapter.5}{\376\377\0005\000\040\000H\000i\000e\000r\000a\000r\000c\000h\000i\000c\000a\000l\000\040\000I\000n\000d\000e\000x}{}% 8
\BOOKMARK [1][-]{section.5.1}{\376\377\0005\000.\0001\000\040\000C\000l\000a\000s\000s\000\040\000H\000i\000e\000r\000a\000r\000c\000h\000y}{chapter.5}% 9
\BOOKMARK [0][-]{chapter.6}{\376\377\0006\000\040\000C\000l\000a\000s\000s\000\040\000I\000n\000d\000e\000x}{}% 10
\BOOKMARK [1][-]{section.6.1}{\376\377\0006\000.\0001\000\040\000C\000l\000a\000s\000s\000\040\000L\000i\000s\000t}{chapter.6}% 11
\BOOKMARK [0][-]{chapter.7}{\376\377\0007\000\040\000F\000i\000l\000e\000\040\000I\000n\000d\000e\000x}{}% 12
\BOOKMARK [1][-]{section.7.1}{\376\377\0007\000.\0001\000\040\000F\000i\000l\000e\000\040\000L\000i\000s\000t}{chapter.7}% 13
\BOOKMARK [0][-]{chapter.8}{\376\377\0008\000\040\000T\000o\000p\000i\000c\000\040\000D\000o\000c\000u\000m\000e\000n\000t\000a\000t\000i\000o\000n}{}% 14
\BOOKMARK [1][-]{section.8.1}{\376\377\0008\000.\0001\000\040\000S\000t\000y\000l\000e\000H\000e\000l\000p\000e\000r\000s}{chapter.8}% 15
\BOOKMARK [0][-]{chapter.9}{\376\377\0009\000\040\000N\000a\000m\000e\000s\000p\000a\000c\000e\000\040\000D\000o\000c\000u\000m\000e\000n\000t\000a\000t\000i\000o\000n}{}% 16
\BOOKMARK [1][-]{section.9.1}{\376\377\0009\000.\0001\000\040\000c\000l\000i\000\040\000N\000a\000m\000e\000s\000p\000a\000c\000e\000\040\000R\000e\000f\000e\000r\000e\000n\000c\000e}{chapter.9}% 17
\BOOKMARK [2][-]{subsection.9.1.1}{\376\377\0009\000.\0001\000.\0001\000\040\000D\000e\000t\000a\000i\000l\000e\000d\000\040\000D\000e\000s\000c\000r\000i\000p\000t\000i\000o\000n}{section.9.1}% 18
\BOOKMARK [2][-]{subsection.9.1.2}{\376\377\0009\000.\0001\000.\0002\000\040\000V\000a\000r\000i\000a\000b\000l\000e\000\040\000D\000o\000c\000u\000m\000e\000n\000t\000a\000t\000i\000o\000n}{section.9.1}% 19
\BOOKMARK [3][-]{subsubsection.9.1.2.1}{\376\377\0009\000.\0001\000.\0002\000.\0001\000\040\000o\000p\000t\000i\000o\000n\000s}{subsection.9.1.2}% 20
\BOOKMARK [1][-]{section.9.2}{\376\377\0009\000.\0002\000\040\000c\000o\000n\000f\000i\000g\000\040\000N\000a\000m\000e\000s\000p\000a\000c\000e\000\040\000R\000e\000f\000e\000r\000e\000n\000c\000e}{chapter.9}% 21
\BOOKMARK [2][-]{subsection.9.2.1}{\376\377\0009\000.\0002\000.\0001\000\040\000D\000e\000t\000a\000i\000l\000e\000d\000\040\000D\000e\000s\000c\000r\000i\000p\000t\000i\000o\000n}{section.9.2}% 22
\BOOKMARK [2][-]{subsection.9.2.2}{\376\377\0009\000.\0002\000.\0002\000\040\000V\000a\000r\000i\000a\000b\000l\000e\000\040\000D\000o\000c\000u\000m\000e\000n\000t\000a\000t\000i\000o\000n}{section.9.2}% 23
\BOOKMARK [3][-]{subsubsection.9.2.2.1}{\376\377\0009\000.\0002\000.\0002\000.\0001\000\040\000A\000U\000T\000H\000O\000R\000S}{subsection.9.2.2}% 24
\BOOKMARK [3][-]{subsubsection.9.2.2.2}{\376\377\0009\000.\0002\000.\0002\000.\0002\000\040\000D\000E\000S\000C\000R\000I\000P\000T\000I\000O\000N}{subsection.9.2.2}% 25
\BOOKMARK [3][-]{subsubsection.9.2.2.3}{\376\377\0009\000.\0002\000.\0002\000.\0003\000\040\000E\000X\000E\000C\000U\000T\000A\000B\000L\000E\000\137\000N\000A\000M\000E}{subsection.9.2.2}% 26
\BOOKMARK [3][-]{subsubsection.9.2.2.4}{\376\377\0009\000.\0002\000.\0002\000.\0004\000\040\000H\000O\000M\000E\000P\000A\000G\000E\000\137\000U\000R\000L}{subsection.9.2.2}% 27
\BOOKMARK [3][-]{subsubsection.9.2.2.5}{\376\377\0009\000.\0002\000.\0002\000.\0005\000\040\000L\000O\000G\000\137\000C\000O\000N\000F\000I\000G}{subsection.9.2.2}% 28
\BOOKMARK [3][-]{subsubsection.9.2.2.6}{\376\377\0009\000.\0002\000.\0002\000.\0006\000\040\000M\000A\000J\000O\000R\000\137\000V\000E\000R\000S\000I\000O\000N}{subsection.9.2.2}% 29
\BOOKMARK [3][-]{subsubsection.9.2.2.7}{\376\377\0009\000.\0002\000.\0002\000.\0007\000\040\000M\000I\000N\000O\000R\000\137\000V\000E\000R\000S\000I\000O\000N}{subsection.9.2.2}% 30
\BOOKMARK [3][-]{subsubsection.9.2.2.8}{\376\377\0009\000.\0002\000.\0002\000.\0008\000\040\000P\000A\000T\000C\000H\000\137\000V\000E\000R\000S\000I\000O\000N}{subsection.9.2.2}% 31
\BOOKMARK [3][-]{subsubsection.9.2.2.9}{\376\377\0009\000.\0002\000.\0002\000.\0009\000\040\000P\000R\000O\000J\000E\000C\000T\000\137\000N\000A\000M\000E}{subsection.9.2.2}% 32
\BOOKMARK [1][-]{section.9.3}{\376\377\0009\000.\0003\000\040\000e\000x\000c\000e\000p\000t\000i\000o\000n\000s\000\040\000N\000a\000m\000e\000s\000p\000a\000c\000e\000\040\000R\000e\000f\000e\000r\000e\000n\000c\000e}{chapter.9}% 33
\BOOKMARK [2][-]{subsection.9.3.1}{\376\377\0009\000.\0003\000.\0001\000\040\000D\000e\000t\000a\000i\000l\000e\000d\000\040\000D\000e\000s\000c\000r\000i\000p\000t\000i\000o\000n}{section.9.3}% 34
\BOOKMARK [1][-]{section.9.4}{\376\377\0009\000.\0004\000\040\000p\000a\000r\000s\000i\000n\000g\000\040\000N\000a\000m\000e\000s\000p\000a\000c\000e\000\040\000R\000e\000f\000e\000r\000e\000n\000c\000e}{chapter.9}% 35
\BOOKMARK [2][-]{subsection.9.4.1}{\376\377\0009\000.\0004\000.\0001\000\040\000D\000e\000t\000a\000i\000l\000e\000d\000\040\000D\000e\000s\000c\000r\000i\000p\000t\000i\000o\000n}{section.9.4}% 36
\BOOKMARK [1][-]{section.9.5}{\376\377\0009\000.\0005\000\040\000u\000t\000i\000l\000i\000t\000i\000e\000s\000\040\000N\000a\000m\000e\000s\000p\000a\000c\000e\000\040\000R\000e\000f\000e\000r\000e\000n\000c\000e}{chapter.9}% 37
\BOOKMARK [2][-]{subsection.9.5.1}{\376\377\0009\000.\0005\000.\0001\000\040\000D\000e\000t\000a\000i\000l\000e\000d\000\040\000D\000e\000s\000c\000r\000i\000p\000t\000i\000o\000n}{section.9.5}% 38
\BOOKMARK [0][-]{chapter.10}{\376\377\0001\0000\000\040\000C\000l\000a\000s\000s\000\040\000D\000o\000c\000u\000m\000e\000n\000t\000a\000t\000i\000o\000n}{}% 39
\BOOKMARK [1][-]{section.10.1}{\376\377\0001\0000\000.\0001\000\040\000B\000a\000t\000c\000h\000C\000r\000e\000a\000t\000o\000r\000\040\000C\000l\000a\000s\000s\000\040\000R\000e\000f\000e\000r\000e\000n\000c\000e}{chapter.10}% 40
\BOOKMARK [2][-]{subsection.10.1.1}{\376\377\0001\0000\000.\0001\000.\0001\000\040\000D\000e\000t\000a\000i\000l\000e\000d\000\040\000D\000e\000s\000c\000r\000i\000p\000t\000i\000o\000n}{section.10.1}% 41
\BOOKMARK [2][-]{subsection.10.1.2}{\376\377\0001\0000\000.\0001\000.\0002\000\040\000C\000o\000n\000s\000t\000r\000u\000c\000t\000o\000r\000\040\000\046\000\040\000D\000e\000s\000t\000r\000u\000c\000t\000o\000r\000\040\000D\000o\000c\000u\000m\000e\000n\000t\000a\000t\000i\000o\000n}{section.10.1}% 42
\BOOKMARK [3][-]{subsubsection.10.1.2.1}{\376\377\0001\0000\000.\0001\000.\0002\000.\0001\000\040\000B\000a\000t\000c\000h\000C\000r\000e\000a\000t\000o\000r\000\050\000\051}{subsection.10.1.2}% 43
\BOOKMARK [2][-]{subsection.10.1.3}{\376\377\0001\0000\000.\0001\000.\0003\000\040\000M\000e\000m\000b\000e\000r\000\040\000F\000u\000n\000c\000t\000i\000o\000n\000\040\000D\000o\000c\000u\000m\000e\000n\000t\000a\000t\000i\000o\000n}{section.10.1}% 44
\BOOKMARK [3][-]{subsubsection.10.1.3.1}{\376\377\0001\0000\000.\0001\000.\0003\000.\0001\000\040\000c\000r\000e\000a\000t\000e\000B\000a\000t\000c\000h\000\050\000\051}{subsection.10.1.3}% 45
\BOOKMARK [3][-]{subsubsection.10.1.3.2}{\376\377\0001\0000\000.\0001\000.\0003\000.\0002\000\040\000g\000e\000t\000D\000a\000t\000a\000S\000t\000r\000e\000a\000m\000\050\000\051}{subsection.10.1.3}% 46
\BOOKMARK [3][-]{subsubsection.10.1.3.3}{\376\377\0001\0000\000.\0001\000.\0003\000.\0003\000\040\000w\000r\000i\000t\000e\000A\000p\000p\000\050\000\051}{subsection.10.1.3}% 47
\BOOKMARK [3][-]{subsubsection.10.1.3.4}{\376\377\0001\0000\000.\0001\000.\0003\000.\0004\000\040\000w\000r\000i\000t\000e\000C\000o\000m\000m\000a\000n\000d\000s\000\050\000\051}{subsection.10.1.3}% 48
\BOOKMARK [3][-]{subsubsection.10.1.3.5}{\376\377\0001\0000\000.\0001\000.\0003\000.\0005\000\040\000w\000r\000i\000t\000e\000E\000n\000d\000\050\000\051}{subsection.10.1.3}% 49
\BOOKMARK [3][-]{subsubsection.10.1.3.6}{\376\377\0001\0000\000.\0001\000.\0003\000.\0006\000\040\000w\000r\000i\000t\000e\000E\000n\000v\000V\000a\000r\000i\000a\000b\000l\000e\000s\000\050\000\051}{subsection.10.1.3}% 50
\BOOKMARK [3][-]{subsubsection.10.1.3.7}{\376\377\0001\0000\000.\0001\000.\0003\000.\0007\000\040\000w\000r\000i\000t\000e\000H\000i\000d\000e\000S\000h\000e\000l\000l\000\050\000\051}{subsection.10.1.3}% 51
\BOOKMARK [3][-]{subsubsection.10.1.3.8}{\376\377\0001\0000\000.\0001\000.\0003\000.\0008\000\040\000w\000r\000i\000t\000e\000P\000a\000t\000h\000V\000a\000r\000i\000a\000b\000l\000e\000s\000\050\000\051}{subsection.10.1.3}% 52
\BOOKMARK [3][-]{subsubsection.10.1.3.9}{\376\377\0001\0000\000.\0001\000.\0003\000.\0009\000\040\000w\000r\000i\000t\000e\000S\000t\000a\000r\000t\000\050\000\051}{subsection.10.1.3}% 53
\BOOKMARK [2][-]{subsection.10.1.4}{\376\377\0001\0000\000.\0001\000.\0004\000\040\000M\000e\000m\000b\000e\000r\000\040\000D\000a\000t\000a\000\040\000D\000o\000c\000u\000m\000e\000n\000t\000a\000t\000i\000o\000n}{section.10.1}% 54
\BOOKMARK [3][-]{subsubsection.10.1.4.1}{\376\377\0001\0000\000.\0001\000.\0004\000.\0001\000\040\000d\000a\000t\000a\000S\000t\000r\000e\000a\000m}{subsection.10.1.4}% 55
\BOOKMARK [3][-]{subsubsection.10.1.4.2}{\376\377\0001\0000\000.\0001\000.\0004\000.\0002\000\040\000f\000i\000l\000e\000D\000a\000t\000a}{subsection.10.1.4}% 56
\BOOKMARK [1][-]{section.10.2}{\376\377\0001\0000\000.\0002\000\040\000c\000l\000i\000:\000:\000C\000o\000m\000m\000a\000n\000d\000L\000i\000n\000e\000H\000a\000n\000d\000l\000e\000r\000\040\000C\000l\000a\000s\000s\000\040\000R\000e\000f\000e\000r\000e\000n\000c\000e}{chapter.10}% 57
\BOOKMARK [2][-]{subsection.10.2.1}{\376\377\0001\0000\000.\0002\000.\0001\000\040\000D\000e\000t\000a\000i\000l\000e\000d\000\040\000D\000e\000s\000c\000r\000i\000p\000t\000i\000o\000n}{section.10.2}% 58
\BOOKMARK [2][-]{subsection.10.2.2}{\376\377\0001\0000\000.\0002\000.\0002\000\040\000C\000o\000n\000s\000t\000r\000u\000c\000t\000o\000r\000\040\000\046\000\040\000D\000e\000s\000t\000r\000u\000c\000t\000o\000r\000\040\000D\000o\000c\000u\000m\000e\000n\000t\000a\000t\000i\000o\000n}{section.10.2}% 59
\BOOKMARK [3][-]{subsubsection.10.2.2.1}{\376\377\0001\0000\000.\0002\000.\0002\000.\0001\000\040\000C\000o\000m\000m\000a\000n\000d\000L\000i\000n\000e\000H\000a\000n\000d\000l\000e\000r\000\050\000\051}{subsection.10.2.2}% 60
\BOOKMARK [3][-]{subsubsection.10.2.2.2}{\376\377\0001\0000\000.\0002\000.\0002\000.\0002\000\040\000~\000C\000o\000m\000m\000a\000n\000d\000L\000i\000n\000e\000H\000a\000n\000d\000l\000e\000r\000\050\000\051}{subsection.10.2.2}% 61
\BOOKMARK [2][-]{subsection.10.2.3}{\376\377\0001\0000\000.\0002\000.\0003\000\040\000M\000e\000m\000b\000e\000r\000\040\000F\000u\000n\000c\000t\000i\000o\000n\000\040\000D\000o\000c\000u\000m\000e\000n\000t\000a\000t\000i\000o\000n}{section.10.2}% 62
\BOOKMARK [3][-]{subsubsection.10.2.3.1}{\376\377\0001\0000\000.\0002\000.\0003\000.\0001\000\040\000p\000a\000r\000s\000e\000A\000r\000g\000u\000m\000e\000n\000t\000s\000\050\000\051}{subsection.10.2.3}% 63
\BOOKMARK [3][-]{subsubsection.10.2.3.2}{\376\377\0001\0000\000.\0002\000.\0003\000.\0002\000\040\000p\000r\000i\000n\000t\000C\000r\000e\000d\000i\000t\000s\000\050\000\051}{subsection.10.2.3}% 64
\BOOKMARK [3][-]{subsubsection.10.2.3.3}{\376\377\0001\0000\000.\0002\000.\0003\000.\0003\000\040\000p\000r\000i\000n\000t\000H\000e\000l\000p\000\050\000\051}{subsection.10.2.3}% 65
\BOOKMARK [3][-]{subsubsection.10.2.3.4}{\376\377\0001\0000\000.\0002\000.\0003\000.\0004\000\040\000p\000r\000i\000n\000t\000V\000e\000r\000s\000i\000o\000n\000\050\000\051}{subsection.10.2.3}% 66
\BOOKMARK [1][-]{section.10.3}{\376\377\0001\0000\000.\0003\000\040\000e\000x\000c\000e\000p\000t\000i\000o\000n\000s\000:\000:\000C\000u\000s\000t\000o\000m\000E\000x\000c\000e\000p\000t\000i\000o\000n\000\040\000C\000l\000a\000s\000s\000\040\000R\000e\000f\000e\000r\000e\000n\000c\000e}{chapter.10}% 67
\BOOKMARK [2][-]{subsection.10.3.1}{\376\377\0001\0000\000.\0003\000.\0001\000\040\000D\000e\000t\000a\000i\000l\000e\000d\000\040\000D\000e\000s\000c\000r\000i\000p\000t\000i\000o\000n}{section.10.3}% 68
\BOOKMARK [2][-]{subsection.10.3.2}{\376\377\0001\0000\000.\0003\000.\0002\000\040\000M\000e\000m\000b\000e\000r\000\040\000F\000u\000n\000c\000t\000i\000o\000n\000\040\000D\000o\000c\000u\000m\000e\000n\000t\000a\000t\000i\000o\000n}{section.10.3}% 69
\BOOKMARK [3][-]{subsubsection.10.3.2.1}{\376\377\0001\0000\000.\0003\000.\0002\000.\0001\000\040\000w\000h\000a\000t\000\050\000\051}{subsection.10.3.2}% 70
\BOOKMARK [1][-]{section.10.4}{\376\377\0001\0000\000.\0004\000\040\000e\000x\000c\000e\000p\000t\000i\000o\000n\000s\000:\000:\000F\000a\000i\000l\000e\000d\000T\000o\000O\000p\000e\000n\000F\000i\000l\000e\000E\000x\000c\000e\000p\000t\000i\000o\000n\000\040\000C\000l\000a\000s\000s\000\040\000R\000e\000f\000e\000r\000e\000n\000c\000e}{chapter.10}% 71
\BOOKMARK [2][-]{subsection.10.4.1}{\376\377\0001\0000\000.\0004\000.\0001\000\040\000D\000e\000t\000a\000i\000l\000e\000d\000\040\000D\000e\000s\000c\000r\000i\000p\000t\000i\000o\000n}{section.10.4}% 72
\BOOKMARK [2][-]{subsection.10.4.2}{\376\377\0001\0000\000.\0004\000.\0002\000\040\000C\000o\000n\000s\000t\000r\000u\000c\000t\000o\000r\000\040\000\046\000\040\000D\000e\000s\000t\000r\000u\000c\000t\000o\000r\000\040\000D\000o\000c\000u\000m\000e\000n\000t\000a\000t\000i\000o\000n}{section.10.4}% 73
\BOOKMARK [3][-]{subsubsection.10.4.2.1}{\376\377\0001\0000\000.\0004\000.\0002\000.\0001\000\040\000F\000a\000i\000l\000e\000d\000T\000o\000O\000p\000e\000n\000F\000i\000l\000e\000E\000x\000c\000e\000p\000t\000i\000o\000n\000\050\000\051}{subsection.10.4.2}% 74
\BOOKMARK [2][-]{subsection.10.4.3}{\376\377\0001\0000\000.\0004\000.\0003\000\040\000M\000e\000m\000b\000e\000r\000\040\000F\000u\000n\000c\000t\000i\000o\000n\000\040\000D\000o\000c\000u\000m\000e\000n\000t\000a\000t\000i\000o\000n}{section.10.4}% 75
\BOOKMARK [3][-]{subsubsection.10.4.3.1}{\376\377\0001\0000\000.\0004\000.\0003\000.\0001\000\040\000w\000h\000a\000t\000\050\000\051}{subsection.10.4.3}% 76
\BOOKMARK [2][-]{subsection.10.4.4}{\376\377\0001\0000\000.\0004\000.\0004\000\040\000M\000e\000m\000b\000e\000r\000\040\000D\000a\000t\000a\000\040\000D\000o\000c\000u\000m\000e\000n\000t\000a\000t\000i\000o\000n}{section.10.4}% 77
\BOOKMARK [3][-]{subsubsection.10.4.4.1}{\376\377\0001\0000\000.\0004\000.\0004\000.\0001\000\040\000m\000e\000s\000s\000a\000g\000e}{subsection.10.4.4}% 78
\BOOKMARK [1][-]{section.10.5}{\376\377\0001\0000\000.\0005\000\040\000p\000a\000r\000s\000i\000n\000g\000:\000:\000F\000i\000l\000e\000D\000a\000t\000a\000\040\000C\000l\000a\000s\000s\000\040\000R\000e\000f\000e\000r\000e\000n\000c\000e}{chapter.10}% 79
\BOOKMARK [2][-]{subsection.10.5.1}{\376\377\0001\0000\000.\0005\000.\0001\000\040\000D\000e\000t\000a\000i\000l\000e\000d\000\040\000D\000e\000s\000c\000r\000i\000p\000t\000i\000o\000n}{section.10.5}% 80
\BOOKMARK [2][-]{subsection.10.5.2}{\376\377\0001\0000\000.\0005\000.\0002\000\040\000M\000e\000m\000b\000e\000r\000\040\000F\000u\000n\000c\000t\000i\000o\000n\000\040\000D\000o\000c\000u\000m\000e\000n\000t\000a\000t\000i\000o\000n}{section.10.5}% 81
\BOOKMARK [3][-]{subsubsection.10.5.2.1}{\376\377\0001\0000\000.\0005\000.\0002\000.\0001\000\040\000a\000d\000d\000C\000o\000m\000m\000a\000n\000d\000\050\000\051}{subsection.10.5.2}% 82
\BOOKMARK [3][-]{subsubsection.10.5.2.2}{\376\377\0001\0000\000.\0005\000.\0002\000.\0002\000\040\000a\000d\000d\000E\000n\000v\000i\000r\000o\000n\000m\000e\000n\000t\000V\000a\000r\000i\000a\000b\000l\000e\000\050\000\051}{subsection.10.5.2}% 83
\BOOKMARK [3][-]{subsubsection.10.5.2.3}{\376\377\0001\0000\000.\0005\000.\0002\000.\0003\000\040\000a\000d\000d\000P\000a\000t\000h\000V\000a\000l\000u\000e\000\050\000\051}{subsection.10.5.2}% 84
\BOOKMARK [3][-]{subsubsection.10.5.2.4}{\376\377\0001\0000\000.\0005\000.\0002\000.\0004\000\040\000g\000e\000t\000A\000p\000p\000l\000i\000c\000a\000t\000i\000o\000n\000\050\000\051}{subsection.10.5.2}% 85
\BOOKMARK [3][-]{subsubsection.10.5.2.5}{\376\377\0001\0000\000.\0005\000.\0002\000.\0005\000\040\000g\000e\000t\000C\000o\000m\000m\000a\000n\000d\000s\000\050\000\051}{subsection.10.5.2}% 86
\BOOKMARK [3][-]{subsubsection.10.5.2.6}{\376\377\0001\0000\000.\0005\000.\0002\000.\0006\000\040\000g\000e\000t\000E\000n\000v\000i\000r\000o\000n\000m\000e\000n\000t\000V\000a\000r\000i\000a\000b\000l\000e\000s\000\050\000\051}{subsection.10.5.2}% 87
\BOOKMARK [3][-]{subsubsection.10.5.2.7}{\376\377\0001\0000\000.\0005\000.\0002\000.\0007\000\040\000g\000e\000t\000H\000i\000d\000e\000S\000h\000e\000l\000l\000\050\000\051}{subsection.10.5.2}% 88
\BOOKMARK [3][-]{subsubsection.10.5.2.8}{\376\377\0001\0000\000.\0005\000.\0002\000.\0008\000\040\000g\000e\000t\000O\000u\000t\000p\000u\000t\000F\000i\000l\000e\000\050\000\051}{subsection.10.5.2}% 89
\BOOKMARK [3][-]{subsubsection.10.5.2.9}{\376\377\0001\0000\000.\0005\000.\0002\000.\0009\000\040\000g\000e\000t\000P\000a\000t\000h\000V\000a\000l\000u\000e\000s\000\050\000\051}{subsection.10.5.2}% 90
\BOOKMARK [3][-]{subsubsection.10.5.2.10}{\376\377\0001\0000\000.\0005\000.\0002\000.\0001\0000\000\040\000s\000e\000t\000A\000p\000p\000l\000i\000c\000a\000t\000i\000o\000n\000\050\000\051}{subsection.10.5.2}% 91
\BOOKMARK [3][-]{subsubsection.10.5.2.11}{\376\377\0001\0000\000.\0005\000.\0002\000.\0001\0001\000\040\000s\000e\000t\000H\000i\000d\000e\000S\000h\000e\000l\000l\000\050\000\051}{subsection.10.5.2}% 92
\BOOKMARK [3][-]{subsubsection.10.5.2.12}{\376\377\0001\0000\000.\0005\000.\0002\000.\0001\0002\000\040\000s\000e\000t\000O\000u\000t\000p\000u\000t\000F\000i\000l\000e\000\050\000\051}{subsection.10.5.2}% 93
\BOOKMARK [2][-]{subsection.10.5.3}{\376\377\0001\0000\000.\0005\000.\0003\000\040\000M\000e\000m\000b\000e\000r\000\040\000D\000a\000t\000a\000\040\000D\000o\000c\000u\000m\000e\000n\000t\000a\000t\000i\000o\000n}{section.10.5}% 94
\BOOKMARK [3][-]{subsubsection.10.5.3.1}{\376\377\0001\0000\000.\0005\000.\0003\000.\0001\000\040\000a\000p\000p\000l\000i\000c\000a\000t\000i\000o\000n}{subsection.10.5.3}% 95
\BOOKMARK [3][-]{subsubsection.10.5.3.2}{\376\377\0001\0000\000.\0005\000.\0003\000.\0002\000\040\000c\000o\000m\000m\000a\000n\000d\000s}{subsection.10.5.3}% 96
\BOOKMARK [3][-]{subsubsection.10.5.3.3}{\376\377\0001\0000\000.\0005\000.\0003\000.\0003\000\040\000e\000n\000v\000i\000r\000o\000n\000m\000e\000n\000t\000V\000a\000r\000i\000a\000b\000l\000e\000s}{subsection.10.5.3}% 97
\BOOKMARK [3][-]{subsubsection.10.5.3.4}{\376\377\0001\0000\000.\0005\000.\0003\000.\0004\000\040\000h\000i\000d\000e\000S\000h\000e\000l\000l}{subsection.10.5.3}% 98
\BOOKMARK [3][-]{subsubsection.10.5.3.5}{\376\377\0001\0000\000.\0005\000.\0003\000.\0005\000\040\000o\000u\000t\000p\000u\000t\000f\000i\000l\000e}{subsection.10.5.3}% 99
\BOOKMARK [3][-]{subsubsection.10.5.3.6}{\376\377\0001\0000\000.\0005\000.\0003\000.\0006\000\040\000p\000a\000t\000h\000V\000a\000l\000u\000e\000s}{subsection.10.5.3}% 100
\BOOKMARK [1][-]{section.10.6}{\376\377\0001\0000\000.\0006\000\040\000e\000x\000c\000e\000p\000t\000i\000o\000n\000s\000:\000:\000F\000i\000l\000e\000E\000x\000i\000s\000t\000s\000E\000x\000c\000e\000p\000t\000i\000o\000n\000\040\000C\000l\000a\000s\000s\000\040\000R\000e\000f\000e\000r\000e\000n\000c\000e}{chapter.10}% 101
\BOOKMARK [2][-]{subsection.10.6.1}{\376\377\0001\0000\000.\0006\000.\0001\000\040\000D\000e\000t\000a\000i\000l\000e\000d\000\040\000D\000e\000s\000c\000r\000i\000p\000t\000i\000o\000n}{section.10.6}% 102
\BOOKMARK [2][-]{subsection.10.6.2}{\376\377\0001\0000\000.\0006\000.\0002\000\040\000C\000o\000n\000s\000t\000r\000u\000c\000t\000o\000r\000\040\000\046\000\040\000D\000e\000s\000t\000r\000u\000c\000t\000o\000r\000\040\000D\000o\000c\000u\000m\000e\000n\000t\000a\000t\000i\000o\000n}{section.10.6}% 103
\BOOKMARK [3][-]{subsubsection.10.6.2.1}{\376\377\0001\0000\000.\0006\000.\0002\000.\0001\000\040\000F\000i\000l\000e\000E\000x\000i\000s\000t\000s\000E\000x\000c\000e\000p\000t\000i\000o\000n\000\050\000\051}{subsection.10.6.2}% 104
\BOOKMARK [2][-]{subsection.10.6.3}{\376\377\0001\0000\000.\0006\000.\0003\000\040\000M\000e\000m\000b\000e\000r\000\040\000F\000u\000n\000c\000t\000i\000o\000n\000\040\000D\000o\000c\000u\000m\000e\000n\000t\000a\000t\000i\000o\000n}{section.10.6}% 105
\BOOKMARK [3][-]{subsubsection.10.6.3.1}{\376\377\0001\0000\000.\0006\000.\0003\000.\0001\000\040\000w\000h\000a\000t\000\050\000\051}{subsection.10.6.3}% 106
\BOOKMARK [2][-]{subsection.10.6.4}{\376\377\0001\0000\000.\0006\000.\0004\000\040\000M\000e\000m\000b\000e\000r\000\040\000D\000a\000t\000a\000\040\000D\000o\000c\000u\000m\000e\000n\000t\000a\000t\000i\000o\000n}{section.10.6}% 107
\BOOKMARK [3][-]{subsubsection.10.6.4.1}{\376\377\0001\0000\000.\0006\000.\0004\000.\0001\000\040\000f\000i\000l\000e}{subsection.10.6.4}% 108
\BOOKMARK [3][-]{subsubsection.10.6.4.2}{\376\377\0001\0000\000.\0006\000.\0004\000.\0002\000\040\000m\000e\000s\000s\000a\000g\000e}{subsection.10.6.4}% 109
\BOOKMARK [1][-]{section.10.7}{\376\377\0001\0000\000.\0007\000\040\000e\000x\000c\000e\000p\000t\000i\000o\000n\000s\000:\000:\000I\000n\000v\000a\000l\000i\000d\000K\000e\000y\000E\000x\000c\000e\000p\000t\000i\000o\000n\000\040\000C\000l\000a\000s\000s\000\040\000R\000e\000f\000e\000r\000e\000n\000c\000e}{chapter.10}% 110
\BOOKMARK [2][-]{subsection.10.7.1}{\376\377\0001\0000\000.\0007\000.\0001\000\040\000D\000e\000t\000a\000i\000l\000e\000d\000\040\000D\000e\000s\000c\000r\000i\000p\000t\000i\000o\000n}{section.10.7}% 111
\BOOKMARK [2][-]{subsection.10.7.2}{\376\377\0001\0000\000.\0007\000.\0002\000\040\000C\000o\000n\000s\000t\000r\000u\000c\000t\000o\000r\000\040\000\046\000\040\000D\000e\000s\000t\000r\000u\000c\000t\000o\000r\000\040\000D\000o\000c\000u\000m\000e\000n\000t\000a\000t\000i\000o\000n}{section.10.7}% 112
\BOOKMARK [3][-]{subsubsection.10.7.2.1}{\376\377\0001\0000\000.\0007\000.\0002\000.\0001\000\040\000I\000n\000v\000a\000l\000i\000d\000K\000e\000y\000E\000x\000c\000e\000p\000t\000i\000o\000n\000\050\000\051}{subsection.10.7.2}% 113
\BOOKMARK [2][-]{subsection.10.7.3}{\376\377\0001\0000\000.\0007\000.\0003\000\040\000M\000e\000m\000b\000e\000r\000\040\000F\000u\000n\000c\000t\000i\000o\000n\000\040\000D\000o\000c\000u\000m\000e\000n\000t\000a\000t\000i\000o\000n}{section.10.7}% 114
\BOOKMARK [3][-]{subsubsection.10.7.3.1}{\376\377\0001\0000\000.\0007\000.\0003\000.\0001\000\040\000w\000h\000a\000t\000\050\000\051}{subsection.10.7.3}% 115
\BOOKMARK [2][-]{subsection.10.7.4}{\376\377\0001\0000\000.\0007\000.\0004\000\040\000M\000e\000m\000b\000e\000r\000\040\000D\000a\000t\000a\000\040\000D\000o\000c\000u\000m\000e\000n\000t\000a\000t\000i\000o\000n}{section.10.7}% 116
\BOOKMARK [3][-]{subsubsection.10.7.4.1}{\376\377\0001\0000\000.\0007\000.\0004\000.\0001\000\040\000m\000e\000s\000s\000a\000g\000e}{subsection.10.7.4}% 117
\BOOKMARK [1][-]{section.10.8}{\376\377\0001\0000\000.\0008\000\040\000e\000x\000c\000e\000p\000t\000i\000o\000n\000s\000:\000:\000I\000n\000v\000a\000l\000i\000d\000T\000y\000p\000e\000E\000x\000c\000e\000p\000t\000i\000o\000n\000\040\000C\000l\000a\000s\000s\000\040\000R\000e\000f\000e\000r\000e\000n\000c\000e}{chapter.10}% 118
\BOOKMARK [2][-]{subsection.10.8.1}{\376\377\0001\0000\000.\0008\000.\0001\000\040\000D\000e\000t\000a\000i\000l\000e\000d\000\040\000D\000e\000s\000c\000r\000i\000p\000t\000i\000o\000n}{section.10.8}% 119
\BOOKMARK [2][-]{subsection.10.8.2}{\376\377\0001\0000\000.\0008\000.\0002\000\040\000C\000o\000n\000s\000t\000r\000u\000c\000t\000o\000r\000\040\000\046\000\040\000D\000e\000s\000t\000r\000u\000c\000t\000o\000r\000\040\000D\000o\000c\000u\000m\000e\000n\000t\000a\000t\000i\000o\000n}{section.10.8}% 120
\BOOKMARK [3][-]{subsubsection.10.8.2.1}{\376\377\0001\0000\000.\0008\000.\0002\000.\0001\000\040\000I\000n\000v\000a\000l\000i\000d\000T\000y\000p\000e\000E\000x\000c\000e\000p\000t\000i\000o\000n\000\050\000\051}{subsection.10.8.2}% 121
\BOOKMARK [2][-]{subsection.10.8.3}{\376\377\0001\0000\000.\0008\000.\0003\000\040\000M\000e\000m\000b\000e\000r\000\040\000F\000u\000n\000c\000t\000i\000o\000n\000\040\000D\000o\000c\000u\000m\000e\000n\000t\000a\000t\000i\000o\000n}{section.10.8}% 122
\BOOKMARK [3][-]{subsubsection.10.8.3.1}{\376\377\0001\0000\000.\0008\000.\0003\000.\0001\000\040\000w\000h\000a\000t\000\050\000\051}{subsection.10.8.3}% 123
\BOOKMARK [2][-]{subsection.10.8.4}{\376\377\0001\0000\000.\0008\000.\0004\000\040\000M\000e\000m\000b\000e\000r\000\040\000D\000a\000t\000a\000\040\000D\000o\000c\000u\000m\000e\000n\000t\000a\000t\000i\000o\000n}{section.10.8}% 124
\BOOKMARK [3][-]{subsubsection.10.8.4.1}{\376\377\0001\0000\000.\0008\000.\0004\000.\0001\000\040\000m\000e\000s\000s\000a\000g\000e}{subsection.10.8.4}% 125
\BOOKMARK [3][-]{subsubsection.10.8.4.2}{\376\377\0001\0000\000.\0008\000.\0004\000.\0002\000\040\000t\000y\000p\000e}{subsection.10.8.4}% 126
\BOOKMARK [1][-]{section.10.9}{\376\377\0001\0000\000.\0009\000\040\000e\000x\000c\000e\000p\000t\000i\000o\000n\000s\000:\000:\000I\000n\000v\000a\000l\000i\000d\000V\000a\000l\000u\000e\000E\000x\000c\000e\000p\000t\000i\000o\000n\000\040\000C\000l\000a\000s\000s\000\040\000R\000e\000f\000e\000r\000e\000n\000c\000e}{chapter.10}% 127
\BOOKMARK [2][-]{subsection.10.9.1}{\376\377\0001\0000\000.\0009\000.\0001\000\040\000D\000e\000t\000a\000i\000l\000e\000d\000\040\000D\000e\000s\000c\000r\000i\000p\000t\000i\000o\000n}{section.10.9}% 128
\BOOKMARK [2][-]{subsection.10.9.2}{\376\377\0001\0000\000.\0009\000.\0002\000\040\000C\000o\000n\000s\000t\000r\000u\000c\000t\000o\000r\000\040\000\046\000\040\000D\000e\000s\000t\000r\000u\000c\000t\000o\000r\000\040\000D\000o\000c\000u\000m\000e\000n\000t\000a\000t\000i\000o\000n}{section.10.9}% 129
\BOOKMARK [3][-]{subsubsection.10.9.2.1}{\376\377\0001\0000\000.\0009\000.\0002\000.\0001\000\040\000I\000n\000v\000a\000l\000i\000d\000V\000a\000l\000u\000e\000E\000x\000c\000e\000p\000t\000i\000o\000n\000\050\000\051}{subsection.10.9.2}% 130
\BOOKMARK [2][-]{subsection.10.9.3}{\376\377\0001\0000\000.\0009\000.\0003\000\040\000M\000e\000m\000b\000e\000r\000\040\000F\000u\000n\000c\000t\000i\000o\000n\000\040\000D\000o\000c\000u\000m\000e\000n\000t\000a\000t\000i\000o\000n}{section.10.9}% 131
\BOOKMARK [3][-]{subsubsection.10.9.3.1}{\376\377\0001\0000\000.\0009\000.\0003\000.\0001\000\040\000w\000h\000a\000t\000\050\000\051}{subsection.10.9.3}% 132
\BOOKMARK [2][-]{subsection.10.9.4}{\376\377\0001\0000\000.\0009\000.\0004\000\040\000M\000e\000m\000b\000e\000r\000\040\000D\000a\000t\000a\000\040\000D\000o\000c\000u\000m\000e\000n\000t\000a\000t\000i\000o\000n}{section.10.9}% 133
\BOOKMARK [3][-]{subsubsection.10.9.4.1}{\376\377\0001\0000\000.\0009\000.\0004\000.\0001\000\040\000k\000e\000y}{subsection.10.9.4}% 134
\BOOKMARK [3][-]{subsubsection.10.9.4.2}{\376\377\0001\0000\000.\0009\000.\0004\000.\0002\000\040\000m\000e\000s\000s\000a\000g\000e}{subsection.10.9.4}% 135
\BOOKMARK [1][-]{section.10.10}{\376\377\0001\0000\000.\0001\0000\000\040\000p\000a\000r\000s\000i\000n\000g\000:\000:\000J\000s\000o\000n\000H\000a\000n\000d\000l\000e\000r\000\040\000C\000l\000a\000s\000s\000\040\000R\000e\000f\000e\000r\000e\000n\000c\000e}{chapter.10}% 136
\BOOKMARK [2][-]{subsection.10.10.1}{\376\377\0001\0000\000.\0001\0000\000.\0001\000\040\000D\000e\000t\000a\000i\000l\000e\000d\000\040\000D\000e\000s\000c\000r\000i\000p\000t\000i\000o\000n}{section.10.10}% 137
\BOOKMARK [2][-]{subsection.10.10.2}{\376\377\0001\0000\000.\0001\0000\000.\0002\000\040\000C\000o\000n\000s\000t\000r\000u\000c\000t\000o\000r\000\040\000\046\000\040\000D\000e\000s\000t\000r\000u\000c\000t\000o\000r\000\040\000D\000o\000c\000u\000m\000e\000n\000t\000a\000t\000i\000o\000n}{section.10.10}% 138
\BOOKMARK [3][-]{subsubsection.10.10.2.1}{\376\377\0001\0000\000.\0001\0000\000.\0002\000.\0001\000\040\000J\000s\000o\000n\000H\000a\000n\000d\000l\000e\000r\000\050\000\051\000\040\000[\0001\000/\0002\000]}{subsection.10.10.2}% 139
\BOOKMARK [3][-]{subsubsection.10.10.2.2}{\376\377\0001\0000\000.\0001\0000\000.\0002\000.\0002\000\040\000J\000s\000o\000n\000H\000a\000n\000d\000l\000e\000r\000\050\000\051\000\040\000[\0002\000/\0002\000]}{subsection.10.10.2}% 140
\BOOKMARK [2][-]{subsection.10.10.3}{\376\377\0001\0000\000.\0001\0000\000.\0003\000\040\000M\000e\000m\000b\000e\000r\000\040\000F\000u\000n\000c\000t\000i\000o\000n\000\040\000D\000o\000c\000u\000m\000e\000n\000t\000a\000t\000i\000o\000n}{section.10.10}% 141
\BOOKMARK [3][-]{subsubsection.10.10.3.1}{\376\377\0001\0000\000.\0001\0000\000.\0003\000.\0001\000\040\000a\000s\000s\000i\000g\000n\000A\000p\000p\000l\000i\000c\000a\000t\000i\000o\000n\000\050\000\051}{subsection.10.10.3}% 142
\BOOKMARK [3][-]{subsubsection.10.10.3.2}{\376\377\0001\0000\000.\0001\0000\000.\0003\000.\0002\000\040\000a\000s\000s\000i\000g\000n\000C\000o\000m\000m\000a\000n\000d\000\050\000\051}{subsection.10.10.3}% 143
\BOOKMARK [3][-]{subsubsection.10.10.3.3}{\376\377\0001\0000\000.\0001\0000\000.\0003\000.\0003\000\040\000a\000s\000s\000i\000g\000n\000E\000n\000t\000r\000i\000e\000s\000\050\000\051}{subsection.10.10.3}% 144
\BOOKMARK [3][-]{subsubsection.10.10.3.4}{\376\377\0001\0000\000.\0001\0000\000.\0003\000.\0004\000\040\000a\000s\000s\000i\000g\000n\000E\000n\000v\000i\000r\000o\000n\000m\000e\000n\000t\000V\000a\000r\000i\000a\000b\000l\000e\000\050\000\051}{subsection.10.10.3}% 145
\BOOKMARK [3][-]{subsubsection.10.10.3.5}{\376\377\0001\0000\000.\0001\0000\000.\0003\000.\0005\000\040\000a\000s\000s\000i\000g\000n\000H\000i\000d\000e\000S\000h\000e\000l\000l\000\050\000\051}{subsection.10.10.3}% 146
\BOOKMARK [3][-]{subsubsection.10.10.3.6}{\376\377\0001\0000\000.\0001\0000\000.\0003\000.\0006\000\040\000a\000s\000s\000i\000g\000n\000O\000u\000t\000p\000u\000t\000F\000i\000l\000e\000\050\000\051}{subsection.10.10.3}% 147
\BOOKMARK [3][-]{subsubsection.10.10.3.7}{\376\377\0001\0000\000.\0001\0000\000.\0003\000.\0007\000\040\000a\000s\000s\000i\000g\000n\000P\000a\000t\000h\000V\000a\000l\000u\000e\000\050\000\051}{subsection.10.10.3}% 148
\BOOKMARK [3][-]{subsubsection.10.10.3.8}{\376\377\0001\0000\000.\0001\0000\000.\0003\000.\0008\000\040\000c\000r\000e\000a\000t\000e\000F\000i\000l\000e\000D\000a\000t\000a\000\050\000\051}{subsection.10.10.3}% 149
\BOOKMARK [3][-]{subsubsection.10.10.3.9}{\376\377\0001\0000\000.\0001\0000\000.\0003\000.\0009\000\040\000g\000e\000t\000F\000i\000l\000e\000D\000a\000t\000a\000\050\000\051}{subsection.10.10.3}% 150
\BOOKMARK [3][-]{subsubsection.10.10.3.10}{\376\377\0001\0000\000.\0001\0000\000.\0003\000.\0001\0000\000\040\000p\000a\000r\000s\000e\000F\000i\000l\000e\000\050\000\051}{subsection.10.10.3}% 151
\BOOKMARK [2][-]{subsection.10.10.4}{\376\377\0001\0000\000.\0001\0000\000.\0004\000\040\000M\000e\000m\000b\000e\000r\000\040\000D\000a\000t\000a\000\040\000D\000o\000c\000u\000m\000e\000n\000t\000a\000t\000i\000o\000n}{section.10.10}% 152
\BOOKMARK [3][-]{subsubsection.10.10.4.1}{\376\377\0001\0000\000.\0001\0000\000.\0004\000.\0001\000\040\000d\000a\000t\000a}{subsection.10.10.4}% 153
\BOOKMARK [3][-]{subsubsection.10.10.4.2}{\376\377\0001\0000\000.\0001\0000\000.\0004\000.\0002\000\040\000r\000o\000o\000t}{subsection.10.10.4}% 154
\BOOKMARK [1][-]{section.10.11}{\376\377\0001\0000\000.\0001\0001\000\040\000p\000a\000r\000s\000i\000n\000g\000:\000:\000K\000e\000y\000V\000a\000l\000i\000d\000a\000t\000o\000r\000\040\000C\000l\000a\000s\000s\000\040\000R\000e\000f\000e\000r\000e\000n\000c\000e}{chapter.10}% 155
\BOOKMARK [2][-]{subsection.10.11.1}{\376\377\0001\0000\000.\0001\0001\000.\0001\000\040\000D\000e\000t\000a\000i\000l\000e\000d\000\040\000D\000e\000s\000c\000r\000i\000p\000t\000i\000o\000n}{section.10.11}% 156
\BOOKMARK [2][-]{subsection.10.11.2}{\376\377\0001\0000\000.\0001\0001\000.\0002\000\040\000M\000e\000m\000b\000e\000r\000\040\000F\000u\000n\000c\000t\000i\000o\000n\000\040\000D\000o\000c\000u\000m\000e\000n\000t\000a\000t\000i\000o\000n}{section.10.11}% 157
\BOOKMARK [3][-]{subsubsection.10.11.2.1}{\376\377\0001\0000\000.\0001\0001\000.\0002\000.\0001\000\040\000g\000e\000t\000I\000n\000s\000t\000a\000n\000c\000e\000\050\000\051}{subsection.10.11.2}% 158
\BOOKMARK [3][-]{subsubsection.10.11.2.2}{\376\377\0001\0000\000.\0001\0001\000.\0002\000.\0002\000\040\000g\000e\000t\000U\000n\000k\000n\000o\000w\000n\000K\000e\000y\000L\000i\000n\000e\000\050\000\051}{subsection.10.11.2}% 159
\BOOKMARK [3][-]{subsubsection.10.11.2.3}{\376\377\0001\0000\000.\0001\0001\000.\0002\000.\0003\000\040\000g\000e\000t\000W\000r\000o\000n\000g\000K\000e\000y\000s\000\050\000\051}{subsection.10.11.2}% 160
\BOOKMARK [3][-]{subsubsection.10.11.2.4}{\376\377\0001\0000\000.\0001\0001\000.\0002\000.\0004\000\040\000v\000a\000l\000i\000d\000a\000t\000e\000E\000n\000t\000r\000i\000e\000s\000\050\000\051}{subsection.10.11.2}% 161
\BOOKMARK [3][-]{subsubsection.10.11.2.5}{\376\377\0001\0000\000.\0001\0001\000.\0002\000.\0005\000\040\000v\000a\000l\000i\000d\000a\000t\000e\000K\000e\000y\000s\000\050\000\051}{subsection.10.11.2}% 162
\BOOKMARK [3][-]{subsubsection.10.11.2.6}{\376\377\0001\0000\000.\0001\0001\000.\0002\000.\0006\000\040\000v\000a\000l\000i\000d\000a\000t\000e\000T\000y\000p\000e\000s\000\050\000\051}{subsection.10.11.2}% 163
\BOOKMARK [2][-]{subsection.10.11.3}{\376\377\0001\0000\000.\0001\0001\000.\0003\000\040\000M\000e\000m\000b\000e\000r\000\040\000D\000a\000t\000a\000\040\000D\000o\000c\000u\000m\000e\000n\000t\000a\000t\000i\000o\000n}{section.10.11}% 164
\BOOKMARK [3][-]{subsubsection.10.11.3.1}{\376\377\0001\0000\000.\0001\0001\000.\0003\000.\0001\000\040\000t\000y\000p\000e\000T\000o\000K\000e\000y\000s}{subsection.10.11.3}% 165
\BOOKMARK [3][-]{subsubsection.10.11.3.2}{\376\377\0001\0000\000.\0001\0001\000.\0003\000.\0002\000\040\000v\000a\000l\000i\000d\000E\000n\000t\000r\000y\000K\000e\000y\000s}{subsection.10.11.3}% 166
\BOOKMARK [3][-]{subsubsection.10.11.3.3}{\376\377\0001\0000\000.\0001\0001\000.\0003\000.\0003\000\040\000v\000a\000l\000i\000d\000K\000e\000y\000s}{subsection.10.11.3}% 167
\BOOKMARK [1][-]{section.10.12}{\376\377\0001\0000\000.\0001\0002\000\040\000e\000x\000c\000e\000p\000t\000i\000o\000n\000s\000:\000:\000M\000i\000s\000s\000i\000n\000g\000K\000e\000y\000E\000x\000c\000e\000p\000t\000i\000o\000n\000\040\000C\000l\000a\000s\000s\000\040\000R\000e\000f\000e\000r\000e\000n\000c\000e}{chapter.10}% 168
\BOOKMARK [2][-]{subsection.10.12.1}{\376\377\0001\0000\000.\0001\0002\000.\0001\000\040\000D\000e\000t\000a\000i\000l\000e\000d\000\040\000D\000e\000s\000c\000r\000i\000p\000t\000i\000o\000n}{section.10.12}% 169
\BOOKMARK [2][-]{subsection.10.12.2}{\376\377\0001\0000\000.\0001\0002\000.\0002\000\040\000C\000o\000n\000s\000t\000r\000u\000c\000t\000o\000r\000\040\000\046\000\040\000D\000e\000s\000t\000r\000u\000c\000t\000o\000r\000\040\000D\000o\000c\000u\000m\000e\000n\000t\000a\000t\000i\000o\000n}{section.10.12}% 170
\BOOKMARK [3][-]{subsubsection.10.12.2.1}{\376\377\0001\0000\000.\0001\0002\000.\0002\000.\0001\000\040\000M\000i\000s\000s\000i\000n\000g\000K\000e\000y\000E\000x\000c\000e\000p\000t\000i\000o\000n\000\050\000\051}{subsection.10.12.2}% 171
\BOOKMARK [2][-]{subsection.10.12.3}{\376\377\0001\0000\000.\0001\0002\000.\0003\000\040\000M\000e\000m\000b\000e\000r\000\040\000F\000u\000n\000c\000t\000i\000o\000n\000\040\000D\000o\000c\000u\000m\000e\000n\000t\000a\000t\000i\000o\000n}{section.10.12}% 172
\BOOKMARK [3][-]{subsubsection.10.12.3.1}{\376\377\0001\0000\000.\0001\0002\000.\0003\000.\0001\000\040\000w\000h\000a\000t\000\050\000\051}{subsection.10.12.3}% 173
\BOOKMARK [2][-]{subsection.10.12.4}{\376\377\0001\0000\000.\0001\0002\000.\0004\000\040\000M\000e\000m\000b\000e\000r\000\040\000D\000a\000t\000a\000\040\000D\000o\000c\000u\000m\000e\000n\000t\000a\000t\000i\000o\000n}{section.10.12}% 174
\BOOKMARK [3][-]{subsubsection.10.12.4.1}{\376\377\0001\0000\000.\0001\0002\000.\0004\000.\0001\000\040\000k\000e\000y}{subsection.10.12.4}% 175
\BOOKMARK [3][-]{subsubsection.10.12.4.2}{\376\377\0001\0000\000.\0001\0002\000.\0004\000.\0002\000\040\000m\000e\000s\000s\000a\000g\000e}{subsection.10.12.4}% 176
\BOOKMARK [3][-]{subsubsection.10.12.4.3}{\376\377\0001\0000\000.\0001\0002\000.\0004\000.\0003\000\040\000t\000y\000p\000e}{subsection.10.12.4}% 177
\BOOKMARK [1][-]{section.10.13}{\376\377\0001\0000\000.\0001\0003\000\040\000e\000x\000c\000e\000p\000t\000i\000o\000n\000s\000:\000:\000M\000i\000s\000s\000i\000n\000g\000T\000y\000p\000e\000E\000x\000c\000e\000p\000t\000i\000o\000n\000\040\000C\000l\000a\000s\000s\000\040\000R\000e\000f\000e\000r\000e\000n\000c\000e}{chapter.10}% 178
\BOOKMARK [2][-]{subsection.10.13.1}{\376\377\0001\0000\000.\0001\0003\000.\0001\000\040\000D\000e\000t\000a\000i\000l\000e\000d\000\040\000D\000e\000s\000c\000r\000i\000p\000t\000i\000o\000n}{section.10.13}% 179
\BOOKMARK [2][-]{subsection.10.13.2}{\376\377\0001\0000\000.\0001\0003\000.\0002\000\040\000C\000o\000n\000s\000t\000r\000u\000c\000t\000o\000r\000\040\000\046\000\040\000D\000e\000s\000t\000r\000u\000c\000t\000o\000r\000\040\000D\000o\000c\000u\000m\000e\000n\000t\000a\000t\000i\000o\000n}{section.10.13}% 180
\BOOKMARK [3][-]{subsubsection.10.13.2.1}{\376\377\0001\0000\000.\0001\0003\000.\0002\000.\0001\000\040\000M\000i\000s\000s\000i\000n\000g\000T\000y\000p\000e\000E\000x\000c\000e\000p\000t\000i\000o\000n\000\050\000\051}{subsection.10.13.2}% 181
\BOOKMARK [2][-]{subsection.10.13.3}{\376\377\0001\0000\000.\0001\0003\000.\0003\000\040\000M\000e\000m\000b\000e\000r\000\040\000F\000u\000n\000c\000t\000i\000o\000n\000\040\000D\000o\000c\000u\000m\000e\000n\000t\000a\000t\000i\000o\000n}{section.10.13}% 182
\BOOKMARK [3][-]{subsubsection.10.13.3.1}{\376\377\0001\0000\000.\0001\0003\000.\0003\000.\0001\000\040\000w\000h\000a\000t\000\050\000\051}{subsection.10.13.3}% 183
\BOOKMARK [2][-]{subsection.10.13.4}{\376\377\0001\0000\000.\0001\0003\000.\0004\000\040\000M\000e\000m\000b\000e\000r\000\040\000D\000a\000t\000a\000\040\000D\000o\000c\000u\000m\000e\000n\000t\000a\000t\000i\000o\000n}{section.10.13}% 184
\BOOKMARK [3][-]{subsubsection.10.13.4.1}{\376\377\0001\0000\000.\0001\0003\000.\0004\000.\0001\000\040\000m\000e\000s\000s\000a\000g\000e}{subsection.10.13.4}% 185
\BOOKMARK [1][-]{section.10.14}{\376\377\0001\0000\000.\0001\0004\000\040\000e\000x\000c\000e\000p\000t\000i\000o\000n\000s\000:\000:\000N\000o\000S\000u\000c\000h\000D\000i\000r\000E\000x\000c\000e\000p\000t\000i\000o\000n\000\040\000C\000l\000a\000s\000s\000\040\000R\000e\000f\000e\000r\000e\000n\000c\000e}{chapter.10}% 186
\BOOKMARK [2][-]{subsection.10.14.1}{\376\377\0001\0000\000.\0001\0004\000.\0001\000\040\000D\000e\000t\000a\000i\000l\000e\000d\000\040\000D\000e\000s\000c\000r\000i\000p\000t\000i\000o\000n}{section.10.14}% 187
\BOOKMARK [2][-]{subsection.10.14.2}{\376\377\0001\0000\000.\0001\0004\000.\0002\000\040\000C\000o\000n\000s\000t\000r\000u\000c\000t\000o\000r\000\040\000\046\000\040\000D\000e\000s\000t\000r\000u\000c\000t\000o\000r\000\040\000D\000o\000c\000u\000m\000e\000n\000t\000a\000t\000i\000o\000n}{section.10.14}% 188
\BOOKMARK [3][-]{subsubsection.10.14.2.1}{\376\377\0001\0000\000.\0001\0004\000.\0002\000.\0001\000\040\000N\000o\000S\000u\000c\000h\000D\000i\000r\000E\000x\000c\000e\000p\000t\000i\000o\000n\000\050\000\051}{subsection.10.14.2}% 189
\BOOKMARK [2][-]{subsection.10.14.3}{\376\377\0001\0000\000.\0001\0004\000.\0003\000\040\000M\000e\000m\000b\000e\000r\000\040\000F\000u\000n\000c\000t\000i\000o\000n\000\040\000D\000o\000c\000u\000m\000e\000n\000t\000a\000t\000i\000o\000n}{section.10.14}% 190
\BOOKMARK [3][-]{subsubsection.10.14.3.1}{\376\377\0001\0000\000.\0001\0004\000.\0003\000.\0001\000\040\000w\000h\000a\000t\000\050\000\051}{subsection.10.14.3}% 191
\BOOKMARK [2][-]{subsection.10.14.4}{\376\377\0001\0000\000.\0001\0004\000.\0004\000\040\000M\000e\000m\000b\000e\000r\000\040\000D\000a\000t\000a\000\040\000D\000o\000c\000u\000m\000e\000n\000t\000a\000t\000i\000o\000n}{section.10.14}% 192
\BOOKMARK [3][-]{subsubsection.10.14.4.1}{\376\377\0001\0000\000.\0001\0004\000.\0004\000.\0001\000\040\000m\000e\000s\000s\000a\000g\000e}{subsection.10.14.4}% 193
\BOOKMARK [1][-]{section.10.15}{\376\377\0001\0000\000.\0001\0005\000\040\000o\000p\000t\000i\000o\000n\000s\000\040\000S\000t\000r\000u\000c\000t\000\040\000R\000e\000f\000e\000r\000e\000n\000c\000e}{chapter.10}% 194
\BOOKMARK [2][-]{subsection.10.15.1}{\376\377\0001\0000\000.\0001\0005\000.\0001\000\040\000D\000e\000t\000a\000i\000l\000e\000d\000\040\000D\000e\000s\000c\000r\000i\000p\000t\000i\000o\000n}{section.10.15}% 195
\BOOKMARK [1][-]{section.10.16}{\376\377\0001\0000\000.\0001\0006\000\040\000e\000x\000c\000e\000p\000t\000i\000o\000n\000s\000:\000:\000P\000a\000r\000s\000i\000n\000g\000E\000x\000c\000e\000p\000t\000i\000o\000n\000\040\000C\000l\000a\000s\000s\000\040\000R\000e\000f\000e\000r\000e\000n\000c\000e}{chapter.10}% 196
\BOOKMARK [2][-]{subsection.10.16.1}{\376\377\0001\0000\000.\0001\0006\000.\0001\000\040\000D\000e\000t\000a\000i\000l\000e\000d\000\040\000D\000e\000s\000c\000r\000i\000p\000t\000i\000o\000n}{section.10.16}% 197
\BOOKMARK [2][-]{subsection.10.16.2}{\376\377\0001\0000\000.\0001\0006\000.\0002\000\040\000C\000o\000n\000s\000t\000r\000u\000c\000t\000o\000r\000\040\000\046\000\040\000D\000e\000s\000t\000r\000u\000c\000t\000o\000r\000\040\000D\000o\000c\000u\000m\000e\000n\000t\000a\000t\000i\000o\000n}{section.10.16}% 198
\BOOKMARK [3][-]{subsubsection.10.16.2.1}{\376\377\0001\0000\000.\0001\0006\000.\0002\000.\0001\000\040\000P\000a\000r\000s\000i\000n\000g\000E\000x\000c\000e\000p\000t\000i\000o\000n\000\050\000\051}{subsection.10.16.2}% 199
\BOOKMARK [2][-]{subsection.10.16.3}{\376\377\0001\0000\000.\0001\0006\000.\0003\000\040\000M\000e\000m\000b\000e\000r\000\040\000F\000u\000n\000c\000t\000i\000o\000n\000\040\000D\000o\000c\000u\000m\000e\000n\000t\000a\000t\000i\000o\000n}{section.10.16}% 200
\BOOKMARK [3][-]{subsubsection.10.16.3.1}{\376\377\0001\0000\000.\0001\0006\000.\0003\000.\0001\000\040\000w\000h\000a\000t\000\050\000\051}{subsection.10.16.3}% 201
\BOOKMARK [2][-]{subsection.10.16.4}{\376\377\0001\0000\000.\0001\0006\000.\0004\000\040\000M\000e\000m\000b\000e\000r\000\040\000D\000a\000t\000a\000\040\000D\000o\000c\000u\000m\000e\000n\000t\000a\000t\000i\000o\000n}{section.10.16}% 202
\BOOKMARK [3][-]{subsubsection.10.16.4.1}{\376\377\0001\0000\000.\0001\0006\000.\0004\000.\0001\000\040\000f\000i\000l\000e}{subsection.10.16.4}% 203
\BOOKMARK [3][-]{subsubsection.10.16.4.2}{\376\377\0001\0000\000.\0001\0006\000.\0004\000.\0002\000\040\000m\000e\000s\000s\000a\000g\000e}{subsection.10.16.4}% 204
\BOOKMARK [1][-]{section.10.17}{\376\377\0001\0000\000.\0001\0007\000\040\000e\000x\000c\000e\000p\000t\000i\000o\000n\000s\000:\000:\000U\000n\000r\000e\000a\000c\000h\000a\000b\000l\000e\000C\000o\000d\000e\000E\000x\000c\000e\000p\000t\000i\000o\000n\000\040\000C\000l\000a\000s\000s\000\040\000R\000e\000f\000e\000r\000e\000n\000c\000e}{chapter.10}% 205
\BOOKMARK [2][-]{subsection.10.17.1}{\376\377\0001\0000\000.\0001\0007\000.\0001\000\040\000D\000e\000t\000a\000i\000l\000e\000d\000\040\000D\000e\000s\000c\000r\000i\000p\000t\000i\000o\000n}{section.10.17}% 206
\BOOKMARK [2][-]{subsection.10.17.2}{\376\377\0001\0000\000.\0001\0007\000.\0002\000\040\000C\000o\000n\000s\000t\000r\000u\000c\000t\000o\000r\000\040\000\046\000\040\000D\000e\000s\000t\000r\000u\000c\000t\000o\000r\000\040\000D\000o\000c\000u\000m\000e\000n\000t\000a\000t\000i\000o\000n}{section.10.17}% 207
\BOOKMARK [3][-]{subsubsection.10.17.2.1}{\376\377\0001\0000\000.\0001\0007\000.\0002\000.\0001\000\040\000U\000n\000r\000e\000a\000c\000h\000a\000b\000l\000e\000C\000o\000d\000e\000E\000x\000c\000e\000p\000t\000i\000o\000n\000\050\000\051}{subsection.10.17.2}% 208
\BOOKMARK [2][-]{subsection.10.17.3}{\376\377\0001\0000\000.\0001\0007\000.\0003\000\040\000M\000e\000m\000b\000e\000r\000\040\000F\000u\000n\000c\000t\000i\000o\000n\000\040\000D\000o\000c\000u\000m\000e\000n\000t\000a\000t\000i\000o\000n}{section.10.17}% 209
\BOOKMARK [3][-]{subsubsection.10.17.3.1}{\376\377\0001\0000\000.\0001\0007\000.\0003\000.\0001\000\040\000w\000h\000a\000t\000\050\000\051}{subsection.10.17.3}% 210
\BOOKMARK [2][-]{subsection.10.17.4}{\376\377\0001\0000\000.\0001\0007\000.\0004\000\040\000M\000e\000m\000b\000e\000r\000\040\000D\000a\000t\000a\000\040\000D\000o\000c\000u\000m\000e\000n\000t\000a\000t\000i\000o\000n}{section.10.17}% 211
\BOOKMARK [3][-]{subsubsection.10.17.4.1}{\376\377\0001\0000\000.\0001\0007\000.\0004\000.\0001\000\040\000m\000e\000s\000s\000a\000g\000e}{subsection.10.17.4}% 212
\BOOKMARK [1][-]{section.10.18}{\376\377\0001\0000\000.\0001\0008\000\040\000u\000t\000i\000l\000i\000t\000i\000e\000s\000:\000:\000U\000t\000i\000l\000s\000\040\000C\000l\000a\000s\000s\000\040\000R\000e\000f\000e\000r\000e\000n\000c\000e}{chapter.10}% 213
\BOOKMARK [2][-]{subsection.10.18.1}{\376\377\0001\0000\000.\0001\0008\000.\0001\000\040\000D\000e\000t\000a\000i\000l\000e\000d\000\040\000D\000e\000s\000c\000r\000i\000p\000t\000i\000o\000n}{section.10.18}% 214
\BOOKMARK [2][-]{subsection.10.18.2}{\376\377\0001\0000\000.\0001\0008\000.\0002\000\040\000M\000e\000m\000b\000e\000r\000\040\000F\000u\000n\000c\000t\000i\000o\000n\000\040\000D\000o\000c\000u\000m\000e\000n\000t\000a\000t\000i\000o\000n}{section.10.18}% 215
\BOOKMARK [3][-]{subsubsection.10.18.2.1}{\376\377\0001\0000\000.\0001\0008\000.\0002\000.\0001\000\040\000a\000s\000k\000T\000o\000C\000o\000n\000t\000i\000n\000u\000e\000\050\000\051}{subsection.10.18.2}% 216
\BOOKMARK [3][-]{subsubsection.10.18.2.2}{\376\377\0001\0000\000.\0001\0008\000.\0002\000.\0002\000\040\000c\000h\000e\000c\000k\000C\000o\000n\000f\000i\000g\000F\000i\000l\000e\000\050\000\051}{subsection.10.18.2}% 217
\BOOKMARK [3][-]{subsubsection.10.18.2.3}{\376\377\0001\0000\000.\0001\0008\000.\0002\000.\0003\000\040\000c\000h\000e\000c\000k\000D\000i\000r\000e\000c\000t\000o\000r\000y\000\050\000\051}{subsection.10.18.2}% 218
\BOOKMARK [3][-]{subsubsection.10.18.2.4}{\376\377\0001\0000\000.\0001\0008\000.\0002\000.\0004\000\040\000h\000a\000n\000d\000l\000e\000P\000a\000r\000s\000e\000E\000x\000c\000e\000p\000t\000i\000o\000n\000\050\000\051}{subsection.10.18.2}% 219
\BOOKMARK [3][-]{subsubsection.10.18.2.5}{\376\377\0001\0000\000.\0001\0008\000.\0002\000.\0005\000\040\000s\000e\000t\000u\000p\000E\000a\000s\000y\000L\000o\000g\000g\000i\000n\000g\000\050\000\051}{subsection.10.18.2}% 220
\BOOKMARK [0][-]{chapter.11}{\376\377\0001\0001\000\040\000F\000i\000l\000e\000\040\000D\000o\000c\000u\000m\000e\000n\000t\000a\000t\000i\000o\000n}{}% 221
\BOOKMARK [1][-]{section.11.1}{\376\377\0001\0001\000.\0001\000\040\000R\000E\000A\000D\000M\000E\000.\000m\000d\000\040\000F\000i\000l\000e\000\040\000R\000e\000f\000e\000r\000e\000n\000c\000e}{chapter.11}% 222
\BOOKMARK [1][-]{section.11.2}{\376\377\0001\0001\000.\0002\000\040\000s\000r\000c\000/\000i\000n\000c\000l\000u\000d\000e\000/\000B\000a\000t\000c\000h\000C\000r\000e\000a\000t\000o\000r\000.\000h\000p\000p\000\040\000F\000i\000l\000e\000\040\000R\000e\000f\000e\000r\000e\000n\000c\000e}{chapter.11}% 223
\BOOKMARK [2][-]{subsection.11.2.1}{\376\377\0001\0001\000.\0002\000.\0001\000\040\000D\000e\000t\000a\000i\000l\000e\000d\000\040\000D\000e\000s\000c\000r\000i\000p\000t\000i\000o\000n}{section.11.2}% 224
\BOOKMARK [1][-]{section.11.3}{\376\377\0001\0001\000.\0003\000\040\000B\000a\000t\000c\000h\000C\000r\000e\000a\000t\000o\000r\000.\000h\000p\000p}{chapter.11}% 225
\BOOKMARK [1][-]{section.11.4}{\376\377\0001\0001\000.\0004\000\040\000s\000r\000c\000/\000i\000n\000c\000l\000u\000d\000e\000/\000C\000o\000m\000m\000a\000n\000d\000L\000i\000n\000e\000H\000a\000n\000d\000l\000e\000r\000.\000h\000p\000p\000\040\000F\000i\000l\000e\000\040\000R\000e\000f\000e\000r\000e\000n\000c\000e}{chapter.11}% 226
\BOOKMARK [2][-]{subsection.11.4.1}{\376\377\0001\0001\000.\0004\000.\0001\000\040\000D\000e\000t\000a\000i\000l\000e\000d\000\040\000D\000e\000s\000c\000r\000i\000p\000t\000i\000o\000n}{section.11.4}% 227
\BOOKMARK [1][-]{section.11.5}{\376\377\0001\0001\000.\0005\000\040\000C\000o\000m\000m\000a\000n\000d\000L\000i\000n\000e\000H\000a\000n\000d\000l\000e\000r\000.\000h\000p\000p}{chapter.11}% 228
\BOOKMARK [1][-]{section.11.6}{\376\377\0001\0001\000.\0006\000\040\000s\000r\000c\000/\000i\000n\000c\000l\000u\000d\000e\000/\000c\000o\000n\000f\000i\000g\000.\000h\000p\000p\000\040\000F\000i\000l\000e\000\040\000R\000e\000f\000e\000r\000e\000n\000c\000e}{chapter.11}% 229
\BOOKMARK [2][-]{subsection.11.6.1}{\376\377\0001\0001\000.\0006\000.\0001\000\040\000D\000e\000t\000a\000i\000l\000e\000d\000\040\000D\000e\000s\000c\000r\000i\000p\000t\000i\000o\000n}{section.11.6}% 230
\BOOKMARK [1][-]{section.11.7}{\376\377\0001\0001\000.\0007\000\040\000c\000o\000n\000f\000i\000g\000.\000h\000p\000p}{chapter.11}% 231
\BOOKMARK [1][-]{section.11.8}{\376\377\0001\0001\000.\0008\000\040\000s\000r\000c\000/\000i\000n\000c\000l\000u\000d\000e\000/\000E\000x\000c\000e\000p\000t\000i\000o\000n\000s\000.\000h\000p\000p\000\040\000F\000i\000l\000e\000\040\000R\000e\000f\000e\000r\000e\000n\000c\000e}{chapter.11}% 232
\BOOKMARK [2][-]{subsection.11.8.1}{\376\377\0001\0001\000.\0008\000.\0001\000\040\000D\000e\000t\000a\000i\000l\000e\000d\000\040\000D\000e\000s\000c\000r\000i\000p\000t\000i\000o\000n}{section.11.8}% 233
\BOOKMARK [1][-]{section.11.9}{\376\377\0001\0001\000.\0009\000\040\000E\000x\000c\000e\000p\000t\000i\000o\000n\000s\000.\000h\000p\000p}{chapter.11}% 234
\BOOKMARK [1][-]{section.11.10}{\376\377\0001\0001\000.\0001\0000\000\040\000s\000r\000c\000/\000i\000n\000c\000l\000u\000d\000e\000/\000F\000i\000l\000e\000D\000a\000t\000a\000.\000h\000p\000p\000\040\000F\000i\000l\000e\000\040\000R\000e\000f\000e\000r\000e\000n\000c\000e}{chapter.11}% 235
\BOOKMARK [2][-]{subsection.11.10.1}{\376\377\0001\0001\000.\0001\0000\000.\0001\000\040\000D\000e\000t\000a\000i\000l\000e\000d\000\040\000D\000e\000s\000c\000r\000i\000p\000t\000i\000o\000n}{section.11.10}% 236
\BOOKMARK [1][-]{section.11.11}{\376\377\0001\0001\000.\0001\0001\000\040\000F\000i\000l\000e\000D\000a\000t\000a\000.\000h\000p\000p}{chapter.11}% 237
\BOOKMARK [1][-]{section.11.12}{\376\377\0001\0001\000.\0001\0002\000\040\000s\000r\000c\000/\000i\000n\000c\000l\000u\000d\000e\000/\000J\000s\000o\000n\000H\000a\000n\000d\000l\000e\000r\000.\000h\000p\000p\000\040\000F\000i\000l\000e\000\040\000R\000e\000f\000e\000r\000e\000n\000c\000e}{chapter.11}% 238
\BOOKMARK [2][-]{subsection.11.12.1}{\376\377\0001\0001\000.\0001\0002\000.\0001\000\040\000D\000e\000t\000a\000i\000l\000e\000d\000\040\000D\000e\000s\000c\000r\000i\000p\000t\000i\000o\000n}{section.11.12}% 239
\BOOKMARK [1][-]{section.11.13}{\376\377\0001\0001\000.\0001\0003\000\040\000J\000s\000o\000n\000H\000a\000n\000d\000l\000e\000r\000.\000h\000p\000p}{chapter.11}% 240
\BOOKMARK [1][-]{section.11.14}{\376\377\0001\0001\000.\0001\0004\000\040\000s\000r\000c\000/\000i\000n\000c\000l\000u\000d\000e\000/\000K\000e\000y\000V\000a\000l\000i\000d\000a\000t\000o\000r\000.\000h\000p\000p\000\040\000F\000i\000l\000e\000\040\000R\000e\000f\000e\000r\000e\000n\000c\000e}{chapter.11}% 241
\BOOKMARK [2][-]{subsection.11.14.1}{\376\377\0001\0001\000.\0001\0004\000.\0001\000\040\000D\000e\000t\000a\000i\000l\000e\000d\000\040\000D\000e\000s\000c\000r\000i\000p\000t\000i\000o\000n}{section.11.14}% 242
\BOOKMARK [1][-]{section.11.15}{\376\377\0001\0001\000.\0001\0005\000\040\000K\000e\000y\000V\000a\000l\000i\000d\000a\000t\000o\000r\000.\000h\000p\000p}{chapter.11}% 243
\BOOKMARK [1][-]{section.11.16}{\376\377\0001\0001\000.\0001\0006\000\040\000s\000r\000c\000/\000i\000n\000c\000l\000u\000d\000e\000/\000U\000t\000i\000l\000s\000.\000h\000p\000p\000\040\000F\000i\000l\000e\000\040\000R\000e\000f\000e\000r\000e\000n\000c\000e}{chapter.11}% 244
\BOOKMARK [1][-]{section.11.17}{\376\377\0001\0001\000.\0001\0007\000\040\000U\000t\000i\000l\000s\000.\000h\000p\000p}{chapter.11}% 245
\BOOKMARK [1][-]{section.11.18}{\376\377\0001\0001\000.\0001\0008\000\040\000s\000r\000c\000/\000m\000a\000i\000n\000.\000c\000p\000p\000\040\000F\000i\000l\000e\000\040\000R\000e\000f\000e\000r\000e\000n\000c\000e}{chapter.11}% 246
\BOOKMARK [2][-]{subsection.11.18.1}{\376\377\0001\0001\000.\0001\0008\000.\0001\000\040\000D\000e\000t\000a\000i\000l\000e\000d\000\040\000D\000e\000s\000c\000r\000i\000p\000t\000i\000o\000n}{section.11.18}% 247
\BOOKMARK [2][-]{subsection.11.18.2}{\376\377\0001\0001\000.\0001\0008\000.\0002\000\040\000F\000u\000n\000c\000t\000i\000o\000n\000\040\000D\000o\000c\000u\000m\000e\000n\000t\000a\000t\000i\000o\000n}{section.11.18}% 248
\BOOKMARK [3][-]{subsubsection.11.18.2.1}{\376\377\0001\0001\000.\0001\0008\000.\0002\000.\0001\000\040\000m\000a\000i\000n\000\050\000\051}{subsection.11.18.2}% 249
\BOOKMARK [3][-]{subsubsection.11.18.2.2}{\376\377\0001\0001\000.\0001\0008\000.\0002\000.\0002\000\040\000p\000a\000r\000s\000e\000A\000n\000d\000V\000a\000l\000i\000d\000a\000t\000e\000A\000r\000g\000s\000\050\000\051}{subsection.11.18.2}% 250
\BOOKMARK [3][-]{subsubsection.11.18.2.3}{\376\377\0001\0001\000.\0001\0008\000.\0002\000.\0003\000\040\000p\000a\000r\000s\000e\000F\000i\000l\000e\000\050\000\051}{subsection.11.18.2}% 251
\BOOKMARK [3][-]{subsubsection.11.18.2.4}{\376\377\0001\0001\000.\0001\0008\000.\0002\000.\0004\000\040\000v\000a\000l\000i\000d\000a\000t\000e\000F\000i\000l\000e\000s\000\050\000\051}{subsection.11.18.2}% 252
\BOOKMARK [1][-]{section.11.19}{\376\377\0001\0001\000.\0001\0009\000\040\000m\000a\000i\000n\000.\000c\000p\000p}{chapter.11}% 253
\BOOKMARK [1][-]{section.11.20}{\376\377\0001\0001\000.\0002\0000\000\040\000s\000r\000c\000/\000s\000o\000u\000r\000c\000e\000s\000/\000B\000a\000t\000c\000h\000C\000r\000e\000a\000t\000o\000r\000.\000c\000p\000p\000\040\000F\000i\000l\000e\000\040\000R\000e\000f\000e\000r\000e\000n\000c\000e}{chapter.11}% 254
\BOOKMARK [2][-]{subsection.11.20.1}{\376\377\0001\0001\000.\0002\0000\000.\0001\000\040\000D\000e\000t\000a\000i\000l\000e\000d\000\040\000D\000e\000s\000c\000r\000i\000p\000t\000i\000o\000n}{section.11.20}% 255
\BOOKMARK [1][-]{section.11.21}{\376\377\0001\0001\000.\0002\0001\000\040\000B\000a\000t\000c\000h\000C\000r\000e\000a\000t\000o\000r\000.\000c\000p\000p}{chapter.11}% 256
\BOOKMARK [1][-]{section.11.22}{\376\377\0001\0001\000.\0002\0002\000\040\000s\000r\000c\000/\000s\000o\000u\000r\000c\000e\000s\000/\000C\000o\000m\000m\000a\000n\000d\000L\000i\000n\000e\000H\000a\000n\000d\000l\000e\000r\000.\000c\000p\000p\000\040\000F\000i\000l\000e\000\040\000R\000e\000f\000e\000r\000e\000n\000c\000e}{chapter.11}% 257
\BOOKMARK [2][-]{subsection.11.22.1}{\376\377\0001\0001\000.\0002\0002\000.\0001\000\040\000D\000e\000t\000a\000i\000l\000e\000d\000\040\000D\000e\000s\000c\000r\000i\000p\000t\000i\000o\000n}{section.11.22}% 258
\BOOKMARK [1][-]{section.11.23}{\376\377\0001\0001\000.\0002\0003\000\040\000C\000o\000m\000m\000a\000n\000d\000L\000i\000n\000e\000H\000a\000n\000d\000l\000e\000r\000.\000c\000p\000p}{chapter.11}% 259
\BOOKMARK [1][-]{section.11.24}{\376\377\0001\0001\000.\0002\0004\000\040\000s\000r\000c\000/\000s\000o\000u\000r\000c\000e\000s\000/\000F\000i\000l\000e\000D\000a\000t\000a\000.\000c\000p\000p\000\040\000F\000i\000l\000e\000\040\000R\000e\000f\000e\000r\000e\000n\000c\000e}{chapter.11}% 260
\BOOKMARK [2][-]{subsection.11.24.1}{\376\377\0001\0001\000.\0002\0004\000.\0001\000\040\000D\000e\000t\000a\000i\000l\000e\000d\000\040\000D\000e\000s\000c\000r\000i\000p\000t\000i\000o\000n}{section.11.24}% 261
\BOOKMARK [1][-]{section.11.25}{\376\377\0001\0001\000.\0002\0005\000\040\000F\000i\000l\000e\000D\000a\000t\000a\000.\000c\000p\000p}{chapter.11}% 262
\BOOKMARK [1][-]{section.11.26}{\376\377\0001\0001\000.\0002\0006\000\040\000s\000r\000c\000/\000s\000o\000u\000r\000c\000e\000s\000/\000J\000s\000o\000n\000H\000a\000n\000d\000l\000e\000r\000.\000c\000p\000p\000\040\000F\000i\000l\000e\000\040\000R\000e\000f\000e\000r\000e\000n\000c\000e}{chapter.11}% 263
\BOOKMARK [2][-]{subsection.11.26.1}{\376\377\0001\0001\000.\0002\0006\000.\0001\000\040\000D\000e\000t\000a\000i\000l\000e\000d\000\040\000D\000e\000s\000c\000r\000i\000p\000t\000i\000o\000n}{section.11.26}% 264
\BOOKMARK [1][-]{section.11.27}{\376\377\0001\0001\000.\0002\0007\000\040\000J\000s\000o\000n\000H\000a\000n\000d\000l\000e\000r\000.\000c\000p\000p}{chapter.11}% 265
\BOOKMARK [1][-]{section.11.28}{\376\377\0001\0001\000.\0002\0008\000\040\000s\000r\000c\000/\000s\000o\000u\000r\000c\000e\000s\000/\000K\000e\000y\000V\000a\000l\000i\000d\000a\000t\000o\000r\000.\000c\000p\000p\000\040\000F\000i\000l\000e\000\040\000R\000e\000f\000e\000r\000e\000n\000c\000e}{chapter.11}% 266
\BOOKMARK [2][-]{subsection.11.28.1}{\376\377\0001\0001\000.\0002\0008\000.\0001\000\040\000D\000e\000t\000a\000i\000l\000e\000d\000\040\000D\000e\000s\000c\000r\000i\000p\000t\000i\000o\000n}{section.11.28}% 267
\BOOKMARK [1][-]{section.11.29}{\376\377\0001\0001\000.\0002\0009\000\040\000K\000e\000y\000V\000a\000l\000i\000d\000a\000t\000o\000r\000.\000c\000p\000p}{chapter.11}% 268
\BOOKMARK [1][-]{section.11.30}{\376\377\0001\0001\000.\0003\0000\000\040\000s\000r\000c\000/\000s\000o\000u\000r\000c\000e\000s\000/\000U\000t\000i\000l\000s\000.\000c\000p\000p\000\040\000F\000i\000l\000e\000\040\000R\000e\000f\000e\000r\000e\000n\000c\000e}{chapter.11}% 269
\BOOKMARK [2][-]{subsection.11.30.1}{\376\377\0001\0001\000.\0003\0000\000.\0001\000\040\000D\000e\000t\000a\000i\000l\000e\000d\000\040\000D\000e\000s\000c\000r\000i\000p\000t\000i\000o\000n}{section.11.30}% 270
\BOOKMARK [1][-]{section.11.31}{\376\377\0001\0001\000.\0003\0001\000\040\000U\000t\000i\000l\000s\000.\000c\000p\000p}{chapter.11}% 271
\BOOKMARK [0][-]{section*.175}{\376\377\000I\000n\000d\000e\000x}{}% 272
