This is pdfTeX, Version 3.141592653-2.6-1.40.25 (TeX Live 2023/Alpine Linux) (preloaded format=pdflatex 2024.4.26)  26 APR 2024 13:59
entering extended mode
 restricted \write18 enabled.
 %&-line parsing enabled.
**refman
(./refman.tex
LaTeX2e <2022-11-01> patch level 1
L3 programming layer <2023-02-22>
(/usr/share/texmf-dist/tex/latex/base/book.cls
Document Class: book 2022/07/02 v1.4n Standard LaTeX document class
(/usr/share/texmf-dist/tex/latex/base/bk10.clo
File: bk10.clo 2022/07/02 v1.4n Standard LaTeX file (size option)
)
\c@part=\count185
\c@chapter=\count186
\c@section=\count187
\c@subsection=\count188
\c@subsubsection=\count189
\c@paragraph=\count190
\c@subparagraph=\count191
\c@figure=\count192
\c@table=\count193
\abovecaptionskip=\skip48
\belowcaptionskip=\skip49
\bibindent=\dimen140
)
(/usr/share/texmf-dist/tex/latex/base/ifthen.sty
Package: ifthen 2022/04/13 v1.1d Standard LaTeX ifthen package (DPC)
)
(/usr/share/texmf-dist/tex/latex/tools/array.sty
Rollback for package 'array' requested -> date 2016-10-06.
         Best approximation is the release introduced on 2016-10-06.

(/usr/share/texmf-dist/tex/latex/tools/array-2016-10-06.sty
Package: array 2016/10/06 v2.4d Tabular extension package (FMi)
\col@sep=\dimen141
\extrarowheight=\dimen142
\NC@list=\toks16
\extratabsurround=\skip50
\backup@length=\skip51
))
(/usr/share/texmf-dist/tex/generic/infwarerr/infwarerr.sty
package info suppressed
) (./doxygen.sty
Package: doxygen 

(/usr/share/texmf-dist/tex/latex/base/alltt.sty
Package: alltt 2021/01/29 v2.0g defines alltt environment
)
(/usr/share/texmf-dist/tex/latex/tools/calc.sty
Package: calc 2017/05/25 v4.3 Infix arithmetic (KKT,FJ)
\calc@Acount=\count194
\calc@Bcount=\count195
\calc@Adimen=\dimen143
\calc@Bdimen=\dimen144
\calc@Askip=\skip52
\calc@Bskip=\skip53
LaTeX Info: Redefining \setlength on input line 80.
LaTeX Info: Redefining \addtolength on input line 81.
\calc@Ccount=\count196
\calc@Cskip=\skip54
)
(/usr/share/texmf-dist/tex/latex/float/float.sty
Package: float 2001/11/08 v1.3d Float enhancements (AL)
\c@float@type=\count197
\float@exts=\toks17
\float@box=\box51
\@float@everytoks=\toks18
\@floatcapt=\box52
)
(/usr/share/texmf-dist/tex/latex/tools/verbatim.sty
Package: verbatim 2022-07-02 v1.5u LaTeX2e package for verbatim enhancements
\every@verbatim=\toks19
\verbatim@line=\toks20
\verbatim@in@stream=\read2
)
(/usr/share/texmf-dist/tex/latex/xcolor/xcolor.sty
Package: xcolor 2022/06/12 v2.14 LaTeX color extensions (UK)

(/usr/share/texmf-dist/tex/latex/graphics-cfg/color.cfg
File: color.cfg 2016/01/02 v1.6 sample color configuration
)
Package xcolor Info: Driver file: pdftex.def on input line 227.

(/usr/share/texmf-dist/tex/latex/graphics-def/pdftex.def
File: pdftex.def 2022/09/22 v1.2b Graphics/color driver for pdftex
)
(/usr/share/texmf-dist/tex/latex/colortbl/colortbl.sty
Package: colortbl 2022/06/20 v1.0f Color table columns (DPC)
\everycr=\toks21
\minrowclearance=\skip55
\rownum=\count198
)
(/usr/share/texmf-dist/tex/latex/graphics/mathcolor.ltx)
Package xcolor Info: Model `cmy' substituted by `cmy0' on input line 1353.
Package xcolor Info: Model `hsb' substituted by `rgb' on input line 1357.
Package xcolor Info: Model `RGB' extended on input line 1369.
Package xcolor Info: Model `HTML' substituted by `rgb' on input line 1371.
Package xcolor Info: Model `Hsb' substituted by `hsb' on input line 1372.
Package xcolor Info: Model `tHsb' substituted by `hsb' on input line 1373.
Package xcolor Info: Model `HSB' substituted by `hsb' on input line 1374.
Package xcolor Info: Model `Gray' substituted by `gray' on input line 1375.
Package xcolor Info: Model `wave' substituted by `hsb' on input line 1376.
)
(./longtable_doxygen.sty
Package: longtable_doxygen 2014/10/28 v4.11 Multi-page Table package (DPC) - fr
ozen version for doxygen
\LTleft=\skip56
\LTright=\skip57
\LTpre=\skip58
\LTpost=\skip59
\LTchunksize=\count199
\LTcapwidth=\dimen145
\LT@head=\box53
\LT@firsthead=\box54
\LT@foot=\box55
\LT@lastfoot=\box56
\LT@cols=\count266
\LT@rows=\count267
\c@LT@tables=\count268
\c@LT@chunks=\count269
\LT@p@ftn=\toks22
) (./tabu_doxygen.sty
Package: tabu_doxygen 2011/02/26 v2.8 - flexible LaTeX tabulars (FC), frozen ve
rsion for doxygen

(/usr/share/texmf-dist/tex/latex/varwidth/varwidth.sty
Package: varwidth 2009/03/30 ver 0.92;  Variable-width minipages
\@vwid@box=\box57
\sift@deathcycles=\count270
\@vwid@loff=\dimen146
\@vwid@roff=\dimen147
)
\c@taburow=\count271
\tabu@nbcols=\count272
\tabu@cnt=\count273
\tabu@Xcol=\count274
\tabu@alloc=\count275
\tabu@nested=\count276
\tabu@target=\dimen148
\tabu@spreadtarget=\dimen149
\tabu@naturalX=\dimen150
\tabucolX=\dimen151
\tabu@Xsum=\dimen152
\extrarowdepth=\dimen153
\abovetabulinesep=\dimen154
\belowtabulinesep=\dimen155
\tabustrutrule=\dimen156
\tabu@thebody=\toks23
\tabu@footnotes=\toks24
\tabu@box=\box58
\tabu@arstrutbox=\box59
\tabu@hleads=\box60
\tabu@vleads=\box61
\tabu@cellskip=\skip60
)
(/usr/share/texmf-dist/tex/latex/fancyvrb/fancyvrb.sty
Package: fancyvrb 2023/01/19 4.5a verbatim text (tvz,hv)

(/usr/share/texmf-dist/tex/latex/graphics/keyval.sty
Package: keyval 2022/05/29 v1.15 key=value parser (DPC)
\KV@toks@=\toks25
)
\FV@CodeLineNo=\count277
\FV@InFile=\read3
\FV@TabBox=\box62
\c@FancyVerbLine=\count278
\FV@StepNumber=\count279
\FV@OutFile=\write3
)
(/usr/share/texmf-dist/tex/latex/tools/tabularx.sty
Package: tabularx 2020/01/15 v2.11c `tabularx' package (DPC)
\TX@col@width=\dimen157
\TX@old@table=\dimen158
\TX@old@col=\dimen159
\TX@target=\dimen160
\TX@delta=\dimen161
\TX@cols=\count280
\TX@ftn=\toks26
)
(/usr/share/texmf-dist/tex/latex/tools/multicol.sty
Package: multicol 2021/11/30 v1.9d multicolumn formatting (FMi)
\c@tracingmulticols=\count281
\mult@box=\box63
\multicol@leftmargin=\dimen162
\c@unbalance=\count282
\c@collectmore=\count283
\doublecol@number=\count284
\multicoltolerance=\count285
\multicolpretolerance=\count286
\full@width=\dimen163
\page@free=\dimen164
\premulticols=\dimen165
\postmulticols=\dimen166
\multicolsep=\skip61
\multicolbaselineskip=\skip62
\partial@page=\box64
\last@line=\box65
\maxbalancingoverflow=\dimen167
\mult@rightbox=\box66
\mult@grightbox=\box67
\mult@firstbox=\box68
\mult@gfirstbox=\box69
\@tempa=\box70
\@tempa=\box71
\@tempa=\box72
\@tempa=\box73
\@tempa=\box74
\@tempa=\box75
\@tempa=\box76
\@tempa=\box77
\@tempa=\box78
\@tempa=\box79
\@tempa=\box80
\@tempa=\box81
\@tempa=\box82
\@tempa=\box83
\@tempa=\box84
\@tempa=\box85
\@tempa=\box86
\@tempa=\box87
\@tempa=\box88
\@tempa=\box89
\@tempa=\box90
\@tempa=\box91
\@tempa=\box92
\@tempa=\box93
\@tempa=\box94
\@tempa=\box95
\@tempa=\box96
\@tempa=\box97
\@tempa=\box98
\@tempa=\box99
\@tempa=\box100
\@tempa=\box101
\@tempa=\box102
\@tempa=\box103
\@tempa=\box104
\@tempa=\box105
\c@minrows=\count287
\c@columnbadness=\count288
\c@finalcolumnbadness=\count289
\last@try=\dimen168
\multicolovershoot=\dimen169
\multicolundershoot=\dimen170
\mult@nat@firstbox=\box106
\colbreak@box=\box107
\mc@col@check@num=\count290
)
(/usr/share/texmf-dist/tex/latex/multirow/multirow.sty
Package: multirow 2021/03/15 v2.8 Span multiple rows of a table
\multirow@colwidth=\skip63
\multirow@cntb=\count291
\multirow@dima=\skip64
\bigstrutjot=\dimen171
)
(/usr/share/texmf-dist/tex/latex/hanging/hanging.sty
Package: hanging 2009/09/02 v1.2b hanging paragraphs and punctuation
\h@ngcommawd=\skip65
\h@ngfstopwd=\skip66
\h@ngquotewd=\skip67
\h@ngdquotewd=\skip68
\h@ngquerywd=\skip69
\h@ngexclwd=\skip70
\h@ngcolonwd=\skip71
\h@ngscolonwd=\skip72
)
(/usr/share/texmf-dist/tex/generic/iftex/ifpdf.sty
Package: ifpdf 2019/10/25 v3.4 ifpdf legacy package. Use iftex instead.

(/usr/share/texmf-dist/tex/generic/iftex/iftex.sty
Package: iftex 2022/02/03 v1.0f TeX engine tests
))
(/usr/share/texmf-dist/tex/latex/adjustbox/adjustbox.sty
Package: adjustbox 2022/10/17 v1.3a Adjusting TeX boxes (trim, clip, ...)

(/usr/share/texmf-dist/tex/latex/xkeyval/xkeyval.sty
Package: xkeyval 2022/06/16 v2.9 package option processing (HA)

(/usr/share/texmf-dist/tex/generic/xkeyval/xkeyval.tex
(/usr/share/texmf-dist/tex/generic/xkeyval/xkvutils.tex
\XKV@toks=\toks27
\XKV@tempa@toks=\toks28
)
\XKV@depth=\count292
File: xkeyval.tex 2014/12/03 v2.7a key=value parser (HA)
))
(/usr/share/texmf-dist/tex/latex/adjustbox/adjcalc.sty
Package: adjcalc 2012/05/16 v1.1 Provides advanced setlength with multiple back
-ends (calc, etex, pgfmath)
)
(/usr/share/texmf-dist/tex/latex/adjustbox/trimclip.sty
Package: trimclip 2020/08/19 v1.2 Trim and clip general TeX material

(/usr/share/texmf-dist/tex/latex/graphics/graphicx.sty
Package: graphicx 2021/09/16 v1.2d Enhanced LaTeX Graphics (DPC,SPQR)

(/usr/share/texmf-dist/tex/latex/graphics/graphics.sty
Package: graphics 2022/03/10 v1.4e Standard LaTeX Graphics (DPC,SPQR)

(/usr/share/texmf-dist/tex/latex/graphics/trig.sty
Package: trig 2021/08/11 v1.11 sin cos tan (DPC)
)
(/usr/share/texmf-dist/tex/latex/graphics-cfg/graphics.cfg
File: graphics.cfg 2016/06/04 v1.11 sample graphics configuration
)
Package graphics Info: Driver file: pdftex.def on input line 107.
)
\Gin@req@height=\dimen172
\Gin@req@width=\dimen173
)
(/usr/share/texmf-dist/tex/latex/collectbox/collectbox.sty
Package: collectbox 2022/10/17 v0.4c Collect macro arguments as boxes
\collectedbox=\box108
)
\tc@llx=\dimen174
\tc@lly=\dimen175
\tc@urx=\dimen176
\tc@ury=\dimen177
Package trimclip Info: Using driver 'tc-pdftex.def'.

(/usr/share/texmf-dist/tex/latex/adjustbox/tc-pdftex.def
File: tc-pdftex.def 2019/01/04 v2.2 Clipping driver for pdftex
))
\adjbox@Width=\dimen178
\adjbox@Height=\dimen179
\adjbox@Depth=\dimen180
\adjbox@Totalheight=\dimen181
\adjbox@pwidth=\dimen182
\adjbox@pheight=\dimen183
\adjbox@pdepth=\dimen184
\adjbox@ptotalheight=\dimen185

(/usr/share/texmf-dist/tex/latex/ifoddpage/ifoddpage.sty
Package: ifoddpage 2022/10/18 v1.2 Conditionals for odd/even page detection
\c@checkoddpage=\count293
))
(/usr/share/texmf-dist/tex/latex/amsfonts/amssymb.sty
Package: amssymb 2013/01/14 v3.01 AMS font symbols

(/usr/share/texmf-dist/tex/latex/amsfonts/amsfonts.sty
Package: amsfonts 2013/01/14 v3.01 Basic AMSFonts support
\@emptytoks=\toks29
\symAMSa=\mathgroup4
\symAMSb=\mathgroup5
LaTeX Font Info:    Redeclaring math symbol \hbar on input line 98.
LaTeX Font Info:    Overwriting math alphabet `\mathfrak' in version `bold'
(Font)                  U/euf/m/n --> U/euf/b/n on input line 106.
))
(/usr/share/texmf-dist/tex/latex/stackengine/stackengine.sty
Package: stackengine 2021/07/22 v4.11\ Stacking text and objects in convenient 
ways

(/usr/share/texmf-dist/tex/latex/etoolbox/etoolbox.sty
Package: etoolbox 2020/10/05 v2.5k e-TeX tools for LaTeX (JAW)
\etb@tempcnta=\count294
)
(/usr/share/texmf-dist/tex/generic/listofitems/listofitems.sty
(/usr/share/texmf-dist/tex/generic/listofitems/listofitems.tex
\loi_cnt_foreach_nest=\count295
\loi_nestcnt=\count296
)
Package: listofitems 2019/08/21 v1.63 Grab items in lists using user-specified 
sep char (CT)
)
\c@@stackindex=\count297
\@boxshift=\skip73
\stack@tmplength=\skip74
\temp@stkl=\skip75
\@stackedboxwidth=\skip76
\@addedbox=\box109
\@anchorbox=\box110
\@insetbox=\box111
\se@backgroundbox=\box112
\stackedbox=\box113
\@centerbox=\box114
\c@ROWcellindex@=\count298
)
(/usr/share/texmf-dist/tex/latex/enumitem/enumitem.sty
Package: enumitem 2019/06/20 v3.9 Customized lists
\labelindent=\skip77
\enit@outerparindent=\dimen186
\enit@toks=\toks30
\enit@inbox=\box115
\enit@count@id=\count299
\enitdp@description=\count300
)
(/usr/share/texmf-dist/tex/generic/alphalph/alphalph.sty
Package: alphalph 2019/12/09 v2.6 Convert numbers to letters (HO)

(/usr/share/texmf-dist/tex/generic/intcalc/intcalc.sty
Package: intcalc 2019/12/15 v1.3 Expandable calculations with integers (HO)
))
(/usr/share/texmf-dist/tex/generic/ulem/ulem.sty
\UL@box=\box116
\UL@hyphenbox=\box117
\UL@skip=\skip78
\UL@hook=\toks31
\UL@height=\dimen187
\UL@pe=\count301
\UL@pixel=\dimen188
\ULC@box=\box118
Package: ulem 2019/11/18
\ULdepth=\dimen189
)
\xrefbox=\box119
\xreflength=\skip79
\CodeWidthChar=\skip80
\CodeHeightChar=\skip81
\DoxyCodeWidth=\skip82
\c@DoxyEnumeratei=\count302
\c@DoxyEnumerateii=\count303
\c@DoxyEnumerateiii=\count304
\c@DoxyEnumerateiv=\count305
\c@DoxyEnumeratev=\count306
\c@DoxyEnumeratevi=\count307
\c@DoxyEnumeratevii=\count308
\c@DoxyEnumerateviii=\count309
\c@DoxyEnumerateix=\count310
\c@DoxyEnumeratex=\count311
\c@DoxyEnumeratexi=\count312
\c@DoxyEnumeratexii=\count313
\enitdp@DoxyEnumerate=\count314
\enitdp@DoxyItemize=\count315
\c@subsubsubsection=\count316
\c@subsubsubsubsection=\count317
\c@subsubsubsubsubsection=\count318
\c@subsubsubsubsubsubsection=\count319
)
(/usr/share/texmf-dist/tex/latex/base/inputenc.sty
Package: inputenc 2021/02/14 v1.3d Input encoding file
\inpenc@prehook=\toks32
\inpenc@posthook=\toks33
)
(/usr/share/texmf-dist/tex/latex/base/makeidx.sty
Package: makeidx 2021/10/04 v1.0m Standard LaTeX package
)
(/usr/share/texmf-dist/tex/latex/base/textcomp.sty
Package: textcomp 2020/02/02 v2.0n Standard LaTeX package
)
(/usr/share/texmf-dist/tex/latex/wasysym/wasysym.sty
Package: wasysym 2020/01/19 v2.4 Wasy-2 symbol support package
\symwasy=\mathgroup6
LaTeX Font Info:    Overwriting symbol font `wasy' in version `bold'
(Font)                  U/wasy/m/n --> U/wasy/b/n on input line 93.
)
(/usr/share/texmf-dist/tex/generic/iftex/ifxetex.sty
Package: ifxetex 2019/10/25 v0.7 ifxetex legacy package. Use iftex instead.
)
(/usr/share/texmf-dist/tex/latex/base/fontenc.sty
Package: fontenc 2021/04/29 v2.0v Standard LaTeX package
)
(/usr/share/texmf-dist/tex/latex/psnfss/helvet.sty
Package: helvet 2020/03/25 PSNFSS-v9.3 (WaS) 
)
(/usr/share/texmf-dist/tex/latex/psnfss/courier.sty
Package: courier 2020/03/25 PSNFSS-v9.3 (WaS) 
)
(/usr/share/texmf-dist/tex/latex/geometry/geometry.sty
Package: geometry 2020/01/02 v5.9 Page Geometry

(/usr/share/texmf-dist/tex/generic/iftex/ifvtex.sty
Package: ifvtex 2019/10/25 v1.7 ifvtex legacy package. Use iftex instead.
)
\Gm@cnth=\count320
\Gm@cntv=\count321
\c@Gm@tempcnt=\count322
\Gm@bindingoffset=\dimen190
\Gm@wd@mp=\dimen191
\Gm@odd@mp=\dimen192
\Gm@even@mp=\dimen193
\Gm@layoutwidth=\dimen194
\Gm@layoutheight=\dimen195
\Gm@layouthoffset=\dimen196
\Gm@layoutvoffset=\dimen197
\Gm@dimlist=\toks34
)
(/usr/share/texmf-dist/tex/latex/changepage/changepage.sty
Package: changepage 2009/10/20 v1.0c check page and change page layout
\c@cp@cntr=\count323
\cp@tempcnt=\count324
LaTeX Info: Redefining \checkoddpage on input line 59.
)
(/usr/share/texmf-dist/tex/latex/fancyhdr/fancyhdr.sty
Package: fancyhdr 2022/11/09 v4.1 Extensive control of page headers and footers

\f@nch@headwidth=\skip83
\f@nch@O@elh=\skip84
\f@nch@O@erh=\skip85
\f@nch@O@olh=\skip86
\f@nch@O@orh=\skip87
\f@nch@O@elf=\skip88
\f@nch@O@erf=\skip89
\f@nch@O@olf=\skip90
\f@nch@O@orf=\skip91
)
(/usr/share/texmf-dist/tex/latex/natbib/natbib.sty
Package: natbib 2010/09/13 8.31b (PWD, AO)
\bibhang=\skip92
\bibsep=\skip93
LaTeX Info: Redefining \cite on input line 694.
\c@NAT@ctr=\count325
)
(/usr/share/texmf-dist/tex/latex/tocloft/tocloft.sty
Package: tocloft 2017/08/31 v2.3i parameterised ToC, etc., typesetting
Package tocloft Info: The document has chapter divisions on input line 51.
\cftparskip=\skip94
\cftbeforetoctitleskip=\skip95
\cftaftertoctitleskip=\skip96
\cftbeforepartskip=\skip97
\cftpartnumwidth=\skip98
\cftpartindent=\skip99
\cftbeforechapskip=\skip100
\cftchapindent=\skip101
\cftchapnumwidth=\skip102
\cftbeforesecskip=\skip103
\cftsecindent=\skip104
\cftsecnumwidth=\skip105
\cftbeforesubsecskip=\skip106
\cftsubsecindent=\skip107
\cftsubsecnumwidth=\skip108
\cftbeforesubsubsecskip=\skip109
\cftsubsubsecindent=\skip110
\cftsubsubsecnumwidth=\skip111
\cftbeforeparaskip=\skip112
\cftparaindent=\skip113
\cftparanumwidth=\skip114
\cftbeforesubparaskip=\skip115
\cftsubparaindent=\skip116
\cftsubparanumwidth=\skip117
\cftbeforeloftitleskip=\skip118
\cftafterloftitleskip=\skip119
\cftbeforefigskip=\skip120
\cftfigindent=\skip121
\cftfignumwidth=\skip122
\c@lofdepth=\count326
\c@lotdepth=\count327
\cftbeforelottitleskip=\skip123
\cftafterlottitleskip=\skip124
\cftbeforetabskip=\skip125
\cfttabindent=\skip126
\cfttabnumwidth=\skip127
)
\@indexfile=\write4
\openout4 = `refman.idx'.


Writing index file refman.idx
(/usr/share/texmf-dist/tex/latex/newunicodechar/newunicodechar.sty
Package: newunicodechar 2018/04/08 v1.2 Defining Unicode characters
)
(/usr/share/texmf-dist/tex/latex/hyperref/hyperref.sty
Package: hyperref 2023-02-07 v7.00v Hypertext links for LaTeX

(/usr/share/texmf-dist/tex/generic/ltxcmds/ltxcmds.sty
Package: ltxcmds 2020-05-10 v1.25 LaTeX kernel commands for general use (HO)
)
(/usr/share/texmf-dist/tex/generic/pdftexcmds/pdftexcmds.sty
Package: pdftexcmds 2020-06-27 v0.33 Utility functions of pdfTeX for LuaTeX (HO
)
Package pdftexcmds Info: \pdf@primitive is available.
Package pdftexcmds Info: \pdf@ifprimitive is available.
Package pdftexcmds Info: \pdfdraftmode found.
)
(/usr/share/texmf-dist/tex/latex/kvsetkeys/kvsetkeys.sty
Package: kvsetkeys 2022-10-05 v1.19 Key value parser (HO)
)
(/usr/share/texmf-dist/tex/generic/kvdefinekeys/kvdefinekeys.sty
Package: kvdefinekeys 2019-12-19 v1.6 Define keys (HO)
)
(/usr/share/texmf-dist/tex/generic/pdfescape/pdfescape.sty
Package: pdfescape 2019/12/09 v1.15 Implements pdfTeX's escape features (HO)
)
(/usr/share/texmf-dist/tex/latex/hycolor/hycolor.sty
Package: hycolor 2020-01-27 v1.10 Color options for hyperref/bookmark (HO)
)
(/usr/share/texmf-dist/tex/latex/letltxmacro/letltxmacro.sty
Package: letltxmacro 2019/12/03 v1.6 Let assignment for LaTeX macros (HO)
)
(/usr/share/texmf-dist/tex/latex/auxhook/auxhook.sty
Package: auxhook 2019-12-17 v1.6 Hooks for auxiliary files (HO)
)
(/usr/share/texmf-dist/tex/latex/hyperref/nameref.sty
Package: nameref 2022-05-17 v2.50 Cross-referencing by name of section

(/usr/share/texmf-dist/tex/latex/refcount/refcount.sty
Package: refcount 2019/12/15 v3.6 Data extraction from label references (HO)
)
(/usr/share/texmf-dist/tex/generic/gettitlestring/gettitlestring.sty
Package: gettitlestring 2019/12/15 v1.6 Cleanup title references (HO)

(/usr/share/texmf-dist/tex/latex/kvoptions/kvoptions.sty
Package: kvoptions 2022-06-15 v3.15 Key value format for package options (HO)
))
\c@section@level=\count328
)
\@linkdim=\dimen198
\Hy@linkcounter=\count329
\Hy@pagecounter=\count330

(/usr/share/texmf-dist/tex/latex/hyperref/pd1enc.def
File: pd1enc.def 2023-02-07 v7.00v Hyperref: PDFDocEncoding definition (HO)
Now handling font encoding PD1 ...
... no UTF-8 mapping file for font encoding PD1
)
(/usr/share/texmf-dist/tex/generic/etexcmds/etexcmds.sty
Package: etexcmds 2019/12/15 v1.7 Avoid name clashes with e-TeX commands (HO)
)
\Hy@SavedSpaceFactor=\count331

(/usr/share/texmf-dist/tex/latex/hyperref/puenc.def
File: puenc.def 2023-02-07 v7.00v Hyperref: PDF Unicode definition (HO)
Now handling font encoding PU ...
... no UTF-8 mapping file for font encoding PU
)
Package hyperref Info: Hyper figures OFF on input line 4177.
Package hyperref Info: Link nesting OFF on input line 4182.
Package hyperref Info: Hyper index ON on input line 4185.
Package hyperref Info: Plain pages OFF on input line 4192.
Package hyperref Info: Backreferencing ON on input line 4195.
Package hyperref Info: Implicit mode ON; LaTeX internals redefined.
Package hyperref Info: Bookmarks ON on input line 4425.

(/usr/share/texmf-dist/tex/latex/hyperref/backref.sty
Package: backref 2021/02/04 v1.41 Bibliographical back referencing

(/usr/share/texmf-dist/tex/latex/rerunfilecheck/rerunfilecheck.sty
Package: rerunfilecheck 2022-07-10 v1.10 Rerun checks for auxiliary files (HO)

(/usr/share/texmf-dist/tex/latex/base/atveryend-ltx.sty
Package: atveryend-ltx 2020/08/19 v1.0a Emulation of the original atveryend pac
kage
with kernel methods
)
(/usr/share/texmf-dist/tex/generic/uniquecounter/uniquecounter.sty
Package: uniquecounter 2019/12/15 v1.4 Provide unlimited unique counter (HO)

(/usr/share/texmf-dist/tex/generic/bigintcalc/bigintcalc.sty
Package: bigintcalc 2019/12/15 v1.5 Expandable calculations on big integers (HO
)
))
Package uniquecounter Info: New unique counter `rerunfilecheck' on input line 2
85.
))
\c@Hy@tempcnt=\count332

(/usr/share/texmf-dist/tex/latex/url/url.sty
\Urlmuskip=\muskip16
Package: url 2013/09/16  ver 3.4  Verb mode for urls, etc.
)
LaTeX Info: Redefining \url on input line 4763.
\XeTeXLinkMargin=\dimen199

(/usr/share/texmf-dist/tex/generic/bitset/bitset.sty
Package: bitset 2019/12/09 v1.3 Handle bit-vector datatype (HO)
)
\Fld@menulength=\count333
\Field@Width=\dimen256
\Fld@charsize=\dimen257
Package hyperref Info: Hyper figures OFF on input line 6042.
Package hyperref Info: Link nesting OFF on input line 6047.
Package hyperref Info: Hyper index ON on input line 6050.
Package hyperref Info: backreferencing ON on input line 6055.
Package hyperref Info: Link coloring OFF on input line 6062.
Package hyperref Info: Link coloring with OCG OFF on input line 6067.
Package hyperref Info: PDF/A mode OFF on input line 6072.

(/usr/share/texmf-dist/tex/latex/base/atbegshi-ltx.sty
Package: atbegshi-ltx 2021/01/10 v1.0c Emulation of the original atbegshi
package with kernel methods
)
\Hy@abspage=\count334
\c@Item=\count335
\c@Hfootnote=\count336
)
Package hyperref Info: Driver: hpdftex.

(/usr/share/texmf-dist/tex/latex/hyperref/hpdftex.def
File: hpdftex.def 2023-02-07 v7.00v Hyperref driver for pdfTeX
\Fld@listcount=\count337
\c@bookmark@seq@number=\count338
\Hy@SectionHShift=\skip128
)
Package hyperref Info: Option `colorlinks' set `true' on input line 161.
Package hyperref Info: Option `unicode' set `true' on input line 161.

(/usr/share/texmf-dist/tex/latex/caption/caption.sty
Package: caption 2023/03/12 v3.6j Customizing captions (AR)

(/usr/share/texmf-dist/tex/latex/caption/caption3.sty
Package: caption3 2023/03/12 v2.4 caption3 kernel (AR)
\caption@tempdima=\dimen258
\captionmargin=\dimen259
\caption@leftmargin=\dimen260
\caption@rightmargin=\dimen261
\caption@width=\dimen262
\caption@indent=\dimen263
\caption@parindent=\dimen264
\caption@hangindent=\dimen265
Package caption Info: Standard document class detected.
)
\c@caption@flags=\count339
\c@continuedfloat=\count340
Package caption Info: changepage package is loaded.
\caption@adjustwidth@hsize=\dimen266
\caption@adjustwidth@linewidth=\dimen267
Package caption Info: float package is loaded.
Package caption Info: hyperref package is loaded.
Package caption Info: longtable package is loaded.

(/usr/share/texmf-dist/tex/latex/caption/ltcaption.sty
Package: ltcaption 2021/01/08 v1.4c longtable captions (AR)
)) (./etoc_doxygen.sty
Package: etoc_doxygen 2023/07/01 v1.2b Completely customisable TOCs (JFB)
\Etoc@toctoks=\toks35
\c@etoc@tocid=\count341
\etoc@framed@titlebox=\box120
\etoc@framed@contentsbox=\box121
)
LaTeX Font Info:    Trying to load font information for T1+phv on input line 18
3.

(/usr/share/texmf-dist/tex/latex/psnfss/t1phv.fd
File: t1phv.fd 2020/03/25 scalable font definitions for T1/phv.
)
LaTeX Font Info:    Font shape `T1/phv/m/n' will be
(Font)              scaled to size 8.99994pt on input line 183.

(/usr/share/texmf-dist/tex/latex/l3backend/l3backend-pdftex.def
File: l3backend-pdftex.def 2023-01-16 L3 backend support: PDF output (pdfTeX)
\l__color_backend_stack_int=\count342
\l__pdf_internal_box=\box122
) (./refman.aux)
\openout1 = `refman.aux'.

LaTeX Font Info:    Checking defaults for OML/cmm/m/it on input line 183.
LaTeX Font Info:    ... okay on input line 183.
LaTeX Font Info:    Checking defaults for OMS/cmsy/m/n on input line 183.
LaTeX Font Info:    ... okay on input line 183.
LaTeX Font Info:    Checking defaults for OT1/cmr/m/n on input line 183.
LaTeX Font Info:    ... okay on input line 183.
LaTeX Font Info:    Checking defaults for T1/cmr/m/n on input line 183.
LaTeX Font Info:    ... okay on input line 183.
LaTeX Font Info:    Checking defaults for TS1/cmr/m/n on input line 183.
LaTeX Font Info:    ... okay on input line 183.
LaTeX Font Info:    Checking defaults for OMX/cmex/m/n on input line 183.
LaTeX Font Info:    ... okay on input line 183.
LaTeX Font Info:    Checking defaults for U/cmr/m/n on input line 183.
LaTeX Font Info:    ... okay on input line 183.
LaTeX Font Info:    Checking defaults for PD1/pdf/m/n on input line 183.
LaTeX Font Info:    ... okay on input line 183.
LaTeX Font Info:    Checking defaults for PU/pdf/m/n on input line 183.
LaTeX Font Info:    ... okay on input line 183.
(/usr/share/texmf-dist/tex/context/base/mkii/supp-pdf.mkii
[Loading MPS to PDF converter (version 2006.09.02).]
\scratchcounter=\count343
\scratchdimen=\dimen268
\scratchbox=\box123
\nofMPsegments=\count344
\nofMParguments=\count345
\everyMPshowfont=\toks36
\MPscratchCnt=\count346
\MPscratchDim=\dimen269
\MPnumerator=\count347
\makeMPintoPDFobject=\count348
\everyMPtoPDFconversion=\toks37
) (/usr/share/texmf-dist/tex/latex/epstopdf-pkg/epstopdf-base.sty
Package: epstopdf-base 2020-01-24 v2.11 Base part for package epstopdf
Package epstopdf-base Info: Redefining graphics rule for `.eps' on input line 4
85.

(/usr/share/texmf-dist/tex/latex/latexconfig/epstopdf-sys.cfg
File: epstopdf-sys.cfg 2010/07/13 v1.3 Configuration of (r)epstopdf for TeX Liv
e
))
*geometry* driver: auto-detecting
*geometry* detected driver: pdftex
*geometry* verbose mode - [ preamble ] result:
* driver: pdftex
* paper: a4paper
* layout: <same size as paper>
* layoutoffset:(h,v)=(0.0pt,0.0pt)
* modes: twoside 
* h-part:(L,W,R)=(71.13188pt, 455.24411pt, 71.13188pt)
* v-part:(T,H,B)=(71.13188pt, 702.78308pt, 71.13188pt)
* \paperwidth=597.50787pt
* \paperheight=845.04684pt
* \textwidth=455.24411pt
* \textheight=702.78308pt
* \oddsidemargin=-1.1381pt
* \evensidemargin=-1.1381pt
* \topmargin=-31.2056pt
* \headheight=12.0pt
* \headsep=18.06749pt
* \topskip=10.0pt
* \footskip=25.29494pt
* \marginparwidth=125.0pt
* \marginparsep=7.0pt
* \columnsep=10.0pt
* \skip\footins=9.0pt plus 4.0pt minus 2.0pt
* \hoffset=0.0pt
* \voffset=0.0pt
* \mag=1000
* \@twocolumnfalse
* \@twosidetrue
* \@mparswitchtrue
* \@reversemarginfalse
* (1in=72.27pt=25.4mm, 1cm=28.453pt)

Package backref Info: ** backref set up for natbib ** on input line 183.
Package hyperref Info: Link coloring ON on input line 183.
(./refman.out) (./refman.out)
\@outlinefile=\write5
\openout5 = `refman.out'.

Package caption Info: Begin \AtBeginDocument code.
Package caption Info: End \AtBeginDocument code.
\Etoc@tf=\read4
Package hyperref Info: Option `pageanchor' set `false' on input line 191.
Package hyperref Info: Option `bookmarksnumbered' set `true' on input line 191.

Package hyperref Info: Option `unicode' set `true' on input line 191.
LaTeX Font Info:    Font shape `T1/phv/m/n' will be
(Font)              scaled to size 12.9599pt on input line 196.
LaTeX Font Info:    Font shape `T1/phv/m/n' will be
(Font)              scaled to size 6.29996pt on input line 196.
LaTeX Font Info:    Trying to load font information for U+msa on input line 196
.
 (/usr/share/texmf-dist/tex/latex/amsfonts/umsa.fd
File: umsa.fd 2013/01/14 v3.01 AMS symbols A
)
LaTeX Font Info:    Trying to load font information for U+msb on input line 196
.
 (/usr/share/texmf-dist/tex/latex/amsfonts/umsb.fd
File: umsb.fd 2013/01/14 v3.01 AMS symbols B
)
LaTeX Font Info:    Trying to load font information for U+wasy on input line 19
6.

(/usr/share/texmf-dist/tex/latex/wasysym/uwasy.fd
File: uwasy.fd 2020/01/19 v2.4 Wasy-2 symbol font definitions
)
LaTeX Font Info:    Font shape `T1/phv/m/n' will be
(Font)              scaled to size 10.79993pt on input line 197.
LaTeX Font Info:    Font shape `T1/phv/m/n' will be
(Font)              scaled to size 8.09995pt on input line 201.
 [1


{/usr/share/texmf-var/fonts/map/pdftex/updmap/pdftex.map}{/usr/share/texmf-dist
/fonts/enc/dvips/base/8r.enc}] [2

]
\tf@toc=\write6
\openout6 = `refman.toc'.

LaTeX Font Info:    Font shape `T1/phv/b/n' will be
(Font)              scaled to size 8.99994pt on input line 207.
LaTeX Font Info:    Font shape `T1/phv/b/n' will be
(Font)              scaled to size 6.29996pt on input line 207.
 [1] [2] [3]
LaTeX Font Info:    Font shape `T1/phv/m/n' will be
(Font)              scaled to size 7.19995pt on input line 207.
LaTeX Font Info:    Trying to load font information for T1+pcr on input line 20
7.
 (/usr/share/texmf-dist/tex/latex/psnfss/t1pcr.fd
File: t1pcr.fd 2001/06/04 font definitions for T1/pcr.
) [4]
[5] [6] [7] [8

]
Package hyperref Info: Option `pageanchor' set `true' on input line 210.
 (./index.tex
Chapter 1.
LaTeX Font Info:    Font shape `T1/phv/m/n' will be
(Font)              scaled to size 18.66588pt on input line 1.
LaTeX Font Info:    Font shape `T1/phv/b/n' will be
(Font)              scaled to size 18.66588pt on input line 1.
LaTeX Font Info:    Font shape `T1/phv/b/n' will be
(Font)              scaled to size 22.39185pt on input line 1.
LaTeX Font Info:    Font shape `T1/phv/b/n' will be
(Font)              scaled to size 12.9599pt on input line 9.
LaTeX Font Info:    Trying to load font information for TS1+phv on input line 1
2.
(/usr/share/texmf-dist/tex/latex/psnfss/ts1phv.fd
File: ts1phv.fd 2020/03/25 scalable font definitions for TS1/phv.
)
LaTeX Font Info:    Font shape `TS1/phv/m/n' will be
(Font)              scaled to size 8.99994pt on input line 12.
LaTeX Font Info:    Font shape `T1/phv/b/n' will be
(Font)              scaled to size 10.79993pt on input line 34.
LaTeX Font Info:    Font shape `T1/phv/m/it' in size <10> not available
(Font)              Font shape `T1/phv/m/sl' tried instead on input line 46.
LaTeX Font Info:    Font shape `T1/phv/m/sl' will be
(Font)              scaled to size 8.99994pt on input line 46.
 [1

]
LaTeX Font Info:    Font shape `T1/phv/m/it' in size <7> not available
(Font)              Font shape `T1/phv/m/sl' tried instead on input line 68.
LaTeX Font Info:    Font shape `T1/phv/m/sl' will be
(Font)              scaled to size 6.29996pt on input line 68.
 [2]) [3] [4

]
Chapter 2.
(./topics.tex) [5] [6

]
Chapter 3.
(./namespaces.tex) [7] [8

]
Chapter 4.
(./hierarchy.tex) [9] [10

]
Chapter 5.
(./annotated.tex) [11] [12

]
Chapter 6.
(./files.tex) [13] [14

]
Chapter 7.
(./d3/df5/group__StyleHelpers.tex) [15] [16

]
Chapter 8.
(./d5/dfa/namespacecli.tex
LaTeX Font Info:    Font shape `T1/phv/m/it' in size <9> not available
(Font)              Font shape `T1/phv/m/sl' tried instead on input line 12.
LaTeX Font Info:    Font shape `T1/phv/m/sl' will be
(Font)              scaled to size 8.09995pt on input line 12.
LaTeX Font Info:    Font shape `T1/phv/bc/n' will be
(Font)              scaled to size 8.99994pt on input line 25.

Underfull \hbox (badness 10000) detected at line 25
[][][]
 []

) (./d6/d7f/namespaceconfig.tex [17]
Underfull \hbox (badness 10000) in paragraph at lines 49--50
\T1/pcr/m/n/8 constexpr auto config[]::[]DESCRIPTION = "A simple tool to conver
t json to batch." [inline],
 []

[18]) (./d0/d6e/namespaceexceptions.tex
LaTeX Font Info:    Font shape `TS1/phv/m/it' in size <9> not available
(Font)              Font shape `TS1/phv/m/sl' tried instead on input line 14.
LaTeX Font Info:    Font shape `TS1/phv/m/sl' will be
(Font)              scaled to size 8.09995pt on input line 14.
 [19]) (./d5/da5/namespaceparsing.tex
[20]
Underfull \hbox (badness 10000) detected at line 24
[][][]
 []

) (./d2/d96/namespaceutilities.tex
Underfull \hbox (badness 10000) detected at line 20
[][][]
 []

) [21] [22

]
Chapter 9.
(./da/d1c/classBatchCreator.tex [23]
Underfull \hbox (badness 10000) detected at line 52
[][][]
 []

LaTeX Font Info:    Font shape `T1/pcr/m/it' in size <8> not available
(Font)              Font shape `T1/pcr/m/sl' tried instead on input line 66.
LaTeX Font Info:    Font shape `T1/pcr/m/it' in size <7> not available
(Font)              Font shape `T1/pcr/m/sl' tried instead on input line 66.
 <./da/d1c/classBatchCreator_ad2fe34f5fef34f26763558bc9c9949a3_cgraph.pdf>
<da/d1c/classBatchCreator_ad2fe34f5fef34f26763558bc9c9949a3_cgraph.pdf, id=1856
, 578.16pt x 322.20375pt>
File: da/d1c/classBatchCreator_ad2fe34f5fef34f26763558bc9c9949a3_cgraph.pdf Gra
phic file (type pdf)
<use da/d1c/classBatchCreator_ad2fe34f5fef34f26763558bc9c9949a3_cgraph.pdf>
Package pdftex.def Info: da/d1c/classBatchCreator_ad2fe34f5fef34f26763558bc9c99
49a3_cgraph.pdf  used on input line 92.
(pdftex.def)             Requested size: 350.0pt x 195.0494pt.

[24] <./da/d1c/classBatchCreator_aca15cd9ed3a90d1f43ac2fd16175c676_cgraph.pdf>
<da/d1c/classBatchCreator_aca15cd9ed3a90d1f43ac2fd16175c676_cgraph.pdf, id=1888
, 406.51875pt x 322.20375pt>
File: da/d1c/classBatchCreator_aca15cd9ed3a90d1f43ac2fd16175c676_cgraph.pdf Gra
phic file (type pdf)
<use da/d1c/classBatchCreator_aca15cd9ed3a90d1f43ac2fd16175c676_cgraph.pdf>
Package pdftex.def Info: da/d1c/classBatchCreator_aca15cd9ed3a90d1f43ac2fd16175
c676_cgraph.pdf  used on input line 123.
(pdftex.def)             Requested size: 350.0pt x 277.41922pt.

[25] <./da/d1c/classBatchCreator_aca15cd9ed3a90d1f43ac2fd16175c676_icgraph.pdf>
<da/d1c/classBatchCreator_aca15cd9ed3a90d1f43ac2fd16175c676_icgraph.pdf, id=190
9, 382.42876pt x 99.37125pt>
File: da/d1c/classBatchCreator_aca15cd9ed3a90d1f43ac2fd16175c676_icgraph.pdf Gr
aphic file (type pdf)
<use da/d1c/classBatchCreator_aca15cd9ed3a90d1f43ac2fd16175c676_icgraph.pdf>
Package pdftex.def Info: da/d1c/classBatchCreator_aca15cd9ed3a90d1f43ac2fd16175
c676_icgraph.pdf  used on input line 131.
(pdftex.def)             Requested size: 350.0pt x 90.94957pt.

Underfull \hbox (badness 10000) detected at line 144
[][][]
 []

 <./da/d1c/classBatchCreator_abf3164bb6eedfb7062c45ddf445e5965_icgraph.pdf>
<da/d1c/classBatchCreator_abf3164bb6eedfb7062c45ddf445e5965_icgraph.pdf, id=192
0, 389.455pt x 99.37125pt>
File: da/d1c/classBatchCreator_abf3164bb6eedfb7062c45ddf445e5965_icgraph.pdf Gr
aphic file (type pdf)
<use da/d1c/classBatchCreator_abf3164bb6eedfb7062c45ddf445e5965_icgraph.pdf>
Package pdftex.def Info: da/d1c/classBatchCreator_abf3164bb6eedfb7062c45ddf445e
5965_icgraph.pdf  used on input line 160.
(pdftex.def)             Requested size: 350.0pt x 89.30743pt.

[26] <./da/d1c/classBatchCreator_af9bfc052ff3ee90beff0f35b56aed5bc_icgraph.pdf>
<da/d1c/classBatchCreator_af9bfc052ff3ee90beff0f35b56aed5bc_icgraph.pdf, id=194
0, 533.995pt x 99.37125pt>
File: da/d1c/classBatchCreator_af9bfc052ff3ee90beff0f35b56aed5bc_icgraph.pdf Gr
aphic file (type pdf)
<use da/d1c/classBatchCreator_af9bfc052ff3ee90beff0f35b56aed5bc_icgraph.pdf>
Package pdftex.def Info: da/d1c/classBatchCreator_af9bfc052ff3ee90beff0f35b56ae
d5bc_icgraph.pdf  used on input line 186.
(pdftex.def)             Requested size: 350.0pt x 65.13336pt.
 <./da/d1c/classBatchCreator_a7ea2646254825e194f831d98ae703ec8_icgraph.pdf>
<da/d1c/classBatchCreator_a7ea2646254825e194f831d98ae703ec8_icgraph.pdf, id=195
2, 567.11874pt x 99.37125pt>
File: da/d1c/classBatchCreator_a7ea2646254825e194f831d98ae703ec8_icgraph.pdf Gr
aphic file (type pdf)
<use da/d1c/classBatchCreator_a7ea2646254825e194f831d98ae703ec8_icgraph.pdf>
Package pdftex.def Info: da/d1c/classBatchCreator_a7ea2646254825e194f831d98ae70
3ec8_icgraph.pdf  used on input line 212.
(pdftex.def)             Requested size: 350.0pt x 61.32901pt.

[27] <./da/d1c/classBatchCreator_a8d7aab76f68225bc13cdcb41035f5319_icgraph.pdf>
<da/d1c/classBatchCreator_a8d7aab76f68225bc13cdcb41035f5319_icgraph.pdf, id=197
4, 533.995pt x 99.37125pt>
File: da/d1c/classBatchCreator_a8d7aab76f68225bc13cdcb41035f5319_icgraph.pdf Gr
aphic file (type pdf)
<use da/d1c/classBatchCreator_a8d7aab76f68225bc13cdcb41035f5319_icgraph.pdf>
Package pdftex.def Info: da/d1c/classBatchCreator_a8d7aab76f68225bc13cdcb41035f
5319_icgraph.pdf  used on input line 241.
(pdftex.def)             Requested size: 350.0pt x 65.13336pt.
 <./da/d1c/classBatchCreator_a31d22f486b3608cdae0b7488fb3857a8_icgraph.pdf>
<da/d1c/classBatchCreator_a31d22f486b3608cdae0b7488fb3857a8_icgraph.pdf, id=198
6, 574.145pt x 99.37125pt>
File: da/d1c/classBatchCreator_a31d22f486b3608cdae0b7488fb3857a8_icgraph.pdf Gr
aphic file (type pdf)
<use da/d1c/classBatchCreator_a31d22f486b3608cdae0b7488fb3857a8_icgraph.pdf>
Package pdftex.def Info: da/d1c/classBatchCreator_a31d22f486b3608cdae0b7488fb38
57a8_icgraph.pdf  used on input line 270.
(pdftex.def)             Requested size: 350.0pt x 60.57846pt.
 <./da/d1c/classBatchCreator_a163015c1e797677466c7cf1c19662b35_icgraph.pdf>
<da/d1c/classBatchCreator_a163015c1e797677466c7cf1c19662b35_icgraph.pdf, id=199
8, 559.08875pt x 99.37125pt>
File: da/d1c/classBatchCreator_a163015c1e797677466c7cf1c19662b35_icgraph.pdf Gr
aphic file (type pdf)
<use da/d1c/classBatchCreator_a163015c1e797677466c7cf1c19662b35_icgraph.pdf>
Package pdftex.def Info: da/d1c/classBatchCreator_a163015c1e797677466c7cf1c1966
2b35_icgraph.pdf  used on input line 296.
(pdftex.def)             Requested size: 350.0pt x 62.20998pt.

[28] <./da/d1c/classBatchCreator_a0d08fe331105e1f2dd0ea56d12e86887_icgraph.pdf>
<da/d1c/classBatchCreator_a0d08fe331105e1f2dd0ea56d12e86887_icgraph.pdf, id=201
7, 578.16pt x 99.37125pt>
File: da/d1c/classBatchCreator_a0d08fe331105e1f2dd0ea56d12e86887_icgraph.pdf Gr
aphic file (type pdf)
<use da/d1c/classBatchCreator_a0d08fe331105e1f2dd0ea56d12e86887_icgraph.pdf>
Package pdftex.def Info: da/d1c/classBatchCreator_a0d08fe331105e1f2dd0ea56d12e8
6887_icgraph.pdf  used on input line 322.
(pdftex.def)             Requested size: 350.0pt x 60.15541pt.
 <./da/d1c/classBatchCreator_a5b0d5ddd55e65bdce910a010deb7847d_icgraph.pdf>
<da/d1c/classBatchCreator_a5b0d5ddd55e65bdce910a010deb7847d_icgraph.pdf, id=202
8, 538.01pt x 99.37125pt>
File: da/d1c/classBatchCreator_a5b0d5ddd55e65bdce910a010deb7847d_icgraph.pdf Gr
aphic file (type pdf)
<use da/d1c/classBatchCreator_a5b0d5ddd55e65bdce910a010deb7847d_icgraph.pdf>
Package pdftex.def Info: da/d1c/classBatchCreator_a5b0d5ddd55e65bdce910a010deb7
847d_icgraph.pdf  used on input line 352.
(pdftex.def)             Requested size: 350.0pt x 64.64513pt.

[29]) (./d4/d06/classcli_1_1CommandLineHandler.tex [30]
Underfull \hbox (badness 10000) detected at line 37
[][][]
 []


Underfull \hbox (badness 10000) detected at line 40
[][][]
 []


Underfull \hbox (badness 10000) detected at line 43
[][][]
 []


Underfull \hbox (badness 10000) detected at line 46
[][][]
 []


Underfull \hbox (badness 10000) detected at line 66
[][][]
 []

[31]
Underfull \hbox (badness 10000) detected at line 79
[][][]
 []


Underfull \hbox (badness 10000) in paragraph at lines 89--90
\T1/pcr/m/n/8 std[]::tuple$\OML/cmm/m/it/8 <$ \T1/pcr/m/n/8 std[]::optional$\OM
L/cmm/m/it/8 <$ \T1/pcr/m/n/8 std[]::string $\OML/cmm/m/it/8 >$\T1/pcr/m/n/8 , 
std[]::vector$\OML/cmm/m/it/8 <$ \T1/pcr/m/n/8 std[]::string $\OML/cmm/m/it/8 >
$ $>$ \T1/pcr/m/n/8 cli[]::[]Command[]Line[]
 []


Underfull \hbox (badness 10000) detected at line 104
[][][]
 []

 <./d4/d06/classcli_1_1CommandLineHandler_acb2f456a899bdbf41772b1ccf03d4ca8_cgr
aph.pdf>
<d4/d06/classcli_1_1CommandLineHandler_acb2f456a899bdbf41772b1ccf03d4ca8_cgraph
.pdf, id=2088, 371.3875pt x 209.78375pt>
File: d4/d06/classcli_1_1CommandLineHandler_acb2f456a899bdbf41772b1ccf03d4ca8_c
graph.pdf Graphic file (type pdf)
<use d4/d06/classcli_1_1CommandLineHandler_acb2f456a899bdbf41772b1ccf03d4ca8_cg
raph.pdf>
Package pdftex.def Info: d4/d06/classcli_1_1CommandLineHandler_acb2f456a899bdbf
41772b1ccf03d4ca8_cgraph.pdf  used on input line 120.
(pdftex.def)             Requested size: 350.0pt x 197.70569pt.
 [32] <./d4/d06/classcli_1_1CommandLineHandler_acb2f456a899bdbf41772b1ccf03d4ca
8_icgraph.pdf>
<d4/d06/classcli_1_1CommandLineHandler_acb2f456a899bdbf41772b1ccf03d4ca8_icgrap
h.pdf, id=2109, 430.60875pt x 111.41624pt>
File: d4/d06/classcli_1_1CommandLineHandler_acb2f456a899bdbf41772b1ccf03d4ca8_i
cgraph.pdf Graphic file (type pdf)
<use d4/d06/classcli_1_1CommandLineHandler_acb2f456a899bdbf41772b1ccf03d4ca8_ic
graph.pdf>
Package pdftex.def Info: d4/d06/classcli_1_1CommandLineHandler_acb2f456a899bdbf
41772b1ccf03d4ca8_icgraph.pdf  used on input line 128.
(pdftex.def)             Requested size: 350.0pt x 90.56117pt.

Underfull \hbox (badness 10000) detected at line 141
[][][]
 []


Underfull \hbox (badness 1546) in paragraph at lines 150--151
[]\T1/phv/m/n/10 References [], [], [], [],
 []

 <./d4/d06/classcli_1_1CommandLineHandler_ac1613613eb4f4534ee55aba547a2a470_icg
raph.pdf>
<d4/d06/classcli_1_1CommandLineHandler_ac1613613eb4f4534ee55aba547a2a470_icgrap
h.pdf, id=2126, 594.22pt x 111.41624pt>
File: d4/d06/classcli_1_1CommandLineHandler_ac1613613eb4f4534ee55aba547a2a470_i
cgraph.pdf Graphic file (type pdf)
<use d4/d06/classcli_1_1CommandLineHandler_ac1613613eb4f4534ee55aba547a2a470_ic
graph.pdf>
Package pdftex.def Info: d4/d06/classcli_1_1CommandLineHandler_ac1613613eb4f453
4ee55aba547a2a470_icgraph.pdf  used on input line 157.
(pdftex.def)             Requested size: 350.0pt x 65.6279pt.
 [33]
Underfull \hbox (badness 10000) detected at line 170
[][][]
 []

 <./d4/d06/classcli_1_1CommandLineHandler_ac81856dd50394363675207068213d960_icg
raph.pdf>
<d4/d06/classcli_1_1CommandLineHandler_ac81856dd50394363675207068213d960_icgrap
h.pdf, id=2146, 594.22pt x 132.495pt>
File: d4/d06/classcli_1_1CommandLineHandler_ac81856dd50394363675207068213d960_i
cgraph.pdf Graphic file (type pdf)
<use d4/d06/classcli_1_1CommandLineHandler_ac81856dd50394363675207068213d960_ic
graph.pdf>
Package pdftex.def Info: d4/d06/classcli_1_1CommandLineHandler_ac81856dd5039436
3675207068213d960_icgraph.pdf  used on input line 186.
(pdftex.def)             Requested size: 350.0pt x 78.04399pt.

Underfull \hbox (badness 10000) detected at line 199
[][][]
 []


Overfull \hbox (40.67958pt too wide) in paragraph at lines 208--209
[]\T1/phv/m/n/10 References [], [], [], and []. 
 []

 <./d4/d06/classcli_1_1CommandLineHandler_a12afc8cab2af137f31c6aae2d1b27061_icg
raph.pdf>
<d4/d06/classcli_1_1CommandLineHandler_a12afc8cab2af137f31c6aae2d1b27061_icgrap
h.pdf, id=2160, 594.22pt x 111.41624pt>
File: d4/d06/classcli_1_1CommandLineHandler_a12afc8cab2af137f31c6aae2d1b27061_i
cgraph.pdf Graphic file (type pdf)
<use d4/d06/classcli_1_1CommandLineHandler_a12afc8cab2af137f31c6aae2d1b27061_ic
graph.pdf>
Package pdftex.def Info: d4/d06/classcli_1_1CommandLineHandler_a12afc8cab2af137
f31c6aae2d1b27061_icgraph.pdf  used on input line 215.
(pdftex.def)             Requested size: 350.0pt x 65.6279pt.
) (./dc/d56/classexceptions_1_1CustomException.tex <./d7/d80/classexceptions_1_
1CustomException__inherit__graph.pdf>
<d7/d80/classexceptions_1_1CustomException__inherit__graph.pdf, id=2170, 536.00
25pt x 469.755pt>
File: d7/d80/classexceptions_1_1CustomException__inherit__graph.pdf Graphic fil
e (type pdf)
<use d7/d80/classexceptions_1_1CustomException__inherit__graph.pdf>
Package pdftex.def Info: d7/d80/classexceptions_1_1CustomException__inherit__gr
aph.pdf  used on input line 19.
(pdftex.def)             Requested size: 350.0pt x 306.74203pt.
 [34] <./d8/dd4/classexceptions_1_1CustomException__coll__graph.pdf>
<d8/dd4/classexceptions_1_1CustomException__coll__graph.pdf, id=2185, 223.83624
pt x 155.58125pt>
File: d8/dd4/classexceptions_1_1CustomException__coll__graph.pdf Graphic file (
type pdf)
<use d8/dd4/classexceptions_1_1CustomException__coll__graph.pdf>
Package pdftex.def Info: d8/dd4/classexceptions_1_1CustomException__coll__graph
.pdf  used on input line 29.
(pdftex.def)             Requested size: 223.0pt x 155.00397pt.
 [35]
Underfull \hbox (badness 10000) detected at line 44
[][][]
 []

 <./dc/d56/classexceptions_1_1CustomException_a128c3c054a385cda67e271d2064b0d1f
_icgraph.pdf>
<dc/d56/classexceptions_1_1CustomException_a128c3c054a385cda67e271d2064b0d1f_ic
graph.pdf, id=2208, 446.66875pt x 148.555pt>
File: dc/d56/classexceptions_1_1CustomException_a128c3c054a385cda67e271d2064b0d
1f_icgraph.pdf Graphic file (type pdf)
<use dc/d56/classexceptions_1_1CustomException_a128c3c054a385cda67e271d2064b0d1
f_icgraph.pdf>
Package pdftex.def Info: dc/d56/classexceptions_1_1CustomException_a128c3c054a3
85cda67e271d2064b0d1f_icgraph.pdf  used on input line 69.
(pdftex.def)             Requested size: 350.0pt x 116.40738pt.
) (./de/da8/classexceptions_1_1FailedToOpenFileException.tex <./df/d30/classexc
eptions_1_1FailedToOpenFileException__inherit__graph.pdf>
<df/d30/classexceptions_1_1FailedToOpenFileException__inherit__graph.pdf, id=22
17, 223.83624pt x 221.82875pt>
File: df/d30/classexceptions_1_1FailedToOpenFileException__inherit__graph.pdf G
raphic file (type pdf)
<use df/d30/classexceptions_1_1FailedToOpenFileException__inherit__graph.pdf>
Package pdftex.def Info: df/d30/classexceptions_1_1FailedToOpenFileException__i
nherit__graph.pdf  used on input line 19.
(pdftex.def)             Requested size: 223.0pt x 221.00566pt.
 [36] <./d5/d1d/classexceptions_1_1FailedToOpenFileException__coll__graph.pdf>
<d5/d1d/classexceptions_1_1FailedToOpenFileException__coll__graph.pdf, id=2234,
 223.83624pt x 221.82875pt>
File: d5/d1d/classexceptions_1_1FailedToOpenFileException__coll__graph.pdf Grap
hic file (type pdf)
<use d5/d1d/classexceptions_1_1FailedToOpenFileException__coll__graph.pdf>
Package pdftex.def Info: d5/d1d/classexceptions_1_1FailedToOpenFileException__c
oll__graph.pdf  used on input line 29.
(pdftex.def)             Requested size: 223.0pt x 221.00566pt.
 [37]
Overfull \hbox (23.14215pt too wide) in paragraph at lines 80--81
\T1/pcr/m/n/8 const char $\OMS/cmsy/m/n/8 ^^C$ \T1/pcr/m/n/8 exceptions[]::[]Fa
iled[]To[]Open[]File[]Exception[]::what ( ) const [inline], [override], [noexce
pt] 
 []

) (./da/d06/classparsing_1_1FileData.tex [38] [39] [40]
Underfull \hbox (badness 10000) detected at line 168
[][][]
 []


Underfull \hbox (badness 10000) detected at line 189
[][][]
 []


Overfull \hbox (16.9825pt too wide) in paragraph at lines 204--205
\T1/pcr/m/n/8 const std[]::vector$\OML/cmm/m/it/8 <$ \T1/pcr/m/n/8 std[]::tuple
$\OML/cmm/m/it/8 <$ \T1/pcr/m/n/8 std[]::string, std[]::string $\OML/cmm/m/it/8
 >$ $>$ \T1/pcr/m/n/8 & parsing[]::[]File[]Data[]::get[]Environment[]
 []


Underfull \hbox (badness 10000) detected at line 210
[][][]
 []


Underfull \hbox (badness 10000) detected at line 231
[][][]
 []

[41]
Underfull \hbox (badness 10000) detected at line 252
[][][]
 []


Underfull \hbox (badness 10000) detected at line 273
[][][]
 []

[42] [43]
Underfull \hbox (badness 10000) in paragraph at lines 389--390
\T1/pcr/m/n/8 std[]::vector$\OML/cmm/m/it/8 <$\T1/pcr/m/n/8 std[]::tuple$\OML/c
mm/m/it/8 <$\T1/pcr/m/n/8 std[]::string, std[]::string$\OML/cmm/m/it/8 >$ $>$ \
T1/pcr/m/n/8 parsing[]::[]File[]Data[]::environment[]Variables
 []

) (./df/d36/classexceptions_1_1FileExistsException.tex <./d5/d44/classexception
s_1_1FileExistsException__inherit__graph.pdf>
<d5/d44/classexceptions_1_1FileExistsException__inherit__graph.pdf, id=2436, 23
1.86626pt x 210.7875pt>
File: d5/d44/classexceptions_1_1FileExistsException__inherit__graph.pdf Graphic
 file (type pdf)
<use d5/d44/classexceptions_1_1FileExistsException__inherit__graph.pdf>
Package pdftex.def Info: d5/d44/classexceptions_1_1FileExistsException__inherit
__graph.pdf  used on input line 19.
(pdftex.def)             Requested size: 231.0pt x 210.0054pt.
 [44] <./d7/d27/classexceptions_1_1FileExistsException__coll__graph.pdf>
<d7/d27/classexceptions_1_1FileExistsException__coll__graph.pdf, id=2449, 231.8
6626pt x 210.7875pt>
File: d7/d27/classexceptions_1_1FileExistsException__coll__graph.pdf Graphic fi
le (type pdf)
<use d7/d27/classexceptions_1_1FileExistsException__coll__graph.pdf>
Package pdftex.def Info: d7/d27/classexceptions_1_1FileExistsException__coll__g
raph.pdf  used on input line 29.
(pdftex.def)             Requested size: 231.0pt x 210.0054pt.
 [45]
Underfull \hbox (badness 10000) detected at line 67
[][][]
 []

) (./de/d9e/classexceptions_1_1InvalidKeyException.tex [46] <./de/d87/classexce
ptions_1_1InvalidKeyException__inherit__graph.pdf>
<de/d87/classexceptions_1_1InvalidKeyException__inherit__graph.pdf, id=2502, 23
4.8775pt x 210.7875pt>
File: de/d87/classexceptions_1_1InvalidKeyException__inherit__graph.pdf Graphic
 file (type pdf)
<use de/d87/classexceptions_1_1InvalidKeyException__inherit__graph.pdf>
Package pdftex.def Info: de/d87/classexceptions_1_1InvalidKeyException__inherit
__graph.pdf  used on input line 19.
(pdftex.def)             Requested size: 234.0pt x 209.99898pt.
 <./de/dbc/classexceptions_1_1InvalidKeyException__coll__graph.pdf>
<de/dbc/classexceptions_1_1InvalidKeyException__coll__graph.pdf, id=2510, 234.8
775pt x 210.7875pt>
File: de/dbc/classexceptions_1_1InvalidKeyException__coll__graph.pdf Graphic fi
le (type pdf)
<use de/dbc/classexceptions_1_1InvalidKeyException__coll__graph.pdf>
Package pdftex.def Info: de/dbc/classexceptions_1_1InvalidKeyException__coll__g
raph.pdf  used on input line 29.
(pdftex.def)             Requested size: 234.0pt x 209.99898pt.
 [47]
Underfull \hbox (badness 10000) detected at line 56
[][][]
 []

) (./d0/dad/classexceptions_1_1InvalidTypeException.tex [48] <./d1/ddd/classexc
eptions_1_1InvalidTypeException__inherit__graph.pdf>
<d1/ddd/classexceptions_1_1InvalidTypeException__inherit__graph.pdf, id=2560, 2
39.89626pt x 210.7875pt>
File: d1/ddd/classexceptions_1_1InvalidTypeException__inherit__graph.pdf Graphi
c file (type pdf)
<use d1/ddd/classexceptions_1_1InvalidTypeException__inherit__graph.pdf>
Package pdftex.def Info: d1/ddd/classexceptions_1_1InvalidTypeException__inheri
t__graph.pdf  used on input line 19.
(pdftex.def)             Requested size: 239.0pt x 210.00218pt.
 <./d0/d3f/classexceptions_1_1InvalidTypeException__coll__graph.pdf>
<d0/d3f/classexceptions_1_1InvalidTypeException__coll__graph.pdf, id=2568, 239.
89626pt x 210.7875pt>
File: d0/d3f/classexceptions_1_1InvalidTypeException__coll__graph.pdf Graphic f
ile (type pdf)
<use d0/d3f/classexceptions_1_1InvalidTypeException__coll__graph.pdf>
Package pdftex.def Info: d0/d3f/classexceptions_1_1InvalidTypeException__coll__
graph.pdf  used on input line 29.
(pdftex.def)             Requested size: 239.0pt x 210.00218pt.
 [49]
Underfull \hbox (badness 10000) detected at line 69
[][][]
 []

[50]) (./d8/d1c/classexceptions_1_1InvalidValueException.tex <./da/de7/classexc
eptions_1_1InvalidValueException__inherit__graph.pdf>
<da/de7/classexceptions_1_1InvalidValueException__inherit__graph.pdf, id=2620, 
223.83624pt x 221.82875pt>
File: da/de7/classexceptions_1_1InvalidValueException__inherit__graph.pdf Graph
ic file (type pdf)
<use da/de7/classexceptions_1_1InvalidValueException__inherit__graph.pdf>
Package pdftex.def Info: da/de7/classexceptions_1_1InvalidValueException__inher
it__graph.pdf  used on input line 19.
(pdftex.def)             Requested size: 223.0pt x 221.00566pt.
 <./db/d47/classexceptions_1_1InvalidValueException__coll__graph.pdf>
<db/d47/classexceptions_1_1InvalidValueException__coll__graph.pdf, id=2628, 223
.83624pt x 221.82875pt>
File: db/d47/classexceptions_1_1InvalidValueException__coll__graph.pdf Graphic 
file (type pdf)
<use db/d47/classexceptions_1_1InvalidValueException__coll__graph.pdf>
Package pdftex.def Info: db/d47/classexceptions_1_1InvalidValueException__coll_
_graph.pdf  used on input line 29.
(pdftex.def)             Requested size: 223.0pt x 221.00566pt.
 [51]
Underfull \hbox (badness 10000) detected at line 67
[][][]
 []

[52]) (./d5/da0/classparsing_1_1JsonHandler.tex [53]
Underfull \hbox (badness 10000) detected at line 59
[][][]
 []

LaTeX Font Info:    Font shape `T1/phv/b/n' will be
(Font)              scaled to size 7.19995pt on input line 72.
[54] <./d5/da0/classparsing_1_1JsonHandler_a678af0a2e0668f9e47b14dfdb4d954e4_cg
raph.pdf>
<d5/da0/classparsing_1_1JsonHandler_a678af0a2e0668f9e47b14dfdb4d954e4_cgraph.pd
f, id=2741, 473.77pt x 111.41624pt>
File: d5/da0/classparsing_1_1JsonHandler_a678af0a2e0668f9e47b14dfdb4d954e4_cgra
ph.pdf Graphic file (type pdf)
<use d5/da0/classparsing_1_1JsonHandler_a678af0a2e0668f9e47b14dfdb4d954e4_cgrap
h.pdf>
Package pdftex.def Info: d5/da0/classparsing_1_1JsonHandler_a678af0a2e0668f9e47
b14dfdb4d954e4_cgraph.pdf  used on input line 113.
(pdftex.def)             Requested size: 350.0pt x 82.31242pt.
 <./d5/da0/classparsing_1_1JsonHandler_a6c3c29dc32baa0d2391bab88f48113ab_icgrap
h.pdf>
<d5/da0/classparsing_1_1JsonHandler_a6c3c29dc32baa0d2391bab88f48113ab_icgraph.p
df, id=2753, 639.38875pt x 111.41624pt>
File: d5/da0/classparsing_1_1JsonHandler_a6c3c29dc32baa0d2391bab88f48113ab_icgr
aph.pdf Graphic file (type pdf)
<use d5/da0/classparsing_1_1JsonHandler_a6c3c29dc32baa0d2391bab88f48113ab_icgra
ph.pdf>
Package pdftex.def Info: d5/da0/classparsing_1_1JsonHandler_a6c3c29dc32baa0d239
1bab88f48113ab_icgraph.pdf  used on input line 142.
(pdftex.def)             Requested size: 350.0pt x 60.9901pt.
 [55] <./d5/da0/classparsing_1_1JsonHandler_a07f65d3a7c307cc78416fa5eaaf32301_i
cgraph.pdf>
<d5/da0/classparsing_1_1JsonHandler_a07f65d3a7c307cc78416fa5eaaf32301_icgraph.p
df, id=2779, 782.925pt x 111.41624pt>
File: d5/da0/classparsing_1_1JsonHandler_a07f65d3a7c307cc78416fa5eaaf32301_icgr
aph.pdf Graphic file (type pdf)
<use d5/da0/classparsing_1_1JsonHandler_a07f65d3a7c307cc78416fa5eaaf32301_icgra
ph.pdf>
Package pdftex.def Info: d5/da0/classparsing_1_1JsonHandler_a07f65d3a7c307cc784
16fa5eaaf32301_icgraph.pdf  used on input line 173.
(pdftex.def)             Requested size: 350.0pt x 49.80873pt.
 <./d5/da0/classparsing_1_1JsonHandler_ac4477431b9d1cf1d19eaa1b60066c9f7_cgraph
.pdf>
<d5/da0/classparsing_1_1JsonHandler_ac4477431b9d1cf1d19eaa1b60066c9f7_cgraph.pd
f, id=2796, 362.35374pt x 209.78375pt>
File: d5/da0/classparsing_1_1JsonHandler_ac4477431b9d1cf1d19eaa1b60066c9f7_cgra
ph.pdf Graphic file (type pdf)
<use d5/da0/classparsing_1_1JsonHandler_ac4477431b9d1cf1d19eaa1b60066c9f7_cgrap
h.pdf>
Package pdftex.def Info: d5/da0/classparsing_1_1JsonHandler_ac4477431b9d1cf1d19
eaa1b60066c9f7_cgraph.pdf  used on input line 211.
(pdftex.def)             Requested size: 350.0pt x 202.6353pt.
 [56] <./d5/da0/classparsing_1_1JsonHandler_ac4477431b9d1cf1d19eaa1b60066c9f7_i
cgraph.pdf>
<d5/da0/classparsing_1_1JsonHandler_ac4477431b9d1cf1d19eaa1b60066c9f7_icgraph.p
df, id=2817, 639.38875pt x 111.41624pt>
File: d5/da0/classparsing_1_1JsonHandler_ac4477431b9d1cf1d19eaa1b60066c9f7_icgr
aph.pdf Graphic file (type pdf)
<use d5/da0/classparsing_1_1JsonHandler_ac4477431b9d1cf1d19eaa1b60066c9f7_icgra
ph.pdf>
Package pdftex.def Info: d5/da0/classparsing_1_1JsonHandler_ac4477431b9d1cf1d19
eaa1b60066c9f7_icgraph.pdf  used on input line 219.
(pdftex.def)             Requested size: 350.0pt x 60.9901pt.
 <./d5/da0/classparsing_1_1JsonHandler_a12eaca263d111378d01254a5ec54a011_icgrap
h.pdf>
<d5/da0/classparsing_1_1JsonHandler_a12eaca263d111378d01254a5ec54a011_icgraph.p
df, id=2828, 814.04124pt x 111.41624pt>
File: d5/da0/classparsing_1_1JsonHandler_a12eaca263d111378d01254a5ec54a011_icgr
aph.pdf Graphic file (type pdf)
<use d5/da0/classparsing_1_1JsonHandler_a12eaca263d111378d01254a5ec54a011_icgra
ph.pdf>
Package pdftex.def Info: d5/da0/classparsing_1_1JsonHandler_a12eaca263d111378d0
1254a5ec54a011_icgraph.pdf  used on input line 250.
(pdftex.def)             Requested size: 350.0pt x 47.90294pt.
 [57] <./d5/da0/classparsing_1_1JsonHandler_a525768e8f0f99da0aec60bc2ebfabdf6_i
cgraph.pdf>
<d5/da0/classparsing_1_1JsonHandler_a525768e8f0f99da0aec60bc2ebfabdf6_icgraph.p
df, id=2850, 639.38875pt x 111.41624pt>
File: d5/da0/classparsing_1_1JsonHandler_a525768e8f0f99da0aec60bc2ebfabdf6_icgr
aph.pdf Graphic file (type pdf)
<use d5/da0/classparsing_1_1JsonHandler_a525768e8f0f99da0aec60bc2ebfabdf6_icgra
ph.pdf>
Package pdftex.def Info: d5/da0/classparsing_1_1JsonHandler_a525768e8f0f99da0ae
c60bc2ebfabdf6_icgraph.pdf  used on input line 276.
(pdftex.def)             Requested size: 350.0pt x 60.9901pt.
 <./d5/da0/classparsing_1_1JsonHandler_a5a3ad5a6d39261a60bfd1f1ee827a378_icgrap
h.pdf>
<d5/da0/classparsing_1_1JsonHandler_a5a3ad5a6d39261a60bfd1f1ee827a378_icgraph.p
df, id=2865, 639.38875pt x 111.41624pt>
File: d5/da0/classparsing_1_1JsonHandler_a5a3ad5a6d39261a60bfd1f1ee827a378_icgr
aph.pdf Graphic file (type pdf)
<use d5/da0/classparsing_1_1JsonHandler_a5a3ad5a6d39261a60bfd1f1ee827a378_icgra
ph.pdf>
Package pdftex.def Info: d5/da0/classparsing_1_1JsonHandler_a5a3ad5a6d39261a60b
fd1f1ee827a378_icgraph.pdf  used on input line 309.
(pdftex.def)             Requested size: 350.0pt x 60.9901pt.
 [58] <./d5/da0/classparsing_1_1JsonHandler_af760051928630de9de67760cfd70fa4e_i
cgraph.pdf>
<d5/da0/classparsing_1_1JsonHandler_af760051928630de9de67760cfd70fa4e_icgraph.p
df, id=2887, 782.925pt x 111.41624pt>
File: d5/da0/classparsing_1_1JsonHandler_af760051928630de9de67760cfd70fa4e_icgr
aph.pdf Graphic file (type pdf)
<use d5/da0/classparsing_1_1JsonHandler_af760051928630de9de67760cfd70fa4e_icgra
ph.pdf>
Package pdftex.def Info: d5/da0/classparsing_1_1JsonHandler_af760051928630de9de
67760cfd70fa4e_icgraph.pdf  used on input line 340.
(pdftex.def)             Requested size: 350.0pt x 49.80873pt.

Underfull \hbox (badness 10000) detected at line 355
[][][]
 []

 <./d5/da0/classparsing_1_1JsonHandler_a9e765c81ea918e5eb84811ac929d8f24_cgraph
.pdf>
<d5/da0/classparsing_1_1JsonHandler_a9e765c81ea918e5eb84811ac929d8f24_cgraph.pd
f, id=2906, 505.89pt x 258.9675pt>
File: d5/da0/classparsing_1_1JsonHandler_a9e765c81ea918e5eb84811ac929d8f24_cgra
ph.pdf Graphic file (type pdf)
<use d5/da0/classparsing_1_1JsonHandler_a9e765c81ea918e5eb84811ac929d8f24_cgrap
h.pdf>
Package pdftex.def Info: d5/da0/classparsing_1_1JsonHandler_a9e765c81ea918e5eb8
4811ac929d8f24_cgraph.pdf  used on input line 371.
(pdftex.def)             Requested size: 350.0pt x 179.16983pt.
 <./d5/da0/classparsing_1_1JsonHandler_a9e765c81ea918e5eb84811ac929d8f24_icgrap
h.pdf>
<d5/da0/classparsing_1_1JsonHandler_a9e765c81ea918e5eb84811ac929d8f24_icgraph.p
df, id=2914, 495.8525pt x 111.41624pt>
File: d5/da0/classparsing_1_1JsonHandler_a9e765c81ea918e5eb84811ac929d8f24_icgr
aph.pdf Graphic file (type pdf)
<use d5/da0/classparsing_1_1JsonHandler_a9e765c81ea918e5eb84811ac929d8f24_icgra
ph.pdf>
Package pdftex.def Info: d5/da0/classparsing_1_1JsonHandler_a9e765c81ea918e5eb8
4811ac929d8f24_icgraph.pdf  used on input line 379.
(pdftex.def)             Requested size: 350.0pt x 78.64366pt.
 [59]
Underfull \hbox (badness 10000) detected at line 394
[][][]
 []

 <./d5/da0/classparsing_1_1JsonHandler_a1556262084d8fc4f75c25ec8344180b7_cgraph
.pdf>
<d5/da0/classparsing_1_1JsonHandler_a1556262084d8fc4f75c25ec8344180b7_cgraph.pd
f, id=2939, 649.42625pt x 258.9675pt>
File: d5/da0/classparsing_1_1JsonHandler_a1556262084d8fc4f75c25ec8344180b7_cgra
ph.pdf Graphic file (type pdf)
<use d5/da0/classparsing_1_1JsonHandler_a1556262084d8fc4f75c25ec8344180b7_cgrap
h.pdf>
Package pdftex.def Info: d5/da0/classparsing_1_1JsonHandler_a1556262084d8fc4f75
c25ec8344180b7_cgraph.pdf  used on input line 410.
(pdftex.def)             Requested size: 350.0pt x 139.56769pt.
 <./d5/da0/classparsing_1_1JsonHandler_a1556262084d8fc4f75c25ec8344180b7_icgrap
h.pdf>
<d5/da0/classparsing_1_1JsonHandler_a1556262084d8fc4f75c25ec8344180b7_icgraph.p
df, id=2947, 353.32pt x 111.41624pt>
File: d5/da0/classparsing_1_1JsonHandler_a1556262084d8fc4f75c25ec8344180b7_icgr
aph.pdf Graphic file (type pdf)
<use d5/da0/classparsing_1_1JsonHandler_a1556262084d8fc4f75c25ec8344180b7_icgra
ph.pdf>
Package pdftex.def Info: d5/da0/classparsing_1_1JsonHandler_a1556262084d8fc4f75
c25ec8344180b7_icgraph.pdf  used on input line 418.
(pdftex.def)             Requested size: 350.0pt x 110.37042pt.
 [60]
Underfull \hbox (badness 10000) detected at line 438
[][][]
 []


Underfull \hbox (badness 10000) detected at line 441
[][][]
 []

 <./d5/da0/classparsing_1_1JsonHandler_a9a56ef8d2c4f19e714e61b5bf33cf5bd_cgraph
.pdf>
<d5/da0/classparsing_1_1JsonHandler_a9a56ef8d2c4f19e714e61b5bf33cf5bd_cgraph.pd
f, id=2974, 331.2375pt x 111.41624pt>
File: d5/da0/classparsing_1_1JsonHandler_a9a56ef8d2c4f19e714e61b5bf33cf5bd_cgra
ph.pdf Graphic file (type pdf)
<use d5/da0/classparsing_1_1JsonHandler_a9a56ef8d2c4f19e714e61b5bf33cf5bd_cgrap
h.pdf>
Package pdftex.def Info: d5/da0/classparsing_1_1JsonHandler_a9a56ef8d2c4f19e714
e61b5bf33cf5bd_cgraph.pdf  used on input line 464.
(pdftex.def)             Requested size: 330.0pt x 111.00455pt.
 <./d5/da0/classparsing_1_1JsonHandler_a9a56ef8d2c4f19e714e61b5bf33cf5bd_icgrap
h.pdf>
<d5/da0/classparsing_1_1JsonHandler_a9a56ef8d2c4f19e714e61b5bf33cf5bd_icgraph.p
df, id=2982, 331.2375pt x 111.41624pt>
File: d5/da0/classparsing_1_1JsonHandler_a9a56ef8d2c4f19e714e61b5bf33cf5bd_icgr
aph.pdf Graphic file (type pdf)
<use d5/da0/classparsing_1_1JsonHandler_a9a56ef8d2c4f19e714e61b5bf33cf5bd_icgra
ph.pdf>
Package pdftex.def Info: d5/da0/classparsing_1_1JsonHandler_a9a56ef8d2c4f19e714
e61b5bf33cf5bd_icgraph.pdf  used on input line 472.
(pdftex.def)             Requested size: 330.0pt x 111.00455pt.
 [61]) (./da/d86/classparsing_1_1KeyValidator.tex
Underfull \hbox (badness 857) in paragraph at lines 29--30
[]\T1/phv/m/n/10 std[]::vector$\OML/cmm/m/it/10 <$ \T1/phv/m/n/10 std[]::tuple$
\OML/cmm/m/it/10 <$ \T1/phv/m/n/10 int, std[]::string $\OML/cmm/m/it/10 >$ $>$ 
[] \T1/phv/m/n/10 (const std[]::string &file-name, const std[]
 []

[62]
Underfull \hbox (badness 10000) detected at line 67
[][][]
 []

 <./da/d86/classparsing_1_1KeyValidator_aba12d17ab5dc7faacdcb3cd85b696fda_icgra
ph.pdf>
<da/d86/classparsing_1_1KeyValidator_aba12d17ab5dc7faacdcb3cd85b696fda_icgraph.
pdf, id=3037, 473.77pt x 111.41624pt>
File: da/d86/classparsing_1_1KeyValidator_aba12d17ab5dc7faacdcb3cd85b696fda_icg
raph.pdf Graphic file (type pdf)
<use da/d86/classparsing_1_1KeyValidator_aba12d17ab5dc7faacdcb3cd85b696fda_icgr
aph.pdf>
Package pdftex.def Info: da/d86/classparsing_1_1KeyValidator_aba12d17ab5dc7faac
dcb3cd85b696fda_icgraph.pdf  used on input line 79.
(pdftex.def)             Requested size: 350.0pt x 82.31242pt.
 [63]
Underfull \hbox (badness 10000) detected at line 101
[][][]
 []

 <./da/d86/classparsing_1_1KeyValidator_ac74432064cff4fd80b3c54fa588da65e_icgra
ph.pdf>
<da/d86/classparsing_1_1KeyValidator_ac74432064cff4fd80b3c54fa588da65e_icgraph.
pdf, id=3059, 477.785pt x 209.78375pt>
File: da/d86/classparsing_1_1KeyValidator_ac74432064cff4fd80b3c54fa588da65e_icg
raph.pdf Graphic file (type pdf)
<use da/d86/classparsing_1_1KeyValidator_ac74432064cff4fd80b3c54fa588da65e_icgr
aph.pdf>
Package pdftex.def Info: da/d86/classparsing_1_1KeyValidator_ac74432064cff4fd80
b3c54fa588da65e_icgraph.pdf  used on input line 113.
(pdftex.def)             Requested size: 350.0pt x 153.67542pt.

Underfull \hbox (badness 10000) detected at line 135
[][][]
 []

 <./da/d86/classparsing_1_1KeyValidator_a09db69c8ae81267a330d6430dcc29378_cgrap
h.pdf>
<da/d86/classparsing_1_1KeyValidator_a09db69c8ae81267a330d6430dcc29378_cgraph.p
df, id=3071, 334.24875pt x 111.41624pt>
File: da/d86/classparsing_1_1KeyValidator_a09db69c8ae81267a330d6430dcc29378_cgr
aph.pdf Graphic file (type pdf)
<use da/d86/classparsing_1_1KeyValidator_a09db69c8ae81267a330d6430dcc29378_cgra
ph.pdf>
Package pdftex.def Info: da/d86/classparsing_1_1KeyValidator_a09db69c8ae81267a3
30d6430dcc29378_cgraph.pdf  used on input line 151.
(pdftex.def)             Requested size: 333.0pt x 111.00964pt.
 [64] <./da/d86/classparsing_1_1KeyValidator_a09db69c8ae81267a330d6430dcc29378_
icgraph.pdf>
<da/d86/classparsing_1_1KeyValidator_a09db69c8ae81267a330d6430dcc29378_icgraph.
pdf, id=3090, 331.2375pt x 111.41624pt>
File: da/d86/classparsing_1_1KeyValidator_a09db69c8ae81267a330d6430dcc29378_icg
raph.pdf Graphic file (type pdf)
<use da/d86/classparsing_1_1KeyValidator_a09db69c8ae81267a330d6430dcc29378_icgr
aph.pdf>
Package pdftex.def Info: da/d86/classparsing_1_1KeyValidator_a09db69c8ae81267a3
30d6430dcc29378_icgraph.pdf  used on input line 159.
(pdftex.def)             Requested size: 330.0pt x 111.00455pt.

Underfull \hbox (badness 10000) detected at line 181
[][][]
 []

 <./da/d86/classparsing_1_1KeyValidator_aa1780ff0247f5d0112e11ed199cabd4d_cgrap
h.pdf>
<da/d86/classparsing_1_1KeyValidator_aa1780ff0247f5d0112e11ed199cabd4d_cgraph.p
df, id=3102, 334.24875pt x 111.41624pt>
File: da/d86/classparsing_1_1KeyValidator_aa1780ff0247f5d0112e11ed199cabd4d_cgr
aph.pdf Graphic file (type pdf)
<use da/d86/classparsing_1_1KeyValidator_aa1780ff0247f5d0112e11ed199cabd4d_cgra
ph.pdf>
Package pdftex.def Info: da/d86/classparsing_1_1KeyValidator_aa1780ff0247f5d011
2e11ed199cabd4d_cgraph.pdf  used on input line 197.
(pdftex.def)             Requested size: 333.0pt x 111.00964pt.
 [65] <./da/d86/classparsing_1_1KeyValidator_aa1780ff0247f5d0112e11ed199cabd4d_
icgraph.pdf>
<da/d86/classparsing_1_1KeyValidator_aa1780ff0247f5d0112e11ed199cabd4d_icgraph.
pdf, id=3120, 331.2375pt x 111.41624pt>
File: da/d86/classparsing_1_1KeyValidator_aa1780ff0247f5d0112e11ed199cabd4d_icg
raph.pdf Graphic file (type pdf)
<use da/d86/classparsing_1_1KeyValidator_aa1780ff0247f5d0112e11ed199cabd4d_icgr
aph.pdf>
Package pdftex.def Info: da/d86/classparsing_1_1KeyValidator_aa1780ff0247f5d011
2e11ed199cabd4d_icgraph.pdf  used on input line 205.
(pdftex.def)             Requested size: 330.0pt x 111.00455pt.

Underfull \hbox (badness 10000) detected at line 227
[][][]
 []

 <./da/d86/classparsing_1_1KeyValidator_a8a3ffe788064f6b32be35870aeeb792c_cgrap
h.pdf>
<da/d86/classparsing_1_1KeyValidator_a8a3ffe788064f6b32be35870aeeb792c_cgraph.p
df, id=3133, 477.785pt x 209.78375pt>
File: da/d86/classparsing_1_1KeyValidator_a8a3ffe788064f6b32be35870aeeb792c_cgr
aph.pdf Graphic file (type pdf)
<use da/d86/classparsing_1_1KeyValidator_a8a3ffe788064f6b32be35870aeeb792c_cgra
ph.pdf>
Package pdftex.def Info: da/d86/classparsing_1_1KeyValidator_a8a3ffe788064f6b32
be35870aeeb792c_cgraph.pdf  used on input line 243.
(pdftex.def)             Requested size: 350.0pt x 153.67542pt.
 [66]
Underfull \hbox (badness 10000) detected at line 258
[][][]
 []

 <./da/d86/classparsing_1_1KeyValidator_aa7432c84eeeff231350e606612f3483e_cgrap
h.pdf>
<da/d86/classparsing_1_1KeyValidator_aa7432c84eeeff231350e606612f3483e_cgraph.p
df, id=3165, 334.24875pt x 111.41624pt>
File: da/d86/classparsing_1_1KeyValidator_aa7432c84eeeff231350e606612f3483e_cgr
aph.pdf Graphic file (type pdf)
<use da/d86/classparsing_1_1KeyValidator_aa7432c84eeeff231350e606612f3483e_cgra
ph.pdf>
Package pdftex.def Info: da/d86/classparsing_1_1KeyValidator_aa7432c84eeeff2313
50e606612f3483e_cgraph.pdf  used on input line 292.
(pdftex.def)             Requested size: 333.0pt x 111.00964pt.
 [67] <./da/d86/classparsing_1_1KeyValidator_aa7432c84eeeff231350e606612f3483e_
icgraph.pdf>
<da/d86/classparsing_1_1KeyValidator_aa7432c84eeeff231350e606612f3483e_icgraph.
pdf, id=3182, 331.2375pt x 111.41624pt>
File: da/d86/classparsing_1_1KeyValidator_aa7432c84eeeff231350e606612f3483e_icg
raph.pdf Graphic file (type pdf)
<use da/d86/classparsing_1_1KeyValidator_aa7432c84eeeff231350e606612f3483e_icgr
aph.pdf>
Package pdftex.def Info: da/d86/classparsing_1_1KeyValidator_aa7432c84eeeff2313
50e606612f3483e_icgraph.pdf  used on input line 300.
(pdftex.def)             Requested size: 330.0pt x 111.00455pt.

Underfull \hbox (badness 10000) in paragraph at lines 310--311
\T1/pcr/m/n/8 std[]::unordered[]_[]map$\OML/cmm/m/it/8 <$\T1/pcr/m/n/8 std[]::s
tring[]_[]view, std[]::vector$\OML/cmm/m/it/8 <$\T1/pcr/m/n/8 std[]::string$\OM
L/cmm/m/it/8 >$ $>$ \T1/pcr/m/n/8 parsing[]::[]Key[]Validator[]::type[]
 []


Underfull \hbox (badness 10000) detected at line 319
[][][]
 []


Underfull \hbox (badness 10000) detected at line 339
[][][]
 []

[68]
Underfull \hbox (badness 10000) detected at line 359
[][][]
 []

) (./d4/d1d/classexceptions_1_1MissingKeyException.tex <./da/d25/classexception
s_1_1MissingKeyException__inherit__graph.pdf>
<da/d25/classexceptions_1_1MissingKeyException__inherit__graph.pdf, id=3205, 23
9.89626pt x 210.7875pt>
File: da/d25/classexceptions_1_1MissingKeyException__inherit__graph.pdf Graphic
 file (type pdf)
<use da/d25/classexceptions_1_1MissingKeyException__inherit__graph.pdf>
Package pdftex.def Info: da/d25/classexceptions_1_1MissingKeyException__inherit
__graph.pdf  used on input line 19.
(pdftex.def)             Requested size: 239.0pt x 210.00218pt.
 <./d5/d92/classexceptions_1_1MissingKeyException__coll__graph.pdf>
<d5/d92/classexceptions_1_1MissingKeyException__coll__graph.pdf, id=3213, 239.8
9626pt x 210.7875pt>
File: d5/d92/classexceptions_1_1MissingKeyException__coll__graph.pdf Graphic fi
le (type pdf)
<use d5/d92/classexceptions_1_1MissingKeyException__coll__graph.pdf>
Package pdftex.def Info: d5/d92/classexceptions_1_1MissingKeyException__coll__g
raph.pdf  used on input line 29.
(pdftex.def)             Requested size: 239.0pt x 210.00218pt.
 [69]
Underfull \hbox (badness 10000) detected at line 71
[][][]
 []

[70]) (./d5/d67/classexceptions_1_1MissingTypeException.tex <./d7/dd6/classexce
ptions_1_1MissingTypeException__inherit__graph.pdf>
<d7/dd6/classexceptions_1_1MissingTypeException__inherit__graph.pdf, id=3269, 2
44.915pt x 210.7875pt>
File: d7/dd6/classexceptions_1_1MissingTypeException__inherit__graph.pdf Graphi
c file (type pdf)
<use d7/dd6/classexceptions_1_1MissingTypeException__inherit__graph.pdf>
Package pdftex.def Info: d7/dd6/classexceptions_1_1MissingTypeException__inheri
t__graph.pdf  used on input line 19.
(pdftex.def)             Requested size: 244.0pt x 210.0054pt.
 [71] <./da/d0a/classexceptions_1_1MissingTypeException__coll__graph.pdf>
<da/d0a/classexceptions_1_1MissingTypeException__coll__graph.pdf, id=3287, 244.
915pt x 210.7875pt>
File: da/d0a/classexceptions_1_1MissingTypeException__coll__graph.pdf Graphic f
ile (type pdf)
<use da/d0a/classexceptions_1_1MissingTypeException__coll__graph.pdf>
Package pdftex.def Info: da/d0a/classexceptions_1_1MissingTypeException__coll__
graph.pdf  used on input line 29.
(pdftex.def)             Requested size: 244.0pt x 210.0054pt.
 [72]
Underfull \hbox (badness 10000) in paragraph at lines 99--100
\T1/pcr/m/n/8 std[]::string exceptions[]::[]Missing[]Type[]Exception[]::message
 = "Missing \"type\" key for at least one
 []

) (./d9/d05/classexceptions_1_1NoSuchDirException.tex <./d8/dcc/classexceptions
_1_1NoSuchDirException__inherit__graph.pdf>
<d8/dcc/classexceptions_1_1NoSuchDirException__inherit__graph.pdf, id=3321, 236
.885pt x 210.7875pt>
File: d8/dcc/classexceptions_1_1NoSuchDirException__inherit__graph.pdf Graphic 
file (type pdf)
<use d8/dcc/classexceptions_1_1NoSuchDirException__inherit__graph.pdf>
Package pdftex.def Info: d8/dcc/classexceptions_1_1NoSuchDirException__inherit_
_graph.pdf  used on input line 19.
(pdftex.def)             Requested size: 236.0pt x 210.0054pt.
 [73] <./df/ddf/classexceptions_1_1NoSuchDirException__coll__graph.pdf>
<df/ddf/classexceptions_1_1NoSuchDirException__coll__graph.pdf, id=3340, 236.88
5pt x 210.7875pt>
File: df/ddf/classexceptions_1_1NoSuchDirException__coll__graph.pdf Graphic fil
e (type pdf)
<use df/ddf/classexceptions_1_1NoSuchDirException__coll__graph.pdf>
Package pdftex.def Info: df/ddf/classexceptions_1_1NoSuchDirException__coll__gr
aph.pdf  used on input line 29.
(pdftex.def)             Requested size: 236.0pt x 210.0054pt.
 [74]) (./d1/d38/structoptions.tex [75]
Underfull \hbox (badness 10000) detected at line 19
[][][]
 []

) (./dc/de6/classexceptions_1_1ParsingException.tex <./d9/d0b/classexceptions_1
_1ParsingException__inherit__graph.pdf>
<d9/d0b/classexceptions_1_1ParsingException__inherit__graph.pdf, id=3388, 223.8
3624pt x 210.7875pt>
File: d9/d0b/classexceptions_1_1ParsingException__inherit__graph.pdf Graphic fi
le (type pdf)
<use d9/d0b/classexceptions_1_1ParsingException__inherit__graph.pdf>
Package pdftex.def Info: d9/d0b/classexceptions_1_1ParsingException__inherit__g
raph.pdf  used on input line 19.
(pdftex.def)             Requested size: 223.0pt x 210.0054pt.
 <./dc/d90/classexceptions_1_1ParsingException__coll__graph.pdf>
<dc/d90/classexceptions_1_1ParsingException__coll__graph.pdf, id=3396, 223.8362
4pt x 210.7875pt>
File: dc/d90/classexceptions_1_1ParsingException__coll__graph.pdf Graphic file 
(type pdf)
<use dc/d90/classexceptions_1_1ParsingException__coll__graph.pdf>
Package pdftex.def Info: dc/d90/classexceptions_1_1ParsingException__coll__grap
h.pdf  used on input line 29.
(pdftex.def)             Requested size: 223.0pt x 210.0054pt.
 [76]
Underfull \hbox (badness 10000) detected at line 67
[][][]
 []

[77]) (./d9/d52/classexceptions_1_1UnreachableCodeException.tex <./de/da9/class
exceptions_1_1UnreachableCodeException__inherit__graph.pdf>
<de/da9/classexceptions_1_1UnreachableCodeException__inherit__graph.pdf, id=344
8, 224.84pt x 221.82875pt>
File: de/da9/classexceptions_1_1UnreachableCodeException__inherit__graph.pdf Gr
aphic file (type pdf)
<use de/da9/classexceptions_1_1UnreachableCodeException__inherit__graph.pdf>
Package pdftex.def Info: de/da9/classexceptions_1_1UnreachableCodeException__in
herit__graph.pdf  used on input line 19.
(pdftex.def)             Requested size: 224.0pt x 221.00905pt.
 <./da/df6/classexceptions_1_1UnreachableCodeException__coll__graph.pdf>
<da/df6/classexceptions_1_1UnreachableCodeException__coll__graph.pdf, id=3456, 
224.84pt x 221.82875pt>
File: da/df6/classexceptions_1_1UnreachableCodeException__coll__graph.pdf Graph
ic file (type pdf)
<use da/df6/classexceptions_1_1UnreachableCodeException__coll__graph.pdf>
Package pdftex.def Info: da/df6/classexceptions_1_1UnreachableCodeException__co
ll__graph.pdf  used on input line 29.
(pdftex.def)             Requested size: 224.0pt x 221.00905pt.
 [78]
Overfull \hbox (18.34215pt too wide) in paragraph at lines 80--81
\T1/pcr/m/n/8 const char $\OMS/cmsy/m/n/8 ^^C$ \T1/pcr/m/n/8 exceptions[]::[]Un
reachable[]Code[]Exception[]::what ( ) const [inline], [override], [noexcept] 
 []

[79]) (./d6/d9e/classutilities_1_1Utils.tex [80]
Underfull \hbox (badness 10000) detected at line 52
[][][]
 []

 <./d6/d9e/classutilities_1_1Utils_a982a6227fd42d6437eaea4b6887df4ff_icgraph.pd
f>
<d6/d9e/classutilities_1_1Utils_a982a6227fd42d6437eaea4b6887df4ff_icgraph.pdf, 
id=3528, 436.63126pt x 148.555pt>
File: d6/d9e/classutilities_1_1Utils_a982a6227fd42d6437eaea4b6887df4ff_icgraph.
pdf Graphic file (type pdf)
<use d6/d9e/classutilities_1_1Utils_a982a6227fd42d6437eaea4b6887df4ff_icgraph.p
df>
Package pdftex.def Info: d6/d9e/classutilities_1_1Utils_a982a6227fd42d6437eaea4
b6887df4ff_icgraph.pdf  used on input line 64.
(pdftex.def)             Requested size: 350.0pt x 119.0799pt.
 <./d6/d9e/classutilities_1_1Utils_abf18cb6fd599bec6e8c55b62ee178640_icgraph.pd
f>
<d6/d9e/classutilities_1_1Utils_abf18cb6fd599bec6e8c55b62ee178640_icgraph.pdf, 
id=3538, 299.1175pt x 99.37125pt>
File: d6/d9e/classutilities_1_1Utils_abf18cb6fd599bec6e8c55b62ee178640_icgraph.
pdf Graphic file (type pdf)
<use d6/d9e/classutilities_1_1Utils_abf18cb6fd599bec6e8c55b62ee178640_icgraph.p
df>
Package pdftex.def Info: d6/d9e/classutilities_1_1Utils_abf18cb6fd599bec6e8c55b
62ee178640_icgraph.pdf  used on input line 91.
(pdftex.def)             Requested size: 298.0pt x 99.00708pt.
 [81]
Underfull \hbox (badness 10000) detected at line 111
[][][]
 []

 <./d6/d9e/classutilities_1_1Utils_ac07ca745d24efb547beec94f1d6acc11_icgraph.pd
f>
<d6/d9e/classutilities_1_1Utils_ac07ca745d24efb547beec94f1d6acc11_icgraph.pdf, 
id=3568, 443.6575pt x 99.37125pt>
File: d6/d9e/classutilities_1_1Utils_ac07ca745d24efb547beec94f1d6acc11_icgraph.
pdf Graphic file (type pdf)
<use d6/d9e/classutilities_1_1Utils_ac07ca745d24efb547beec94f1d6acc11_icgraph.p
df>
Package pdftex.def Info: d6/d9e/classutilities_1_1Utils_ac07ca745d24efb547beec9
4f1d6acc11_icgraph.pdf  used on input line 123.
(pdftex.def)             Requested size: 350.0pt x 78.39325pt.
 [82]
Underfull \hbox (badness 10000) detected at line 150
[][][]
 []

 <./d6/d9e/classutilities_1_1Utils_ad0ae5e5ca3f40a7c2de1667856f5e0bd_cgraph.pdf
>
<d6/d9e/classutilities_1_1Utils_ad0ae5e5ca3f40a7c2de1667856f5e0bd_cgraph.pdf, i
d=3593, 364.36125pt x 148.555pt>
File: d6/d9e/classutilities_1_1Utils_ad0ae5e5ca3f40a7c2de1667856f5e0bd_cgraph.p
df Graphic file (type pdf)
<use d6/d9e/classutilities_1_1Utils_ad0ae5e5ca3f40a7c2de1667856f5e0bd_cgraph.pd
f>
Package pdftex.def Info: d6/d9e/classutilities_1_1Utils_ad0ae5e5ca3f40a7c2de166
7856f5e0bd_cgraph.pdf  used on input line 166.
(pdftex.def)             Requested size: 350.0pt x 142.7041pt.
 <./d6/d9e/classutilities_1_1Utils_ad0ae5e5ca3f40a7c2de1667856f5e0bd_icgraph.pd
f>
<d6/d9e/classutilities_1_1Utils_ad0ae5e5ca3f40a7c2de1667856f5e0bd_icgraph.pdf, 
id=3601, 258.9675pt x 111.41624pt>
File: d6/d9e/classutilities_1_1Utils_ad0ae5e5ca3f40a7c2de1667856f5e0bd_icgraph.
pdf Graphic file (type pdf)
<use d6/d9e/classutilities_1_1Utils_ad0ae5e5ca3f40a7c2de1667856f5e0bd_icgraph.p
df>
Package pdftex.def Info: d6/d9e/classutilities_1_1Utils_ad0ae5e5ca3f40a7c2de166
7856f5e0bd_icgraph.pdf  used on input line 174.
(pdftex.def)             Requested size: 258.0pt x 111.01134pt.

Overfull \hbox (24.5968pt too wide) in paragraph at lines 198--199
[]\T1/phv/m/n/10 References [], [], [], [],
 []

 <./d6/d9e/classutilities_1_1Utils_aba875f8f5a9d060b28aabd965d3a5eb0_icgraph.pd
f>
<d6/d9e/classutilities_1_1Utils_aba875f8f5a9d060b28aabd965d3a5eb0_icgraph.pdf, 
id=3616, 275.0275pt x 111.41624pt>
File: d6/d9e/classutilities_1_1Utils_aba875f8f5a9d060b28aabd965d3a5eb0_icgraph.
pdf Graphic file (type pdf)
<use d6/d9e/classutilities_1_1Utils_aba875f8f5a9d060b28aabd965d3a5eb0_icgraph.p
df>
Package pdftex.def Info: d6/d9e/classutilities_1_1Utils_aba875f8f5a9d060b28aabd
965d3a5eb0_icgraph.pdf  used on input line 205.
(pdftex.def)             Requested size: 274.0pt x 111.00964pt.
 [83]) [84]
Chapter 10.
(./da/ddd/README_8md.tex) (./d1/d03/BatchCreator_8hpp.tex <./da/d34/BatchCreato
r_8hpp__incl.pdf>
<da/d34/BatchCreator_8hpp__incl.pdf, id=3643, 342.27875pt x 210.7875pt>
File: da/d34/BatchCreator_8hpp__incl.pdf Graphic file (type pdf)
<use da/d34/BatchCreator_8hpp__incl.pdf>
Package pdftex.def Info: da/d34/BatchCreator_8hpp__incl.pdf  used on input line
 16.
(pdftex.def)             Requested size: 341.0pt x 210.01506pt.
 <./d6/d53/BatchCreator_8hpp__dep__incl.pdf>
<d6/d53/BatchCreator_8hpp__dep__incl.pdf, id=3651, 315.1775pt x 155.58125pt>
File: d6/d53/BatchCreator_8hpp__dep__incl.pdf Graphic file (type pdf)
<use d6/d53/BatchCreator_8hpp__dep__incl.pdf>
Package pdftex.def Info: d6/d53/BatchCreator_8hpp__dep__incl.pdf  used on input
 line 24.
(pdftex.def)             Requested size: 314.0pt x 155.00873pt.
 [85

]
Underfull \hbox (badness 10000) detected at line 37
[][][]
 []


Underfull \hbox (badness 10000) detected at line 40
[][][]
 []


Underfull \hbox (badness 10000) detected at line 43
[][][]
 []


Underfull \hbox (badness 10000) detected at line 46
[][][]
 []


Underfull \hbox (badness 10000) detected at line 51
[][][]
 []

) (./d1/d03/BatchCreator_8hpp_source.tex [86])
(./d2/d5f/CommandLineHandler_8hpp.tex <./da/d32/CommandLineHandler_8hpp__incl.p
df>
<da/d32/CommandLineHandler_8hpp__incl.pdf, id=3699, 319.1925pt x 155.58125pt>
File: da/d32/CommandLineHandler_8hpp__incl.pdf Graphic file (type pdf)
<use da/d32/CommandLineHandler_8hpp__incl.pdf>
Package pdftex.def Info: da/d32/CommandLineHandler_8hpp__incl.pdf  used on inpu
t line 17.
(pdftex.def)             Requested size: 318.0pt x 155.0016pt.
 <./d4/dcd/CommandLineHandler_8hpp__dep__incl.pdf>
<d4/dcd/CommandLineHandler_8hpp__dep__incl.pdf, id=3707, 482.80376pt x 155.5812
5pt>
File: d4/dcd/CommandLineHandler_8hpp__dep__incl.pdf Graphic file (type pdf)
<use d4/dcd/CommandLineHandler_8hpp__dep__incl.pdf>
Package pdftex.def Info: d4/dcd/CommandLineHandler_8hpp__dep__incl.pdf  used on
 input line 25.
(pdftex.def)             Requested size: 350.0pt x 112.78995pt.
 [87]
Underfull \hbox (badness 10000) detected at line 48
[][][]
 []


Underfull \hbox (badness 10000) detected at line 51
[][][]
 []


Underfull \hbox (badness 10000) detected at line 54
[][][]
 []


Underfull \hbox (badness 10000) detected at line 59
[][][]
 []


Underfull \hbox (badness 10000) detected at line 70
[][][]
 []

) (./d2/d5f/CommandLineHandler_8hpp_source.tex [88]) (./d8/dfd/config_8hpp.tex 
<./d4/d28/config_8hpp__dep__incl.pdf>
<d4/d28/config_8hpp__dep__incl.pdf, id=3783, 1011.78pt x 265.99374pt>
File: d4/d28/config_8hpp__dep__incl.pdf Graphic file (type pdf)
<use d4/d28/config_8hpp__dep__incl.pdf>
Package pdftex.def Info: d4/d28/config_8hpp__dep__incl.pdf  used on input line 
13.
(pdftex.def)             Requested size: 350.0pt x 92.01552pt.
 [89]
Underfull \hbox (badness 10000) detected at line 47
[][][]
 []


Underfull \hbox (badness 10000) detected at line 50
[][][]
 []


Underfull \hbox (badness 10000) detected at line 53
[][][]
 []


Underfull \hbox (badness 10000) detected at line 58
[][][]
 []


Underfull \hbox (badness 10000) detected at line 61
[][][]
 []

) (./d8/dfd/config_8hpp_source.tex [90]) (./d2/de9/Exceptions_8hpp.tex <./d4/dc
e/Exceptions_8hpp__incl.pdf>
<d4/dce/Exceptions_8hpp__incl.pdf, id=3903, 321.2pt x 155.58125pt>
File: d4/dce/Exceptions_8hpp__incl.pdf Graphic file (type pdf)
<use d4/dce/Exceptions_8hpp__incl.pdf>
Package pdftex.def Info: d4/dce/Exceptions_8hpp__incl.pdf  used on input line 1
6.
(pdftex.def)             Requested size: 320.0pt x 155.00397pt.
 <./d6/d29/Exceptions_8hpp__dep__incl.pdf>
<d6/d29/Exceptions_8hpp__dep__incl.pdf, id=3918, 725.71124pt x 210.7875pt>
File: d6/d29/Exceptions_8hpp__dep__incl.pdf Graphic file (type pdf)
<use d6/d29/Exceptions_8hpp__dep__incl.pdf>
Package pdftex.def Info: d6/d29/Exceptions_8hpp__dep__incl.pdf  used on input l
ine 24.
(pdftex.def)             Requested size: 350.0pt x 101.66252pt.
 [91]
Underfull \hbox (badness 10000) detected at line 62
[][][]
 []


Underfull \hbox (badness 10000) detected at line 65
[][][]
 []


Underfull \hbox (badness 10000) detected at line 68
[][][]
 []


Underfull \hbox (badness 10000) detected at line 73
[][][]
 []

) (./d2/de9/Exceptions_8hpp_source.tex [92] [93] [94])
(./d0/de1/FileData_8hpp.tex <./d8/dca/FileData_8hpp__incl.pdf>
<d8/dca/FileData_8hpp__incl.pdf, id=4261, 249.93375pt x 155.58125pt>
File: d8/dca/FileData_8hpp__incl.pdf Graphic file (type pdf)
<use d8/dca/FileData_8hpp__incl.pdf>
Package pdftex.def Info: d8/dca/FileData_8hpp__incl.pdf  used on input line 16.

(pdftex.def)             Requested size: 249.0pt x 155.00635pt.
 <./dd/da3/FileData_8hpp__dep__incl.pdf>
<dd/da3/FileData_8hpp__dep__incl.pdf, id=4269, 563.10374pt x 210.7875pt>
File: dd/da3/FileData_8hpp__dep__incl.pdf Graphic file (type pdf)
<use dd/da3/FileData_8hpp__dep__incl.pdf>
Package pdftex.def Info: dd/da3/FileData_8hpp__dep__incl.pdf  used on input lin
e 24.
(pdftex.def)             Requested size: 350.0pt x 131.01497pt.
 [95]
Underfull \hbox (badness 10000) detected at line 42
[][][]
 []


Underfull \hbox (badness 10000) detected at line 45
[][][]
 []


Underfull \hbox (badness 10000) detected at line 48
[][][]
 []


Underfull \hbox (badness 10000) detected at line 51
[][][]
 []


Underfull \hbox (badness 10000) detected at line 56
[][][]
 []

) (./d0/de1/FileData_8hpp_source.tex [96]) (./d8/d7b/JsonHandler_8hpp.tex <./da
/d68/JsonHandler_8hpp__incl.pdf>
<da/d68/JsonHandler_8hpp__incl.pdf, id=4373, 490.83376pt x 210.7875pt>
File: da/d68/JsonHandler_8hpp__incl.pdf Graphic file (type pdf)
<use da/d68/JsonHandler_8hpp__incl.pdf>
Package pdftex.def Info: da/d68/JsonHandler_8hpp__incl.pdf  used on input line 
17.
(pdftex.def)             Requested size: 350.0pt x 150.30988pt.
 <./da/d5f/JsonHandler_8hpp__dep__incl.pdf>
<da/d5f/JsonHandler_8hpp__dep__incl.pdf, id=4381, 313.17pt x 155.58125pt>
File: da/d5f/JsonHandler_8hpp__dep__incl.pdf Graphic file (type pdf)
<use da/d5f/JsonHandler_8hpp__dep__incl.pdf>
Package pdftex.def Info: da/d5f/JsonHandler_8hpp__dep__incl.pdf  used on input 
line 25.
(pdftex.def)             Requested size: 312.0pt x 155.00635pt.

[97]
Underfull \hbox (badness 10000) detected at line 43
[][][]
 []


Underfull \hbox (badness 10000) detected at line 46
[][][]
 []


Underfull \hbox (badness 10000) detected at line 49
[][][]
 []


Underfull \hbox (badness 10000) detected at line 52
[][][]
 []


Underfull \hbox (badness 10000) detected at line 57
[][][]
 []

) (./d8/d7b/JsonHandler_8hpp_source.tex [98]) (./dc/d66/KeyValidator_8hpp.tex <
./d3/d4a/KeyValidator_8hpp__incl.pdf>
<d3/d4a/KeyValidator_8hpp__incl.pdf, id=4460, 429.605pt x 155.58125pt>
File: d3/d4a/KeyValidator_8hpp__incl.pdf Graphic file (type pdf)
<use d3/d4a/KeyValidator_8hpp__incl.pdf>
Package pdftex.def Info: d3/d4a/KeyValidator_8hpp__incl.pdf  used on input line
 17.
(pdftex.def)             Requested size: 350.0pt x 126.75366pt.
 <./dc/d96/KeyValidator_8hpp__dep__incl.pdf>
<dc/d96/KeyValidator_8hpp__dep__incl.pdf, id=4468, 385.44pt x 155.58125pt>
File: dc/d96/KeyValidator_8hpp__dep__incl.pdf Graphic file (type pdf)
<use dc/d96/KeyValidator_8hpp__dep__incl.pdf>
Package pdftex.def Info: dc/d96/KeyValidator_8hpp__dep__incl.pdf  used on input
 line 25.
(pdftex.def)             Requested size: 350.0pt x 141.27527pt.
 [99]
Underfull \hbox (badness 10000) detected at line 43
[][][]
 []


Underfull \hbox (badness 10000) detected at line 46
[][][]
 []


Underfull \hbox (badness 10000) detected at line 49
[][][]
 []


Underfull \hbox (badness 10000) detected at line 52
[][][]
 []


Underfull \hbox (badness 10000) detected at line 57
[][][]
 []

) (./dc/d66/KeyValidator_8hpp_source.tex [100]) (./d7/d09/Utils_8hpp.tex <./dd/
dda/Utils_8hpp__incl.pdf>
<dd/dda/Utils_8hpp__incl.pdf, id=4547, 321.2pt x 210.7875pt>
File: dd/dda/Utils_8hpp__incl.pdf Graphic file (type pdf)
<use dd/dda/Utils_8hpp__incl.pdf>
Package pdftex.def Info: dd/dda/Utils_8hpp__incl.pdf  used on input line 10.
(pdftex.def)             Requested size: 320.0pt x 210.0054pt.
 [101] <./d3/d79/Utils_8hpp__dep__incl.pdf>
<d3/d79/Utils_8hpp__dep__incl.pdf, id=4607, 279.0425pt x 155.58125pt>
File: d3/d79/Utils_8hpp__dep__incl.pdf Graphic file (type pdf)
<use d3/d79/Utils_8hpp__dep__incl.pdf>
Package pdftex.def Info: d3/d79/Utils_8hpp__dep__incl.pdf  used on input line 1
8.
(pdftex.def)             Requested size: 278.0pt x 155.00397pt.
)
(./d7/d09/Utils_8hpp_source.tex [102]) (./df/d0a/main_8cpp.tex <./da/dce/main_8
cpp__incl.pdf>
<da/dce/main_8cpp__incl.pdf, id=4637, 843.15pt x 265.99374pt>
File: da/dce/main_8cpp__incl.pdf Graphic file (type pdf)
<use da/dce/main_8cpp__incl.pdf>
Package pdftex.def Info: da/dce/main_8cpp__incl.pdf  used on input line 25.
(pdftex.def)             Requested size: 350.0pt x 110.4178pt.
 [103]
Underfull \hbox (badness 10000) detected at line 44
[][][]
 []


Underfull \hbox (badness 10000) detected at line 47
[][][]
 []


Underfull \hbox (badness 10000) detected at line 50
[][][]
 []


Underfull \hbox (badness 10000) detected at line 55
[][][]
 []

[104]
Underfull \hbox (badness 10000) detected at line 84
[][][]
 []


Underfull \hbox (badness 10000) in paragraph at lines 93--94
[]\T1/phv/m/n/10 References [], [], [],
 []

 <./df/d0a/main_8cpp_a0ddf1224851353fc92bfbff6f499fa97_cgraph.pdf>
<df/d0a/main_8cpp_a0ddf1224851353fc92bfbff6f499fa97_cgraph.pdf, id=4710, 960.58
875pt x 469.755pt>
File: df/d0a/main_8cpp_a0ddf1224851353fc92bfbff6f499fa97_cgraph.pdf Graphic fil
e (type pdf)
<use df/d0a/main_8cpp_a0ddf1224851353fc92bfbff6f499fa97_cgraph.pdf>
Package pdftex.def Info: df/d0a/main_8cpp_a0ddf1224851353fc92bfbff6f499fa97_cgr
aph.pdf  used on input line 100.
(pdftex.def)             Requested size: 350.0pt x 171.16168pt.

Underfull \hbox (badness 10000) detected at line 120
[][][]
 []


Overfull \hbox (55.77852pt too wide) in paragraph at lines 129--130
[]\T1/phv/m/n/10 References [], [], [],
 []

 <./df/d0a/main_8cpp_ad612c95526cdd7ff2fa78563c0cd666f_cgraph.pdf>
<df/d0a/main_8cpp_ad612c95526cdd7ff2fa78563c0cd666f_cgraph.pdf, id=4731, 537.00
626pt x 249.93375pt>
File: df/d0a/main_8cpp_ad612c95526cdd7ff2fa78563c0cd666f_cgraph.pdf Graphic fil
e (type pdf)
<use df/d0a/main_8cpp_ad612c95526cdd7ff2fa78563c0cd666f_cgraph.pdf>
Package pdftex.def Info: df/d0a/main_8cpp_ad612c95526cdd7ff2fa78563c0cd666f_cgr
aph.pdf  used on input line 136.
(pdftex.def)             Requested size: 350.0pt x 162.89738pt.
 [105] <./df/d0a/main_8cpp_ad612c95526cdd7ff2fa78563c0cd666f_icgraph.pdf>
<df/d0a/main_8cpp_ad612c95526cdd7ff2fa78563c0cd666f_icgraph.pdf, id=4752, 266.9
975pt x 99.37125pt>
File: df/d0a/main_8cpp_ad612c95526cdd7ff2fa78563c0cd666f_icgraph.pdf Graphic fi
le (type pdf)
<use df/d0a/main_8cpp_ad612c95526cdd7ff2fa78563c0cd666f_icgraph.pdf>
Package pdftex.def Info: df/d0a/main_8cpp_ad612c95526cdd7ff2fa78563c0cd666f_icg
raph.pdf  used on input line 144.
(pdftex.def)             Requested size: 266.0pt x 99.01012pt.
 <./df/d0a/main_8cpp_a7c8a82e43100bc97b6aad59a7f7d2f13_cgraph.pdf>
<df/d0a/main_8cpp_a7c8a82e43100bc97b6aad59a7f7d2f13_cgraph.pdf, id=4764, 776.90
25pt x 258.9675pt>
File: df/d0a/main_8cpp_a7c8a82e43100bc97b6aad59a7f7d2f13_cgraph.pdf Graphic fil
e (type pdf)
<use df/d0a/main_8cpp_a7c8a82e43100bc97b6aad59a7f7d2f13_cgraph.pdf>
Package pdftex.def Info: df/d0a/main_8cpp_a7c8a82e43100bc97b6aad59a7f7d2f13_cgr
aph.pdf  used on input line 175.
(pdftex.def)             Requested size: 350.0pt x 116.66864pt.
 [106] <./df/d0a/main_8cpp_a7c8a82e43100bc97b6aad59a7f7d2f13_icgraph.pdf>
<df/d0a/main_8cpp_a7c8a82e43100bc97b6aad59a7f7d2f13_icgraph.pdf, id=4781, 209.7
8375pt x 99.37125pt>
File: df/d0a/main_8cpp_a7c8a82e43100bc97b6aad59a7f7d2f13_icgraph.pdf Graphic fi
le (type pdf)
<use df/d0a/main_8cpp_a7c8a82e43100bc97b6aad59a7f7d2f13_icgraph.pdf>
Package pdftex.def Info: df/d0a/main_8cpp_a7c8a82e43100bc97b6aad59a7f7d2f13_icg
raph.pdf  used on input line 183.
(pdftex.def)             Requested size: 209.0pt x 98.99951pt.

Underfull \hbox (badness 10000) detected at line 201
[][][]
 []

 <./df/d0a/main_8cpp_a840f7844756bfb6f55373eb4e868483e_cgraph.pdf>
<df/d0a/main_8cpp_a840f7844756bfb6f55373eb4e868483e_cgraph.pdf, id=4792, 329.23
pt x 99.37125pt>
File: df/d0a/main_8cpp_a840f7844756bfb6f55373eb4e868483e_cgraph.pdf Graphic fil
e (type pdf)
<use df/d0a/main_8cpp_a840f7844756bfb6f55373eb4e868483e_cgraph.pdf>
Package pdftex.def Info: df/d0a/main_8cpp_a840f7844756bfb6f55373eb4e868483e_cgr
aph.pdf  used on input line 217.
(pdftex.def)             Requested size: 328.0pt x 99.00253pt.
 [107] <./df/d0a/main_8cpp_a840f7844756bfb6f55373eb4e868483e_icgraph.pdf>
<df/d0a/main_8cpp_a840f7844756bfb6f55373eb4e868483e_icgraph.pdf, id=4808, 224.8
4pt x 99.37125pt>
File: df/d0a/main_8cpp_a840f7844756bfb6f55373eb4e868483e_icgraph.pdf Graphic fi
le (type pdf)
<use df/d0a/main_8cpp_a840f7844756bfb6f55373eb4e868483e_icgraph.pdf>
Package pdftex.def Info: df/d0a/main_8cpp_a840f7844756bfb6f55373eb4e868483e_icg
raph.pdf  used on input line 225.
(pdftex.def)             Requested size: 224.0pt x 99.00406pt.
)
(./df/d0a/main_8cpp_source.tex [108] [109]) (./dc/d85/BatchCreator_8cpp.tex <./
de/d6a/BatchCreator_8cpp__incl.pdf>
<de/d6a/BatchCreator_8cpp__incl.pdf, id=4994, 472.76625pt x 265.99374pt>
File: de/d6a/BatchCreator_8cpp__incl.pdf Graphic file (type pdf)
<use de/d6a/BatchCreator_8cpp__incl.pdf>
Package pdftex.def Info: de/d6a/BatchCreator_8cpp__incl.pdf  used on input line
 16.
(pdftex.def)             Requested size: 350.0pt x 196.92563pt.

Underfull \hbox (badness 10000) detected at line 24
[][][]
 []


Underfull \hbox (badness 10000) detected at line 27
[][][]
 []

[110]
Underfull \hbox (badness 10000) detected at line 30
[][][]
 []


Underfull \hbox (badness 10000) detected at line 33
[][][]
 []


Underfull \hbox (badness 10000) detected at line 36
[][][]
 []

) (./dc/d85/BatchCreator_8cpp_source.tex [111])
(./dc/db7/CommandLineHandler_8cpp.tex <./dc/d9c/CommandLineHandler_8cpp__incl.p
df>
<dc/d9c/CommandLineHandler_8cpp__incl.pdf, id=5131, 632.3625pt x 210.7875pt>
File: dc/d9c/CommandLineHandler_8cpp__incl.pdf Graphic file (type pdf)
<use dc/d9c/CommandLineHandler_8cpp__incl.pdf>
Package pdftex.def Info: dc/d9c/CommandLineHandler_8cpp__incl.pdf  used on inpu
t line 20.
(pdftex.def)             Requested size: 350.0pt x 116.66681pt.
 [112]
Underfull \hbox (badness 10000) detected at line 33
[][][]
 []


Underfull \hbox (badness 10000) detected at line 36
[][][]
 []


Underfull \hbox (badness 10000) detected at line 39
[][][]
 []


Underfull \hbox (badness 10000) detected at line 42
[][][]
 []


Underfull \hbox (badness 10000) detected at line 45
[][][]
 []

) (./dc/db7/CommandLineHandler_8cpp_source.tex [113] [114])
(./d2/dc5/FileData_8cpp.tex <./d2/d56/FileData_8cpp__incl.pdf>
<d2/d56/FileData_8cpp__incl.pdf, id=5345, 450.68375pt x 210.7875pt>
File: d2/d56/FileData_8cpp__incl.pdf Graphic file (type pdf)
<use d2/d56/FileData_8cpp__incl.pdf>
Package pdftex.def Info: d2/d56/FileData_8cpp__incl.pdf  used on input line 16.

(pdftex.def)             Requested size: 350.0pt x 163.706pt.

Underfull \hbox (badness 10000) detected at line 29
[][][]
 []


Underfull \hbox (badness 10000) detected at line 32
[][][]
 []


Underfull \hbox (badness 10000) detected at line 35
[][][]
 []


Underfull \hbox (badness 10000) detected at line 38
[][][]
 []


Underfull \hbox (badness 10000) detected at line 41
[][][]
 []

) (./d2/dc5/FileData_8cpp_source.tex [115]) (./d0/d2b/JsonHandler_8cpp.tex
[116] <./de/d03/JsonHandler_8cpp__incl.pdf>
<de/d03/JsonHandler_8cpp__incl.pdf, id=5483, 892.33376pt x 265.99374pt>
File: de/d03/JsonHandler_8cpp__incl.pdf Graphic file (type pdf)
<use de/d03/JsonHandler_8cpp__incl.pdf>
Package pdftex.def Info: de/d03/JsonHandler_8cpp__incl.pdf  used on input line 
18.
(pdftex.def)             Requested size: 350.0pt x 104.32971pt.

Underfull \hbox (badness 10000) detected at line 31
[][][]
 []


Underfull \hbox (badness 10000) detected at line 34
[][][]
 []


Underfull \hbox (badness 10000) detected at line 37
[][][]
 []


Underfull \hbox (badness 10000) detected at line 40
[][][]
 []


Underfull \hbox (badness 10000) detected at line 43
[][][]
 []

) (./d0/d2b/JsonHandler_8cpp_source.tex [117] [118])
(./d4/d9d/KeyValidator_8cpp.tex <./dd/d2f/KeyValidator_8cpp__incl.pdf>
<dd/d2f/KeyValidator_8cpp__incl.pdf, id=5642, 692.5875pt x 210.7875pt>
File: dd/d2f/KeyValidator_8cpp__incl.pdf Graphic file (type pdf)
<use dd/d2f/KeyValidator_8cpp__incl.pdf>
Package pdftex.def Info: dd/d2f/KeyValidator_8cpp__incl.pdf  used on input line
 19.
(pdftex.def)             Requested size: 350.0pt x 106.52243pt.

Underfull \hbox (badness 10000) detected at line 32
[][][]
 []

[119]
Underfull \hbox (badness 10000) detected at line 35
[][][]
 []


Underfull \hbox (badness 10000) detected at line 38
[][][]
 []


Underfull \hbox (badness 10000) detected at line 41
[][][]
 []


Underfull \hbox (badness 10000) detected at line 44
[][][]
 []

) (./d4/d9d/KeyValidator_8cpp_source.tex [120] [121]) (./df/d0c/Utils_8cpp.tex 
<./de/d88/Utils_8cpp__incl.pdf>
<de/d88/Utils_8cpp__incl.pdf, id=5850, 591.20876pt x 265.99374pt>
File: de/d88/Utils_8cpp__incl.pdf Graphic file (type pdf)
<use de/d88/Utils_8cpp__incl.pdf>
Package pdftex.def Info: de/d88/Utils_8cpp__incl.pdf  used on input line 20.
(pdftex.def)             Requested size: 350.0pt x 157.47475pt.

Underfull \hbox (badness 10000) detected at line 33
[][][]
 []


Underfull \hbox (badness 10000) detected at line 36
[][][]
 []

[122]
Underfull \hbox (badness 10000) detected at line 39
[][][]
 []


Underfull \hbox (badness 10000) detected at line 44
[][][]
 []


Underfull \hbox (badness 10000) detected at line 47
[][][]
 []

) (./df/d0c/Utils_8cpp_source.tex [123]) [124] (./refman.ind
LaTeX Font Info:    Font shape `T1/phv/m/n' will be
(Font)              scaled to size 22.39185pt on input line 1.
 [125



] [126]
[127] [128

]) (./refman.aux)
Package rerunfilecheck Info: File `refman.out' has not changed.
(rerunfilecheck)             Checksum: 2AA5694AF1F00D6EE9FB3FB29EFD2138;59464.
 ) 
Here is how much of TeX's memory you used:
 21806 strings out of 476025
 429162 string characters out of 5796497
 1875388 words of memory out of 5000000
 39549 multiletter control sequences out of 15000+600000
 572154 words of font info for 111 fonts, out of 8000000 for 9000
 1141 hyphenation exceptions out of 8191
 101i,16n,117p,734b,740s stack positions out of 10000i,1000n,20000p,200000b,200000s
</usr/share/texmf-dist/fonts/type1/public/amsfonts/cm/cmmi10.pfb></usr/share/
texmf-dist/fonts/type1/public/amsfonts/cm/cmmi7.pfb></usr/share/texmf-dist/font
s/type1/public/amsfonts/cm/cmmi8.pfb></usr/share/texmf-dist/fonts/type1/public/
amsfonts/cm/cmmi9.pfb></usr/share/texmf-dist/fonts/type1/public/amsfonts/cm/cms
y10.pfb></usr/share/texmf-dist/fonts/type1/public/amsfonts/cm/cmsy7.pfb></usr/s
hare/texmf-dist/fonts/type1/public/amsfonts/cm/cmsy8.pfb></usr/share/texmf-dist
/fonts/type1/urw/courier/ucrb8a.pfb></usr/share/texmf-dist/fonts/type1/urw/cour
ier/ucrr8a.pfb></usr/share/texmf-dist/fonts/type1/urw/courier/ucrro8a.pfb></usr
/share/texmf-dist/fonts/type1/urw/helvetic/uhvb8a.pfb></usr/share/texmf-dist/fo
nts/type1/urw/helvetic/uhvb8ac.pfb></usr/share/texmf-dist/fonts/type1/urw/helve
tic/uhvr8a.pfb></usr/share/texmf-dist/fonts/type1/urw/helvetic/uhvro8a.pfb>
Output written on refman.pdf (138 pages, 1141229 bytes).
PDF statistics:
 6795 PDF objects out of 7423 (max. 8388607)
 6198 compressed objects within 62 object streams
 2066 named destinations out of 2073 (max. 500000)
 2763 words of extra memory for PDF output out of 10000 (max. 10000000)

