\BOOKMARK [0][-]{chapter.1}{\376\377\0001\000\040\000R\000E\000A\000D\000M\000E}{}% 1
\BOOKMARK [1][-]{section.1.1}{\376\377\0001\000.\0001\000\040\000R\000E\000A\000D\000M\000E}{chapter.1}% 2
\BOOKMARK [2][-]{subsection.1.1.1}{\376\377\0001\000.\0001\000.\0001\000\040\000C\000u\000r\000r\000e\000n\000t\000\040\000w\000o\000r\000k\000f\000l\000o\000w\000s\000:}{section.1.1}% 3
\BOOKMARK [2][-]{subsection.1.1.2}{\376\377\0001\000.\0001\000.\0002\000\040\000R\000e\000g\000a\000r\000d\000i\000n\000g\000\040\000c\000o\000d\000i\000n\000g\000\040\000s\000t\000y\000l\000e\000\040\000\050\000?\000\051\000:}{section.1.1}% 4
\BOOKMARK [2][-]{subsection.1.1.3}{\376\377\0001\000.\0001\000.\0003\000\040\000G\000i\000t\000\040\000\050\000?\000\051\000:}{section.1.1}% 5
\BOOKMARK [0][-]{chapter.2}{\376\377\0002\000\040\000T\000o\000d\000o\000\040\000L\000i\000s\000t}{}% 6
\BOOKMARK [0][-]{chapter.3}{\376\377\0003\000\040\000N\000a\000m\000e\000s\000p\000a\000c\000e\000\040\000I\000n\000d\000e\000x}{}% 7
\BOOKMARK [1][-]{section.3.1}{\376\377\0003\000.\0001\000\040\000N\000a\000m\000e\000s\000p\000a\000c\000e\000\040\000L\000i\000s\000t}{chapter.3}% 8
\BOOKMARK [0][-]{chapter.4}{\376\377\0004\000\040\000F\000i\000l\000e\000\040\000I\000n\000d\000e\000x}{}% 9
\BOOKMARK [1][-]{section.4.1}{\376\377\0004\000.\0001\000\040\000F\000i\000l\000e\000\040\000L\000i\000s\000t}{chapter.4}% 10
\BOOKMARK [0][-]{chapter.5}{\376\377\0005\000\040\000N\000a\000m\000e\000s\000p\000a\000c\000e\000\040\000D\000o\000c\000u\000m\000e\000n\000t\000a\000t\000i\000o\000n}{}% 11
\BOOKMARK [1][-]{section.5.1}{\376\377\0005\000.\0001\000\040\000W\000I\000P\000\040\000N\000a\000m\000e\000s\000p\000a\000c\000e\000\040\000R\000e\000f\000e\000r\000e\000n\000c\000e}{chapter.5}% 12
\BOOKMARK [2][-]{subsection.5.1.1}{\376\377\0005\000.\0001\000.\0001\000\040\000D\000e\000t\000a\000i\000l\000e\000d\000\040\000D\000e\000s\000c\000r\000i\000p\000t\000i\000o\000n}{section.5.1}% 13
\BOOKMARK [2][-]{subsection.5.1.2}{\376\377\0005\000.\0001\000.\0002\000\040\000F\000u\000n\000c\000t\000i\000o\000n\000\040\000D\000o\000c\000u\000m\000e\000n\000t\000a\000t\000i\000o\000n}{section.5.1}% 14
\BOOKMARK [3][-]{subsubsection.5.1.2.1}{\376\377\0005\000.\0001\000.\0002\000.\0001\000\040\000e\000x\000a\000m\000p\000l\000e\000E\000a\000s\000y\000L\000o\000g\000g\000i\000n\000g\000\050\000\051}{subsection.5.1.2}% 15
\BOOKMARK [0][-]{chapter.6}{\376\377\0006\000\040\000F\000i\000l\000e\000\040\000D\000o\000c\000u\000m\000e\000n\000t\000a\000t\000i\000o\000n}{}% 16
\BOOKMARK [1][-]{section.6.1}{\376\377\0006\000.\0001\000\040\000R\000E\000A\000D\000M\000E\000.\000m\000d\000\040\000F\000i\000l\000e\000\040\000R\000e\000f\000e\000r\000e\000n\000c\000e}{chapter.6}% 17
\BOOKMARK [1][-]{section.6.2}{\376\377\0006\000.\0002\000\040\000s\000r\000c\000/\000m\000a\000i\000n\000.\000c\000p\000p\000\040\000F\000i\000l\000e\000\040\000R\000e\000f\000e\000r\000e\000n\000c\000e}{chapter.6}% 18
\BOOKMARK [2][-]{subsection.6.2.1}{\376\377\0006\000.\0002\000.\0001\000\040\000F\000u\000n\000c\000t\000i\000o\000n\000\040\000D\000o\000c\000u\000m\000e\000n\000t\000a\000t\000i\000o\000n}{section.6.2}% 19
\BOOKMARK [3][-]{subsubsection.6.2.1.1}{\376\377\0006\000.\0002\000.\0001\000.\0001\000\040\000m\000a\000i\000n\000\050\000\051}{subsection.6.2.1}% 20
\BOOKMARK [1][-]{section.6.3}{\376\377\0006\000.\0003\000\040\000m\000a\000i\000n\000.\000c\000p\000p}{chapter.6}% 21
\BOOKMARK [0][-]{section*.4}{\376\377\000I\000n\000d\000e\000x}{}% 22
